<?xml version="1.0" encoding="UTF-8"?>
<coverage generated="1576583721174" clover="3.2.0">
  <project timestamp="1576583721175" name="All files">
    <metrics statements="450" coveredstatements="401" conditionals="156" coveredconditionals="106" methods="194" coveredmethods="169" elements="800" coveredelements="676" complexity="0" loc="450" ncloc="450" packages="20" files="53" classes="53"/>
    <package name="components.App.common.Footer">
      <metrics statements="1" coveredstatements="1" conditionals="0" coveredconditionals="0" methods="1" coveredmethods="1"/>
      <file name="Footer.jsx" path="C:\Users\Tsani\Desktop\JS-WEB\Social-Media-Project\social-media-iwi-app\client\iwi-app\src\components\App\common\Footer\Footer.jsx">
        <metrics statements="1" coveredstatements="1" conditionals="0" coveredconditionals="0" methods="1" coveredmethods="1"/>
        <line num="4" count="2" type="stmt"/>
      </file>
    </package>
    <package name="components.App.common.Header">
      <metrics statements="9" coveredstatements="9" conditionals="6" coveredconditionals="5" methods="3" coveredmethods="3"/>
      <file name="Header.jsx" path="C:\Users\Tsani\Desktop\JS-WEB\Social-Media-Project\social-media-iwi-app\client\iwi-app\src\components\App\common\Header\Header.jsx">
        <metrics statements="2" coveredstatements="2" conditionals="2" coveredconditionals="1" methods="1" coveredmethods="1"/>
        <line num="7" count="3" type="stmt"/>
        <line num="28" count="1" type="stmt"/>
      </file>
      <file name="Nav.jsx" path="C:\Users\Tsani\Desktop\JS-WEB\Social-Media-Project\social-media-iwi-app\client\iwi-app\src\components\App\common\Header\Nav.jsx">
        <metrics statements="7" coveredstatements="7" conditionals="4" coveredconditionals="4" methods="2" coveredmethods="2"/>
        <line num="12" count="8" type="stmt"/>
        <line num="14" count="8" type="stmt"/>
        <line num="19" count="2" type="cond" truecount="2" falsecount="0"/>
        <line num="20" count="1" type="stmt"/>
        <line num="22" count="1" type="stmt"/>
        <line num="25" count="2" type="stmt"/>
        <line num="53" count="2" type="stmt"/>
      </file>
    </package>
    <package name="components.ChatComponents">
      <metrics statements="18" coveredstatements="16" conditionals="12" coveredconditionals="8" methods="9" coveredmethods="7"/>
      <file name="Message.jsx" path="C:\Users\Tsani\Desktop\JS-WEB\Social-Media-Project\social-media-iwi-app\client\iwi-app\src\components\ChatComponents\Message.jsx">
        <metrics statements="2" coveredstatements="2" conditionals="4" coveredconditionals="2" methods="1" coveredmethods="1"/>
        <line num="7" count="4" type="stmt"/>
        <line num="18" count="3" type="stmt"/>
      </file>
      <file name="Messages.jsx" path="C:\Users\Tsani\Desktop\JS-WEB\Social-Media-Project\social-media-iwi-app\client\iwi-app\src\components\ChatComponents\Messages.jsx">
        <metrics statements="5" coveredstatements="5" conditionals="2" coveredconditionals="1" methods="2" coveredmethods="2"/>
        <line num="7" count="5" type="stmt"/>
        <line num="13" count="5" type="cond" truecount="1" falsecount="1"/>
        <line num="14" count="5" type="stmt"/>
        <line num="16" count="5" type="stmt"/>
        <line num="31" count="2" type="stmt"/>
      </file>
      <file name="OnlineUsers.jsx" path="C:\Users\Tsani\Desktop\JS-WEB\Social-Media-Project\social-media-iwi-app\client\iwi-app\src\components\ChatComponents\OnlineUsers.jsx">
        <metrics statements="4" coveredstatements="4" conditionals="4" coveredconditionals="4" methods="2" coveredmethods="2"/>
        <line num="8" count="7" type="stmt"/>
        <line num="10" count="7" type="stmt"/>
        <line num="16" count="6" type="stmt"/>
        <line num="31" count="1" type="stmt"/>
      </file>
      <file name="Room.jsx" path="C:\Users\Tsani\Desktop\JS-WEB\Social-Media-Project\social-media-iwi-app\client\iwi-app\src\components\ChatComponents\Room.jsx">
        <metrics statements="5" coveredstatements="3" conditionals="0" coveredconditionals="0" methods="3" coveredmethods="1"/>
        <line num="8" count="7" type="stmt"/>
        <line num="9" count="0" type="stmt"/>
        <line num="10" count="0" type="stmt"/>
        <line num="14" count="7" type="stmt"/>
        <line num="39" count="1" type="stmt"/>
      </file>
      <file name="UserChatCard.jsx" path="C:\Users\Tsani\Desktop\JS-WEB\Social-Media-Project\social-media-iwi-app\client\iwi-app\src\components\ChatComponents\UserChatCard.jsx">
        <metrics statements="2" coveredstatements="2" conditionals="2" coveredconditionals="1" methods="1" coveredmethods="1"/>
        <line num="6" count="5" type="stmt"/>
        <line num="16" count="4" type="stmt"/>
      </file>
    </package>
    <package name="components.CommentComponents">
      <metrics statements="38" coveredstatements="35" conditionals="12" coveredconditionals="8" methods="24" coveredmethods="19"/>
      <file name="Comment.jsx" path="C:\Users\Tsani\Desktop\JS-WEB\Social-Media-Project\social-media-iwi-app\client\iwi-app\src\components\CommentComponents\Comment.jsx">
        <metrics statements="31" coveredstatements="30" conditionals="4" coveredconditionals="4" methods="20" coveredmethods="17"/>
        <line num="11" count="18" type="stmt"/>
        <line num="14" count="18" type="stmt"/>
        <line num="16" count="18" type="stmt"/>
        <line num="18" count="18" type="stmt"/>
        <line num="20" count="18" type="stmt"/>
        <line num="21" count="18" type="stmt"/>
        <line num="23" count="18" type="stmt"/>
        <line num="27" count="18" type="stmt"/>
        <line num="28" count="6" type="stmt"/>
        <line num="29" count="0" type="stmt"/>
        <line num="34" count="18" type="stmt"/>
        <line num="35" count="1" type="stmt"/>
        <line num="36" count="1" type="stmt"/>
        <line num="37" count="1" type="stmt"/>
        <line num="40" count="1" type="stmt"/>
        <line num="43" count="18" type="stmt"/>
        <line num="44" count="1" type="stmt"/>
        <line num="45" count="1" type="stmt"/>
        <line num="46" count="1" type="stmt"/>
        <line num="49" count="1" type="stmt"/>
        <line num="50" count="1" type="stmt"/>
        <line num="51" count="1" type="stmt"/>
        <line num="55" count="18" type="stmt"/>
        <line num="56" count="2" type="stmt"/>
        <line num="59" count="18" type="stmt"/>
        <line num="60" count="1" type="stmt"/>
        <line num="63" count="18" type="stmt"/>
        <line num="64" count="1" type="stmt"/>
        <line num="65" count="1" type="stmt"/>
        <line num="69" count="18" type="stmt"/>
        <line num="108" count="2" type="stmt"/>
      </file>
      <file name="CommentContainer.jsx" path="C:\Users\Tsani\Desktop\JS-WEB\Social-Media-Project\social-media-iwi-app\client\iwi-app\src\components\CommentComponents\CommentContainer.jsx">
        <metrics statements="2" coveredstatements="2" conditionals="6" coveredconditionals="4" methods="1" coveredmethods="1"/>
        <line num="7" count="17" type="stmt"/>
        <line num="28" count="3" type="stmt"/>
      </file>
      <file name="CommentMeta.jsx" path="C:\Users\Tsani\Desktop\JS-WEB\Social-Media-Project\social-media-iwi-app\client\iwi-app\src\components\CommentComponents\CommentMeta.jsx">
        <metrics statements="2" coveredstatements="2" conditionals="0" coveredconditionals="0" methods="1" coveredmethods="1"/>
        <line num="6" count="16" type="stmt"/>
        <line num="14" count="3" type="stmt"/>
      </file>
      <file name="CommentsList.jsx" path="C:\Users\Tsani\Desktop\JS-WEB\Social-Media-Project\social-media-iwi-app\client\iwi-app\src\components\CommentComponents\CommentsList.jsx">
        <metrics statements="3" coveredstatements="1" conditionals="2" coveredconditionals="0" methods="2" coveredmethods="0"/>
        <line num="7" count="0" type="stmt"/>
        <line num="13" count="0" type="stmt"/>
        <line num="33" count="1" type="stmt"/>
      </file>
    </package>
    <package name="components.DiscoverComponents">
      <metrics statements="3" coveredstatements="3" conditionals="0" coveredconditionals="0" methods="1" coveredmethods="1"/>
      <file name="UserCard.jsx" path="C:\Users\Tsani\Desktop\JS-WEB\Social-Media-Project\social-media-iwi-app\client\iwi-app\src\components\DiscoverComponents\UserCard.jsx">
        <metrics statements="3" coveredstatements="3" conditionals="0" coveredconditionals="0" methods="1" coveredmethods="1"/>
        <line num="6" count="7" type="stmt"/>
        <line num="8" count="7" type="stmt"/>
        <line num="21" count="5" type="stmt"/>
      </file>
    </package>
    <package name="components.Dropdown">
      <metrics statements="6" coveredstatements="6" conditionals="0" coveredconditionals="0" methods="2" coveredmethods="2"/>
      <file name="Dropdown.css" path="C:\Users\Tsani\Desktop\JS-WEB\Social-Media-Project\social-media-iwi-app\client\iwi-app\src\components\Dropdown\Dropdown.css">
        <metrics statements="3" coveredstatements="3" conditionals="0" coveredconditionals="0" methods="0" coveredmethods="0"/>
        <line num="1" count="3" type="stmt"/>
        <line num="3" count="3" type="stmt"/>
        <line num="4" count="3" type="stmt"/>
      </file>
      <file name="Dropdown.jsx" path="C:\Users\Tsani\Desktop\JS-WEB\Social-Media-Project\social-media-iwi-app\client\iwi-app\src\components\Dropdown\Dropdown.jsx">
        <metrics statements="3" coveredstatements="3" conditionals="0" coveredconditionals="0" methods="2" coveredmethods="2"/>
        <line num="9" count="6" type="stmt"/>
        <line num="14" count="6" type="stmt"/>
        <line num="21" count="3" type="stmt"/>
      </file>
    </package>
    <package name="components.Forms">
      <metrics statements="72" coveredstatements="68" conditionals="31" coveredconditionals="30" methods="20" coveredmethods="16"/>
      <file name="CommentForm.jsx" path="C:\Users\Tsani\Desktop\JS-WEB\Social-Media-Project\social-media-iwi-app\client\iwi-app\src\components\Forms\CommentForm.jsx">
        <metrics statements="6" coveredstatements="6" conditionals="8" coveredconditionals="8" methods="2" coveredmethods="2"/>
        <line num="7" count="13" type="stmt"/>
        <line num="10" count="2" type="cond" truecount="4" falsecount="0"/>
        <line num="11" count="1" type="stmt"/>
        <line num="16" count="1" type="stmt"/>
        <line num="20" count="13" type="stmt"/>
        <line num="34" count="2" type="stmt"/>
      </file>
      <file name="EditFeedForm.jsx" path="C:\Users\Tsani\Desktop\JS-WEB\Social-Media-Project\social-media-iwi-app\client\iwi-app\src\components\Forms\EditFeedForm.jsx">
        <metrics statements="5" coveredstatements="5" conditionals="2" coveredconditionals="2" methods="2" coveredmethods="2"/>
        <line num="6" count="11" type="stmt"/>
        <line num="7" count="1" type="stmt"/>
        <line num="8" count="1" type="stmt"/>
        <line num="11" count="11" type="stmt"/>
        <line num="26" count="1" type="stmt"/>
      </file>
      <file name="EditProfilePicForm.jsx" path="C:\Users\Tsani\Desktop\JS-WEB\Social-Media-Project\social-media-iwi-app\client\iwi-app\src\components\Forms\EditProfilePicForm.jsx">
        <metrics statements="17" coveredstatements="16" conditionals="6" coveredconditionals="5" methods="4" coveredmethods="3"/>
        <line num="6" count="1" type="stmt"/>
        <line num="9" count="11" type="stmt"/>
        <line num="13" count="11" type="stmt"/>
        <line num="14" count="1" type="stmt"/>
        <line num="16" count="1" type="cond" truecount="3" falsecount="1"/>
        <line num="17" count="1" type="stmt"/>
        <line num="18" count="1" type="stmt"/>
        <line num="20" count="1" type="stmt"/>
        <line num="22" count="1" type="stmt"/>
        <line num="23" count="0" type="stmt"/>
        <line num="28" count="1" type="stmt"/>
        <line num="32" count="11" type="stmt"/>
        <line num="33" count="1" type="stmt"/>
        <line num="35" count="1" type="stmt"/>
        <line num="37" count="1" type="stmt"/>
        <line num="44" count="22" type="stmt"/>
        <line num="60" count="1" type="stmt"/>
      </file>
      <file name="EditUserInfoForm.jsx" path="C:\Users\Tsani\Desktop\JS-WEB\Social-Media-Project\social-media-iwi-app\client\iwi-app\src\components\Forms\EditUserInfoForm.jsx">
        <metrics statements="8" coveredstatements="8" conditionals="0" coveredconditionals="0" methods="3" coveredmethods="3"/>
        <line num="8" count="1" type="stmt"/>
        <line num="16" count="1" type="stmt"/>
        <line num="26" count="7" type="stmt"/>
        <line num="64" count="7" type="stmt"/>
        <line num="65" count="1" type="stmt"/>
        <line num="67" count="1" type="stmt"/>
        <line num="73" count="7" type="stmt"/>
        <line num="84" count="1" type="stmt"/>
      </file>
      <file name="MessageForm.jsx" path="C:\Users\Tsani\Desktop\JS-WEB\Social-Media-Project\social-media-iwi-app\client\iwi-app\src\components\Forms\MessageForm.jsx">
        <metrics statements="2" coveredstatements="2" conditionals="0" coveredconditionals="0" methods="1" coveredmethods="1"/>
        <line num="5" count="11" type="stmt"/>
        <line num="24" count="2" type="stmt"/>
      </file>
      <file name="PostForm.jsx" path="C:\Users\Tsani\Desktop\JS-WEB\Social-Media-Project\social-media-iwi-app\client\iwi-app\src\components\Forms\PostForm.jsx">
        <metrics statements="30" coveredstatements="27" conditionals="13" coveredconditionals="13" methods="6" coveredmethods="3"/>
        <line num="7" count="2" type="stmt"/>
        <line num="10" count="19" type="stmt"/>
        <line num="15" count="19" type="stmt"/>
        <line num="16" count="4" type="stmt"/>
        <line num="18" count="4" type="stmt"/>
        <line num="20" count="4" type="cond" truecount="4" falsecount="0"/>
        <line num="21" count="2" type="stmt"/>
        <line num="22" count="2" type="stmt"/>
        <line num="24" count="2" type="cond" truecount="2" falsecount="0"/>
        <line num="25" count="1" type="stmt"/>
        <line num="29" count="1" type="stmt"/>
        <line num="32" count="1" type="stmt"/>
        <line num="34" count="1" type="stmt"/>
        <line num="35" count="0" type="stmt"/>
        <line num="40" count="1" type="stmt"/>
        <line num="43" count="3" type="stmt"/>
        <line num="48" count="19" type="stmt"/>
        <line num="49" count="2" type="stmt"/>
        <line num="52" count="2" type="cond" truecount="4" falsecount="0"/>
        <line num="54" count="1" type="stmt"/>
        <line num="59" count="1" type="stmt"/>
        <line num="60" count="1" type="stmt"/>
        <line num="64" count="2" type="stmt"/>
        <line num="65" count="2" type="stmt"/>
        <line num="68" count="19" type="stmt"/>
        <line num="69" count="0" type="stmt"/>
        <line num="70" count="0" type="stmt"/>
        <line num="74" count="43" type="stmt"/>
        <line num="76" count="43" type="stmt"/>
        <line num="111" count="2" type="stmt"/>
      </file>
      <file name="SearchForm.jsx" path="C:\Users\Tsani\Desktop\JS-WEB\Social-Media-Project\social-media-iwi-app\client\iwi-app\src\components\Forms\SearchForm.jsx">
        <metrics statements="4" coveredstatements="4" conditionals="2" coveredconditionals="2" methods="2" coveredmethods="2"/>
        <line num="6" count="9" type="stmt"/>
        <line num="7" count="1" type="stmt"/>
        <line num="10" count="9" type="stmt"/>
        <line num="23" count="1" type="stmt"/>
      </file>
    </package>
    <package name="components.Modals">
      <metrics statements="6" coveredstatements="6" conditionals="4" coveredconditionals="4" methods="4" coveredmethods="4"/>
      <file name="DeleteModal.jsx" path="C:\Users\Tsani\Desktop\JS-WEB\Social-Media-Project\social-media-iwi-app\client\iwi-app\src\components\Modals\DeleteModal.jsx">
        <metrics statements="3" coveredstatements="3" conditionals="2" coveredconditionals="2" methods="2" coveredmethods="2"/>
        <line num="5" count="10" type="stmt"/>
        <line num="13" count="1" type="stmt"/>
        <line num="21" count="3" type="stmt"/>
      </file>
      <file name="Modal.jsx" path="C:\Users\Tsani\Desktop\JS-WEB\Social-Media-Project\social-media-iwi-app\client\iwi-app\src\components\Modals\Modal.jsx">
        <metrics statements="3" coveredstatements="3" conditionals="2" coveredconditionals="2" methods="2" coveredmethods="2"/>
        <line num="6" count="12" type="stmt"/>
        <line num="19" count="10" type="stmt"/>
        <line num="32" count="3" type="stmt"/>
      </file>
    </package>
    <package name="components.PostComponents">
      <metrics statements="8" coveredstatements="8" conditionals="12" coveredconditionals="6" methods="4" coveredmethods="4"/>
      <file name="CreatePostForm.jsx" path="C:\Users\Tsani\Desktop\JS-WEB\Social-Media-Project\social-media-iwi-app\client\iwi-app\src\components\PostComponents\CreatePostForm.jsx">
        <metrics statements="2" coveredstatements="2" conditionals="0" coveredconditionals="0" methods="1" coveredmethods="1"/>
        <line num="7" count="5" type="stmt"/>
        <line num="17" count="1" type="stmt"/>
      </file>
      <file name="PostBtnsBar.jsx" path="C:\Users\Tsani\Desktop\JS-WEB\Social-Media-Project\social-media-iwi-app\client\iwi-app\src\components\PostComponents\PostBtnsBar.jsx">
        <metrics statements="2" coveredstatements="2" conditionals="8" coveredconditionals="3" methods="1" coveredmethods="1"/>
        <line num="7" count="3" type="stmt"/>
        <line num="42" count="1" type="stmt"/>
      </file>
      <file name="PostMeta.jsx" path="C:\Users\Tsani\Desktop\JS-WEB\Social-Media-Project\social-media-iwi-app\client\iwi-app\src\components\PostComponents\PostMeta.jsx">
        <metrics statements="2" coveredstatements="2" conditionals="2" coveredconditionals="1" methods="1" coveredmethods="1"/>
        <line num="6" count="5" type="stmt"/>
        <line num="31" count="1" type="stmt"/>
      </file>
      <file name="UploadedImagePreview.jsx" path="C:\Users\Tsani\Desktop\JS-WEB\Social-Media-Project\social-media-iwi-app\client\iwi-app\src\components\PostComponents\UploadedImagePreview.jsx">
        <metrics statements="2" coveredstatements="2" conditionals="2" coveredconditionals="2" methods="1" coveredmethods="1"/>
        <line num="5" count="6" type="stmt"/>
        <line num="17" count="3" type="stmt"/>
      </file>
    </package>
    <package name="components.UserInfoComponents">
      <metrics statements="3" coveredstatements="3" conditionals="0" coveredconditionals="0" methods="1" coveredmethods="1"/>
      <file name="UserDataLink.jsx" path="C:\Users\Tsani\Desktop\JS-WEB\Social-Media-Project\social-media-iwi-app\client\iwi-app\src\components\UserInfoComponents\UserDataLink.jsx">
        <metrics statements="3" coveredstatements="3" conditionals="0" coveredconditionals="0" methods="1" coveredmethods="1"/>
        <line num="7" count="12" type="stmt"/>
        <line num="9" count="12" type="stmt"/>
        <line num="17" count="3" type="stmt"/>
      </file>
    </package>
    <package name="config">
      <metrics statements="3" coveredstatements="3" conditionals="0" coveredconditionals="0" methods="0" coveredmethods="0"/>
      <file name="config.js" path="C:\Users\Tsani\Desktop\JS-WEB\Social-Media-Project\social-media-iwi-app\client\iwi-app\src\config\config.js">
        <metrics statements="3" coveredstatements="3" conditionals="0" coveredconditionals="0" methods="0" coveredmethods="0"/>
        <line num="1" count="17" type="stmt"/>
        <line num="2" count="17" type="stmt"/>
        <line num="4" count="17" type="stmt"/>
      </file>
    </package>
    <package name="hooks">
      <metrics statements="10" coveredstatements="10" conditionals="4" coveredconditionals="3" methods="5" coveredmethods="5"/>
      <file name="useForms.js" path="C:\Users\Tsani\Desktop\JS-WEB\Social-Media-Project\social-media-iwi-app\client\iwi-app\src\hooks\useForms.js">
        <metrics statements="10" coveredstatements="10" conditionals="4" coveredconditionals="3" methods="5" coveredmethods="5"/>
        <line num="5" count="33" type="stmt"/>
        <line num="7" count="33" type="stmt"/>
        <line num="8" count="4" type="stmt"/>
        <line num="10" count="4" type="stmt"/>
        <line num="13" count="4" type="cond" truecount="3" falsecount="1"/>
        <line num="14" count="4" type="stmt"/>
        <line num="18" count="33" type="stmt"/>
        <line num="19" count="4" type="stmt"/>
        <line num="21" count="4" type="stmt"/>
        <line num="24" count="33" type="stmt"/>
      </file>
    </package>
    <package name="services">
      <metrics statements="132" coveredstatements="117" conditionals="0" coveredconditionals="0" methods="75" coveredmethods="64"/>
      <file name="authService.js" path="C:\Users\Tsani\Desktop\JS-WEB\Social-Media-Project\social-media-iwi-app\client\iwi-app\src\services\authService.js">
        <metrics statements="20" coveredstatements="18" conditionals="0" coveredconditionals="0" methods="10" coveredmethods="8"/>
        <line num="8" count="1" type="stmt"/>
        <line num="9" count="1" type="stmt"/>
        <line num="10" count="0" type="stmt"/>
        <line num="13" count="1" type="stmt"/>
        <line num="23" count="1" type="stmt"/>
        <line num="28" count="1" type="stmt"/>
        <line num="29" count="1" type="stmt"/>
        <line num="30" count="0" type="stmt"/>
        <line num="33" count="1" type="stmt"/>
        <line num="41" count="1" type="stmt"/>
        <line num="44" count="1" type="stmt"/>
        <line num="45" count="1" type="stmt"/>
        <line num="46" count="1" type="stmt"/>
        <line num="47" count="1" type="stmt"/>
        <line num="48" count="1" type="stmt"/>
        <line num="53" count="1" type="stmt"/>
        <line num="58" count="1" type="stmt"/>
        <line num="59" count="1" type="stmt"/>
        <line num="67" count="1" type="stmt"/>
        <line num="71" count="1" type="stmt"/>
      </file>
      <file name="chatService.js" path="C:\Users\Tsani\Desktop\JS-WEB\Social-Media-Project\social-media-iwi-app\client\iwi-app\src\services\chatService.js">
        <metrics statements="13" coveredstatements="3" conditionals="0" coveredconditionals="0" methods="9" coveredmethods="2"/>
        <line num="2" count="1" type="stmt"/>
        <line num="4" count="1" type="stmt"/>
        <line num="5" count="1" type="stmt"/>
        <line num="6" count="0" type="stmt"/>
        <line num="7" count="0" type="stmt"/>
        <line num="13" count="0" type="stmt"/>
        <line num="15" count="0" type="stmt"/>
        <line num="16" count="0" type="stmt"/>
        <line num="17" count="0" type="stmt"/>
        <line num="23" count="0" type="stmt"/>
        <line num="25" count="0" type="stmt"/>
        <line num="26" count="0" type="stmt"/>
        <line num="27" count="0" type="stmt"/>
      </file>
      <file name="commentsService.js" path="C:\Users\Tsani\Desktop\JS-WEB\Social-Media-Project\social-media-iwi-app\client\iwi-app\src\services\commentsService.js">
        <metrics statements="21" coveredstatements="20" conditionals="0" coveredconditionals="0" methods="12" coveredmethods="11"/>
        <line num="8" count="6" type="stmt"/>
        <line num="16" count="0" type="stmt"/>
        <line num="20" count="6" type="stmt"/>
        <line num="24" count="1" type="stmt"/>
        <line num="25" count="1" type="stmt"/>
        <line num="28" count="1" type="stmt"/>
        <line num="37" count="1" type="stmt"/>
        <line num="38" count="1" type="stmt"/>
        <line num="42" count="1" type="stmt"/>
        <line num="47" count="1" type="stmt"/>
        <line num="48" count="1" type="stmt"/>
        <line num="57" count="1" type="stmt"/>
        <line num="63" count="1" type="stmt"/>
        <line num="64" count="1" type="stmt"/>
        <line num="73" count="1" type="stmt"/>
        <line num="78" count="1" type="stmt"/>
        <line num="79" count="1" type="stmt"/>
        <line num="81" count="1" type="stmt"/>
        <line num="89" count="1" type="stmt"/>
        <line num="90" count="1" type="stmt"/>
        <line num="94" count="1" type="stmt"/>
      </file>
      <file name="postsService.js" path="C:\Users\Tsani\Desktop\JS-WEB\Social-Media-Project\social-media-iwi-app\client\iwi-app\src\services\postsService.js">
        <metrics statements="36" coveredstatements="36" conditionals="0" coveredconditionals="0" methods="22" coveredmethods="22"/>
        <line num="9" count="1" type="stmt"/>
        <line num="10" count="1" type="stmt"/>
        <line num="11" count="1" type="stmt"/>
        <line num="19" count="1" type="stmt"/>
        <line num="23" count="1" type="stmt"/>
        <line num="28" count="1" type="stmt"/>
        <line num="29" count="1" type="stmt"/>
        <line num="31" count="1" type="stmt"/>
        <line num="39" count="1" type="stmt"/>
        <line num="43" count="1" type="stmt"/>
        <line num="48" count="1" type="stmt"/>
        <line num="49" count="1" type="stmt"/>
        <line num="51" count="1" type="stmt"/>
        <line num="59" count="1" type="stmt"/>
        <line num="63" count="1" type="stmt"/>
        <line num="68" count="1" type="stmt"/>
        <line num="69" count="1" type="stmt"/>
        <line num="70" count="1" type="stmt"/>
        <line num="78" count="1" type="stmt"/>
        <line num="82" count="1" type="stmt"/>
        <line num="87" count="1" type="stmt"/>
        <line num="88" count="1" type="stmt"/>
        <line num="97" count="1" type="stmt"/>
        <line num="102" count="1" type="stmt"/>
        <line num="103" count="1" type="stmt"/>
        <line num="112" count="1" type="stmt"/>
        <line num="117" count="1" type="stmt"/>
        <line num="118" count="1" type="stmt"/>
        <line num="120" count="1" type="stmt"/>
        <line num="128" count="1" type="stmt"/>
        <line num="132" count="1" type="stmt"/>
        <line num="137" count="1" type="stmt"/>
        <line num="138" count="1" type="stmt"/>
        <line num="140" count="1" type="stmt"/>
        <line num="149" count="1" type="stmt"/>
        <line num="153" count="1" type="stmt"/>
      </file>
      <file name="usersService.js" path="C:\Users\Tsani\Desktop\JS-WEB\Social-Media-Project\social-media-iwi-app\client\iwi-app\src\services\usersService.js">
        <metrics statements="42" coveredstatements="40" conditionals="0" coveredconditionals="0" methods="22" coveredmethods="21"/>
        <line num="11" count="1" type="stmt"/>
        <line num="12" count="1" type="stmt"/>
        <line num="14" count="1" type="stmt"/>
        <line num="22" count="1" type="stmt"/>
        <line num="26" count="1" type="stmt"/>
        <line num="31" count="1" type="stmt"/>
        <line num="32" count="1" type="stmt"/>
        <line num="34" count="1" type="stmt"/>
        <line num="42" count="1" type="stmt"/>
        <line num="43" count="1" type="stmt"/>
        <line num="47" count="1" type="stmt"/>
        <line num="52" count="1" type="stmt"/>
        <line num="53" count="1" type="stmt"/>
        <line num="55" count="1" type="stmt"/>
        <line num="63" count="1" type="stmt"/>
        <line num="64" count="1" type="stmt"/>
        <line num="68" count="1" type="stmt"/>
        <line num="73" count="1" type="stmt"/>
        <line num="74" count="1" type="stmt"/>
        <line num="76" count="1" type="stmt"/>
        <line num="84" count="1" type="stmt"/>
        <line num="85" count="1" type="stmt"/>
        <line num="89" count="1" type="stmt"/>
        <line num="94" count="1" type="stmt"/>
        <line num="95" count="1" type="stmt"/>
        <line num="97" count="1" type="stmt"/>
        <line num="106" count="1" type="stmt"/>
        <line num="107" count="1" type="stmt"/>
        <line num="108" count="1" type="stmt"/>
        <line num="112" count="1" type="stmt"/>
        <line num="117" count="1" type="stmt"/>
        <line num="118" count="1" type="stmt"/>
        <line num="120" count="1" type="stmt"/>
        <line num="128" count="1" type="stmt"/>
        <line num="129" count="1" type="stmt"/>
        <line num="133" count="1" type="stmt"/>
        <line num="138" count="1" type="stmt"/>
        <line num="139" count="1" type="stmt"/>
        <line num="141" count="1" type="stmt"/>
        <line num="152" count="0" type="stmt"/>
        <line num="153" count="0" type="stmt"/>
        <line num="157" count="1" type="stmt"/>
      </file>
    </package>
    <package name="store.actions.authActions">
      <metrics statements="12" coveredstatements="12" conditionals="0" coveredconditionals="0" methods="6" coveredmethods="6"/>
      <file name="actionTypes.js" path="C:\Users\Tsani\Desktop\JS-WEB\Social-Media-Project\social-media-iwi-app\client\iwi-app\src\store\actions\authActions\actionTypes.js">
        <metrics statements="6" coveredstatements="6" conditionals="0" coveredconditionals="0" methods="0" coveredmethods="0"/>
        <line num="1" count="3" type="stmt"/>
        <line num="2" count="3" type="stmt"/>
        <line num="3" count="3" type="stmt"/>
        <line num="4" count="3" type="stmt"/>
        <line num="5" count="3" type="stmt"/>
        <line num="6" count="3" type="stmt"/>
      </file>
      <file name="actionsCreator.js" path="C:\Users\Tsani\Desktop\JS-WEB\Social-Media-Project\social-media-iwi-app\client\iwi-app\src\store\actions\authActions\actionsCreator.js">
        <metrics statements="6" coveredstatements="6" conditionals="0" coveredconditionals="0" methods="6" coveredmethods="6"/>
        <line num="4" count="2" type="stmt"/>
        <line num="11" count="1" type="stmt"/>
        <line num="18" count="3" type="stmt"/>
        <line num="25" count="2" type="stmt"/>
        <line num="32" count="2" type="stmt"/>
        <line num="39" count="1" type="stmt"/>
      </file>
    </package>
    <package name="store.actions.errorsActions">
      <metrics statements="4" coveredstatements="4" conditionals="0" coveredconditionals="0" methods="2" coveredmethods="2"/>
      <file name="actionTypes.js" path="C:\Users\Tsani\Desktop\JS-WEB\Social-Media-Project\social-media-iwi-app\client\iwi-app\src\store\actions\errorsActions\actionTypes.js">
        <metrics statements="2" coveredstatements="2" conditionals="0" coveredconditionals="0" methods="0" coveredmethods="0"/>
        <line num="1" count="3" type="stmt"/>
        <line num="2" count="3" type="stmt"/>
      </file>
      <file name="actionsCreator.js" path="C:\Users\Tsani\Desktop\JS-WEB\Social-Media-Project\social-media-iwi-app\client\iwi-app\src\store\actions\errorsActions\actionsCreator.js">
        <metrics statements="2" coveredstatements="2" conditionals="0" coveredconditionals="0" methods="2" coveredmethods="2"/>
        <line num="4" count="1" type="stmt"/>
        <line num="11" count="1" type="stmt"/>
      </file>
    </package>
    <package name="store.actions.fetchStatusActions">
      <metrics statements="6" coveredstatements="6" conditionals="0" coveredconditionals="0" methods="3" coveredmethods="3"/>
      <file name="actionTypes.js" path="C:\Users\Tsani\Desktop\JS-WEB\Social-Media-Project\social-media-iwi-app\client\iwi-app\src\store\actions\fetchStatusActions\actionTypes.js">
        <metrics statements="3" coveredstatements="3" conditionals="0" coveredconditionals="0" methods="0" coveredmethods="0"/>
        <line num="1" count="7" type="stmt"/>
        <line num="2" count="7" type="stmt"/>
        <line num="3" count="7" type="stmt"/>
      </file>
      <file name="actionsCreator.js" path="C:\Users\Tsani\Desktop\JS-WEB\Social-Media-Project\social-media-iwi-app\client\iwi-app\src\store\actions\fetchStatusActions\actionsCreator.js">
        <metrics statements="3" coveredstatements="3" conditionals="0" coveredconditionals="0" methods="3" coveredmethods="3"/>
        <line num="4" count="16" type="stmt"/>
        <line num="10" count="23" type="stmt"/>
        <line num="16" count="1" type="stmt"/>
      </file>
    </package>
    <package name="store.actions.postsAtions">
      <metrics statements="26" coveredstatements="25" conditionals="0" coveredconditionals="0" methods="13" coveredmethods="12"/>
      <file name="actionTypes.js" path="C:\Users\Tsani\Desktop\JS-WEB\Social-Media-Project\social-media-iwi-app\client\iwi-app\src\store\actions\postsAtions\actionTypes.js">
        <metrics statements="13" coveredstatements="13" conditionals="0" coveredconditionals="0" methods="0" coveredmethods="0"/>
        <line num="1" count="6" type="stmt"/>
        <line num="2" count="6" type="stmt"/>
        <line num="3" count="6" type="stmt"/>
        <line num="4" count="6" type="stmt"/>
        <line num="5" count="6" type="stmt"/>
        <line num="6" count="6" type="stmt"/>
        <line num="7" count="6" type="stmt"/>
        <line num="8" count="6" type="stmt"/>
        <line num="9" count="6" type="stmt"/>
        <line num="10" count="6" type="stmt"/>
        <line num="11" count="6" type="stmt"/>
        <line num="12" count="6" type="stmt"/>
        <line num="13" count="6" type="stmt"/>
      </file>
      <file name="actionsCreator.js" path="C:\Users\Tsani\Desktop\JS-WEB\Social-Media-Project\social-media-iwi-app\client\iwi-app\src\store\actions\postsAtions\actionsCreator.js">
        <metrics statements="13" coveredstatements="12" conditionals="0" coveredconditionals="0" methods="13" coveredmethods="12"/>
        <line num="4" count="1" type="stmt"/>
        <line num="11" count="1" type="stmt"/>
        <line num="18" count="1" type="stmt"/>
        <line num="25" count="1" type="stmt"/>
        <line num="32" count="1" type="stmt"/>
        <line num="39" count="1" type="stmt"/>
        <line num="46" count="1" type="stmt"/>
        <line num="53" count="1" type="stmt"/>
        <line num="60" count="0" type="stmt"/>
        <line num="66" count="2" type="stmt"/>
        <line num="73" count="1" type="stmt"/>
        <line num="80" count="1" type="stmt"/>
        <line num="87" count="1" type="stmt"/>
      </file>
    </package>
    <package name="store.actions.usersActions">
      <metrics statements="8" coveredstatements="8" conditionals="0" coveredconditionals="0" methods="4" coveredmethods="4"/>
      <file name="actionTypes.js" path="C:\Users\Tsani\Desktop\JS-WEB\Social-Media-Project\social-media-iwi-app\client\iwi-app\src\store\actions\usersActions\actionTypes.js">
        <metrics statements="4" coveredstatements="4" conditionals="0" coveredconditionals="0" methods="0" coveredmethods="0"/>
        <line num="1" count="1" type="stmt"/>
        <line num="2" count="1" type="stmt"/>
        <line num="3" count="1" type="stmt"/>
        <line num="4" count="1" type="stmt"/>
      </file>
      <file name="actionsCreator.js" path="C:\Users\Tsani\Desktop\JS-WEB\Social-Media-Project\social-media-iwi-app\client\iwi-app\src\store\actions\usersActions\actionsCreator.js">
        <metrics statements="4" coveredstatements="4" conditionals="0" coveredconditionals="0" methods="4" coveredmethods="4"/>
        <line num="4" count="1" type="stmt"/>
        <line num="11" count="1" type="stmt"/>
        <line num="18" count="1" type="stmt"/>
        <line num="25" count="1" type="stmt"/>
      </file>
    </package>
    <package name="store.reducers.postsReducer">
      <metrics statements="28" coveredstatements="28" conditionals="22" coveredconditionals="20" methods="8" coveredmethods="8"/>
      <file name="postsReducer.js" path="C:\Users\Tsani\Desktop\JS-WEB\Social-Media-Project\social-media-iwi-app\client\iwi-app\src\store\reducers\postsReducer\postsReducer.js">
        <metrics statements="28" coveredstatements="28" conditionals="22" coveredconditionals="20" methods="8" coveredmethods="8"/>
        <line num="4" count="1" type="stmt"/>
        <line num="11" count="6" type="cond" truecount="1" falsecount="1"/>
        <line num="13" count="6" type="cond" truecount="2" falsecount="0"/>
        <line num="14" count="1" type="stmt"/>
        <line num="17" count="5" type="stmt"/>
        <line num="21" count="2" type="cond" truecount="1" falsecount="1"/>
        <line num="23" count="2" type="stmt"/>
        <line num="27" count="4" type="stmt"/>
        <line num="28" count="4" type="stmt"/>
        <line num="30" count="4" type="stmt"/>
        <line num="31" count="2" type="stmt"/>
        <line num="32" count="2" type="stmt"/>
        <line num="35" count="2" type="cond" truecount="2" falsecount="0"/>
        <line num="36" count="1" type="stmt"/>
        <line num="38" count="1" type="stmt"/>
        <line num="42" count="4" type="stmt"/>
        <line num="46" count="13" type="cond" truecount="13" falsecount="0"/>
        <line num="50" count="3" type="stmt"/>
        <line num="52" count="1" type="stmt"/>
        <line num="54" count="1" type="stmt"/>
        <line num="56" count="1" type="stmt"/>
        <line num="58" count="1" type="stmt"/>
        <line num="60" count="1" type="stmt"/>
        <line num="62" count="1" type="stmt"/>
        <line num="64" count="1" type="stmt"/>
        <line num="66" count="1" type="stmt"/>
        <line num="68" count="1" type="stmt"/>
        <line num="70" count="1" type="stmt"/>
      </file>
    </package>
    <package name="utils">
      <metrics statements="57" coveredstatements="33" conditionals="53" coveredconditionals="22" methods="9" coveredmethods="7"/>
      <file name="axiosRequest.js" path="C:\Users\Tsani\Desktop\JS-WEB\Social-Media-Project\social-media-iwi-app\client\iwi-app\src\utils\axiosRequest.js">
        <metrics statements="11" coveredstatements="5" conditionals="10" coveredconditionals="4" methods="1" coveredmethods="1"/>
        <line num="4" count="28" type="stmt"/>
        <line num="5" count="28" type="cond" truecount="1" falsecount="1"/>
        <line num="6" count="0" type="stmt"/>
        <line num="9" count="28" type="stmt"/>
        <line num="16" count="22" type="stmt"/>
        <line num="18" count="22" type="cond" truecount="1" falsecount="1"/>
        <line num="21" count="0" type="cond" truecount="0" falsecount="2"/>
        <line num="22" count="0" type="stmt"/>
        <line num="23" count="0" type="cond" truecount="0" falsecount="2"/>
        <line num="24" count="0" type="stmt"/>
        <line num="27" count="0" type="stmt"/>
      </file>
      <file name="calcTime.js" path="C:\Users\Tsani\Desktop\JS-WEB\Social-Media-Project\social-media-iwi-app\client\iwi-app\src\utils\calcTime.js">
        <metrics statements="14" coveredstatements="13" conditionals="12" coveredconditionals="6" methods="2" coveredmethods="2"/>
        <line num="2" count="16" type="stmt"/>
        <line num="3" count="16" type="stmt"/>
        <line num="4" count="16" type="cond" truecount="1" falsecount="1"/>
        <line num="5" count="16" type="cond" truecount="1" falsecount="1"/>
        <line num="6" count="16" type="stmt"/>
        <line num="7" count="16" type="cond" truecount="1" falsecount="1"/>
        <line num="8" count="16" type="stmt"/>
        <line num="9" count="16" type="cond" truecount="1" falsecount="1"/>
        <line num="10" count="16" type="stmt"/>
        <line num="11" count="16" type="cond" truecount="1" falsecount="1"/>
        <line num="12" count="16" type="stmt"/>
        <line num="13" count="16" type="stmt"/>
        <line num="15" count="16" type="cond" truecount="1" falsecount="1"/>
        <line num="16" count="0" type="stmt"/>
      </file>
      <file name="fetchRequest.js" path="C:\Users\Tsani\Desktop\JS-WEB\Social-Media-Project\social-media-iwi-app\client\iwi-app\src\utils\fetchRequest.js">
        <metrics statements="11" coveredstatements="0" conditionals="12" coveredconditionals="0" methods="1" coveredmethods="0"/>
        <line num="2" count="0" type="stmt"/>
        <line num="3" count="0" type="cond" truecount="0" falsecount="2"/>
        <line num="4" count="0" type="stmt"/>
        <line num="8" count="0" type="cond" truecount="0" falsecount="2"/>
        <line num="10" count="0" type="stmt"/>
        <line num="16" count="0" type="stmt"/>
        <line num="18" count="0" type="cond" truecount="0" falsecount="4"/>
        <line num="19" count="0" type="cond" truecount="0" falsecount="2"/>
        <line num="22" count="0" type="cond" truecount="0" falsecount="2"/>
        <line num="24" count="0" type="stmt"/>
        <line num="26" count="0" type="stmt"/>
      </file>
      <file name="getFieldStyles.js" path="C:\Users\Tsani\Desktop\JS-WEB\Social-Media-Project\social-media-iwi-app\client\iwi-app\src\utils\getFieldStyles.js">
        <metrics statements="2" coveredstatements="1" conditionals="2" coveredconditionals="1" methods="1" coveredmethods="1"/>
        <line num="4" count="21" type="cond" truecount="1" falsecount="1"/>
        <line num="5" count="0" type="stmt"/>
      </file>
      <file name="httpRequest.js" path="C:\Users\Tsani\Desktop\JS-WEB\Social-Media-Project\social-media-iwi-app\client\iwi-app\src\utils\httpRequest.js">
        <metrics statements="16" coveredstatements="11" conditionals="14" coveredconditionals="8" methods="3" coveredmethods="2"/>
        <line num="8" count="28" type="stmt"/>
        <line num="9" count="28" type="cond" truecount="2" falsecount="0"/>
        <line num="10" count="28" type="cond" truecount="2" falsecount="0"/>
        <line num="12" count="28" type="stmt"/>
        <line num="13" count="22" type="cond" truecount="1" falsecount="1"/>
        <line num="14" count="22" type="stmt"/>
        <line num="17" count="22" type="cond" truecount="2" falsecount="0"/>
        <line num="18" count="17" type="stmt"/>
        <line num="22" count="28" type="stmt"/>
        <line num="23" count="0" type="cond" truecount="0" falsecount="2"/>
        <line num="24" count="0" type="stmt"/>
        <line num="27" count="0" type="cond" truecount="0" falsecount="2"/>
        <line num="28" count="0" type="stmt"/>
        <line num="32" count="28" type="cond" truecount="1" falsecount="1"/>
        <line num="33" count="0" type="stmt"/>
        <line num="35" count="28" type="stmt"/>
      </file>
      <file name="isImage.js" path="C:\Users\Tsani\Desktop\JS-WEB\Social-Media-Project\social-media-iwi-app\client\iwi-app\src\utils\isImage.js">
        <metrics statements="3" coveredstatements="3" conditionals="3" coveredconditionals="3" methods="1" coveredmethods="1"/>
        <line num="3" count="2" type="cond" truecount="3" falsecount="0"/>
        <line num="6" count="1" type="stmt"/>
        <line num="8" count="1" type="stmt"/>
      </file>
    </package>
  </project>
</coverage>
