{"C:\\Users\\Tsani\\Desktop\\JS-WEB\\Social-Media-Project\\social-media-iwi-app\\client\\iwi-app\\src\\components\\App\\common\\Footer\\Footer.jsx": {"path":"C:\\Users\\Tsani\\Desktop\\JS-WEB\\Social-Media-Project\\social-media-iwi-app\\client\\iwi-app\\src\\components\\App\\common\\Footer\\Footer.jsx","statementMap":{"0":{"start":{"line":4,"column":4},"end":{"line":10,"column":5}}},"fnMap":{"0":{"name":"Footer","decl":{"start":{"line":3,"column":9},"end":{"line":3,"column":15}},"loc":{"start":{"line":3,"column":23},"end":{"line":11,"column":1}},"line":3}},"branchMap":{},"s":{"0":2},"f":{"0":2},"b":{},"_coverageSchema":"43e27e138ebf9cfc5966b082cf9a028302ed4184","hash":"57a712533e1c99a05f9455ae48c428346fd2a014"}
,"C:\\Users\\Tsani\\Desktop\\JS-WEB\\Social-Media-Project\\social-media-iwi-app\\client\\iwi-app\\src\\components\\App\\common\\Header\\Header.jsx": {"path":"C:\\Users\\Tsani\\Desktop\\JS-WEB\\Social-Media-Project\\social-media-iwi-app\\client\\iwi-app\\src\\components\\App\\common\\Header\\Header.jsx","statementMap":{"0":{"start":{"line":7,"column":4},"end":{"line":25,"column":5}},"1":{"start":{"line":28,"column":0},"end":{"line":34,"column":1}}},"fnMap":{"0":{"name":"Header","decl":{"start":{"line":6,"column":9},"end":{"line":6,"column":15}},"loc":{"start":{"line":6,"column":23},"end":{"line":26,"column":1}},"line":6}},"branchMap":{"0":{"loc":{"start":{"line":13,"column":16},"end":{"line":22,"column":22}},"type":"cond-expr","locations":[{"start":{"line":14,"column":18},"end":{"line":21,"column":18}},{"start":{"line":22,"column":18},"end":{"line":22,"column":22}}],"line":13}},"s":{"0":3,"1":1},"f":{"0":3},"b":{"0":[3,0]},"_coverageSchema":"43e27e138ebf9cfc5966b082cf9a028302ed4184","hash":"95eb656d6cc30b7580ea18eb29ad0c15fe914636"}
,"C:\\Users\\Tsani\\Desktop\\JS-WEB\\Social-Media-Project\\social-media-iwi-app\\client\\iwi-app\\src\\components\\App\\common\\Header\\Nav.jsx": {"path":"C:\\Users\\Tsani\\Desktop\\JS-WEB\\Social-Media-Project\\social-media-iwi-app\\client\\iwi-app\\src\\components\\App\\common\\Header\\Nav.jsx","statementMap":{"0":{"start":{"line":12,"column":24},"end":{"line":12,"column":34}},"1":{"start":{"line":14,"column":4},"end":{"line":50,"column":5}},"2":{"start":{"line":19,"column":24},"end":{"line":23,"column":25}},"3":{"start":{"line":20,"column":28},"end":{"line":20,"column":51}},"4":{"start":{"line":22,"column":28},"end":{"line":22,"column":52}},"5":{"start":{"line":25,"column":24},"end":{"line":28,"column":25}},"6":{"start":{"line":53,"column":0},"end":{"line":59,"column":1}}},"fnMap":{"0":{"name":"Nav","decl":{"start":{"line":11,"column":9},"end":{"line":11,"column":12}},"loc":{"start":{"line":11,"column":20},"end":{"line":51,"column":1}},"line":11},"1":{"name":"(anonymous_1)","decl":{"start":{"line":18,"column":28},"end":{"line":18,"column":29}},"loc":{"start":{"line":18,"column":44},"end":{"line":29,"column":21}},"line":18}},"branchMap":{"0":{"loc":{"start":{"line":19,"column":24},"end":{"line":23,"column":25}},"type":"if","locations":[{"start":{"line":19,"column":24},"end":{"line":23,"column":25}},{"start":{"line":19,"column":24},"end":{"line":23,"column":25}}],"line":19},"1":{"loc":{"start":{"line":26,"column":53},"end":{"line":26,"column":82}},"type":"cond-expr","locations":[{"start":{"line":26,"column":62},"end":{"line":26,"column":70}},{"start":{"line":26,"column":73},"end":{"line":26,"column":82}}],"line":26}},"s":{"0":8,"1":8,"2":2,"3":1,"4":1,"5":2,"6":2},"f":{"0":8,"1":2},"b":{"0":[1,1],"1":[1,1]},"_coverageSchema":"43e27e138ebf9cfc5966b082cf9a028302ed4184","hash":"dbd391b8a6c0900b2d0bd215d229608009d10a9b"}
,"C:\\Users\\Tsani\\Desktop\\JS-WEB\\Social-Media-Project\\social-media-iwi-app\\client\\iwi-app\\src\\components\\ChatComponents\\Message.jsx": {"path":"C:\\Users\\Tsani\\Desktop\\JS-WEB\\Social-Media-Project\\social-media-iwi-app\\client\\iwi-app\\src\\components\\ChatComponents\\Message.jsx","statementMap":{"0":{"start":{"line":7,"column":4},"end":{"line":15,"column":5}},"1":{"start":{"line":18,"column":0},"end":{"line":21,"column":1}}},"fnMap":{"0":{"name":"Message","decl":{"start":{"line":6,"column":9},"end":{"line":6,"column":16}},"loc":{"start":{"line":6,"column":24},"end":{"line":16,"column":1}},"line":6}},"branchMap":{"0":{"loc":{"start":{"line":8,"column":47},"end":{"line":8,"column":82}},"type":"cond-expr","locations":[{"start":{"line":8,"column":62},"end":{"line":8,"column":75}},{"start":{"line":8,"column":78},"end":{"line":8,"column":82}}],"line":8},"1":{"loc":{"start":{"line":13,"column":29},"end":{"line":13,"column":57}},"type":"cond-expr","locations":[{"start":{"line":13,"column":44},"end":{"line":13,"column":50}},{"start":{"line":13,"column":53},"end":{"line":13,"column":57}}],"line":13}},"s":{"0":4,"1":3},"f":{"0":4},"b":{"0":[4,0],"1":[4,0]},"_coverageSchema":"43e27e138ebf9cfc5966b082cf9a028302ed4184","hash":"0c5c94679c4faab181aefede34d4e5238a7e1f06"}
,"C:\\Users\\Tsani\\Desktop\\JS-WEB\\Social-Media-Project\\social-media-iwi-app\\client\\iwi-app\\src\\components\\ChatComponents\\Messages.jsx": {"path":"C:\\Users\\Tsani\\Desktop\\JS-WEB\\Social-Media-Project\\social-media-iwi-app\\client\\iwi-app\\src\\components\\ChatComponents\\Messages.jsx","statementMap":{"0":{"start":{"line":7,"column":4},"end":{"line":28,"column":5}},"1":{"start":{"line":13,"column":38},"end":{"line":13,"column":65}},"2":{"start":{"line":14,"column":37},"end":{"line":14,"column":85}},"3":{"start":{"line":16,"column":24},"end":{"line":23,"column":25}},"4":{"start":{"line":31,"column":0},"end":{"line":34,"column":1}}},"fnMap":{"0":{"name":"Messages","decl":{"start":{"line":6,"column":9},"end":{"line":6,"column":17}},"loc":{"start":{"line":6,"column":25},"end":{"line":29,"column":1}},"line":6},"1":{"name":"(anonymous_1)","decl":{"start":{"line":12,"column":39},"end":{"line":12,"column":40}},"loc":{"start":{"line":12,"column":49},"end":{"line":24,"column":21}},"line":12}},"branchMap":{"0":{"loc":{"start":{"line":13,"column":38},"end":{"line":13,"column":65}},"type":"cond-expr","locations":[{"start":{"line":13,"column":48},"end":{"line":13,"column":58}},{"start":{"line":13,"column":61},"end":{"line":13,"column":65}}],"line":13}},"s":{"0":5,"1":5,"2":5,"3":5,"4":2},"f":{"0":5,"1":5},"b":{"0":[5,0]},"_coverageSchema":"43e27e138ebf9cfc5966b082cf9a028302ed4184","hash":"30009913db681eb29f5b6b542666d75ef63652e0"}
,"C:\\Users\\Tsani\\Desktop\\JS-WEB\\Social-Media-Project\\social-media-iwi-app\\client\\iwi-app\\src\\components\\ChatComponents\\OnlineUsers.jsx": {"path":"C:\\Users\\Tsani\\Desktop\\JS-WEB\\Social-Media-Project\\social-media-iwi-app\\client\\iwi-app\\src\\components\\ChatComponents\\OnlineUsers.jsx","statementMap":{"0":{"start":{"line":8,"column":8},"end":{"line":8,"column":13}},"1":{"start":{"line":10,"column":4},"end":{"line":28,"column":5}},"2":{"start":{"line":16,"column":24},"end":{"line":22,"column":30}},"3":{"start":{"line":31,"column":0},"end":{"line":34,"column":1}}},"fnMap":{"0":{"name":"OnlineUsers","decl":{"start":{"line":5,"column":9},"end":{"line":5,"column":20}},"loc":{"start":{"line":5,"column":28},"end":{"line":29,"column":1}},"line":5},"1":{"name":"(anonymous_1)","decl":{"start":{"line":15,"column":38},"end":{"line":15,"column":39}},"loc":{"start":{"line":15,"column":43},"end":{"line":23,"column":21}},"line":15}},"branchMap":{"0":{"loc":{"start":{"line":14,"column":16},"end":{"line":24,"column":26}},"type":"cond-expr","locations":[{"start":{"line":15,"column":22},"end":{"line":23,"column":22}},{"start":{"line":24,"column":22},"end":{"line":24,"column":26}}],"line":14},"1":{"loc":{"start":{"line":14,"column":17},"end":{"line":14,"column":54}},"type":"binary-expr","locations":[{"start":{"line":14,"column":17},"end":{"line":14,"column":28}},{"start":{"line":14,"column":32},"end":{"line":14,"column":54}}],"line":14}},"s":{"0":7,"1":7,"2":6,"3":1},"f":{"0":7,"1":6},"b":{"0":[6,1],"1":[7,7]},"_coverageSchema":"43e27e138ebf9cfc5966b082cf9a028302ed4184","hash":"ca240357d39b2009ea1fe57f0ae019fa2fa9952b"}
,"C:\\Users\\Tsani\\Desktop\\JS-WEB\\Social-Media-Project\\social-media-iwi-app\\client\\iwi-app\\src\\components\\ChatComponents\\Room.jsx": {"path":"C:\\Users\\Tsani\\Desktop\\JS-WEB\\Social-Media-Project\\social-media-iwi-app\\client\\iwi-app\\src\\components\\ChatComponents\\Room.jsx","statementMap":{"0":{"start":{"line":8,"column":4},"end":{"line":12,"column":11}},"1":{"start":{"line":9,"column":8},"end":{"line":11,"column":9}},"2":{"start":{"line":10,"column":12},"end":{"line":10,"column":37}},"3":{"start":{"line":14,"column":4},"end":{"line":36,"column":5}},"4":{"start":{"line":39,"column":0},"end":{"line":51,"column":1}}},"fnMap":{"0":{"name":"Room","decl":{"start":{"line":7,"column":9},"end":{"line":7,"column":13}},"loc":{"start":{"line":7,"column":21},"end":{"line":37,"column":1}},"line":7},"1":{"name":"(anonymous_1)","decl":{"start":{"line":8,"column":14},"end":{"line":8,"column":15}},"loc":{"start":{"line":8,"column":20},"end":{"line":12,"column":5}},"line":8},"2":{"name":"(anonymous_2)","decl":{"start":{"line":9,"column":15},"end":{"line":9,"column":16}},"loc":{"start":{"line":9,"column":21},"end":{"line":11,"column":9}},"line":9}},"branchMap":{},"s":{"0":7,"1":0,"2":0,"3":7,"4":1},"f":{"0":7,"1":0,"2":0},"b":{},"_coverageSchema":"43e27e138ebf9cfc5966b082cf9a028302ed4184","hash":"01c72a4bd9497e830330b0a906ef2e09753938ba"}
,"C:\\Users\\Tsani\\Desktop\\JS-WEB\\Social-Media-Project\\social-media-iwi-app\\client\\iwi-app\\src\\components\\ChatComponents\\UserChatCard.jsx": {"path":"C:\\Users\\Tsani\\Desktop\\JS-WEB\\Social-Media-Project\\social-media-iwi-app\\client\\iwi-app\\src\\components\\ChatComponents\\UserChatCard.jsx","statementMap":{"0":{"start":{"line":6,"column":4},"end":{"line":13,"column":5}},"1":{"start":{"line":16,"column":0},"end":{"line":19,"column":1}}},"fnMap":{"0":{"name":"UserChatCard","decl":{"start":{"line":5,"column":9},"end":{"line":5,"column":21}},"loc":{"start":{"line":5,"column":29},"end":{"line":14,"column":1}},"line":5}},"branchMap":{"0":{"loc":{"start":{"line":7,"column":28},"end":{"line":7,"column":63}},"type":"cond-expr","locations":[{"start":{"line":7,"column":43},"end":{"line":7,"column":56}},{"start":{"line":7,"column":59},"end":{"line":7,"column":63}}],"line":7}},"s":{"0":5,"1":4},"f":{"0":5},"b":{"0":[5,0]},"_coverageSchema":"43e27e138ebf9cfc5966b082cf9a028302ed4184","hash":"b59535dd9c7e5375112282d53a0ec337189c58e6"}
,"C:\\Users\\Tsani\\Desktop\\JS-WEB\\Social-Media-Project\\social-media-iwi-app\\client\\iwi-app\\src\\components\\CommentComponents\\Comment.jsx": {"path":"C:\\Users\\Tsani\\Desktop\\JS-WEB\\Social-Media-Project\\social-media-iwi-app\\client\\iwi-app\\src\\components\\CommentComponents\\Comment.jsx","statementMap":{"0":{"start":{"line":11,"column":64},"end":{"line":11,"column":71}},"1":{"start":{"line":14,"column":44},"end":{"line":14,"column":59}},"2":{"start":{"line":16,"column":60},"end":{"line":16,"column":75}},"3":{"start":{"line":18,"column":40},"end":{"line":18,"column":62}},"4":{"start":{"line":20,"column":31},"end":{"line":20,"column":77}},"5":{"start":{"line":21,"column":34},"end":{"line":21,"column":62}},"6":{"start":{"line":23,"column":32},"end":{"line":23,"column":44}},"7":{"start":{"line":27,"column":4},"end":{"line":32,"column":11}},"8":{"start":{"line":28,"column":8},"end":{"line":30,"column":11}},"9":{"start":{"line":29,"column":12},"end":{"line":29,"column":40}},"10":{"start":{"line":29,"column":28},"end":{"line":29,"column":38}},"11":{"start":{"line":34,"column":30},"end":{"line":41,"column":5}},"12":{"start":{"line":35,"column":8},"end":{"line":35,"column":54}},"13":{"start":{"line":35,"column":38},"end":{"line":35,"column":52}},"14":{"start":{"line":36,"column":8},"end":{"line":36,"column":42}},"15":{"start":{"line":36,"column":32},"end":{"line":36,"column":40}},"16":{"start":{"line":37,"column":8},"end":{"line":37,"column":32}},"17":{"start":{"line":40,"column":8},"end":{"line":40,"column":56}},"18":{"start":{"line":40,"column":30},"end":{"line":40,"column":54}},"19":{"start":{"line":43,"column":33},"end":{"line":53,"column":5}},"20":{"start":{"line":44,"column":8},"end":{"line":44,"column":54}},"21":{"start":{"line":44,"column":38},"end":{"line":44,"column":52}},"22":{"start":{"line":45,"column":8},"end":{"line":45,"column":42}},"23":{"start":{"line":45,"column":32},"end":{"line":45,"column":40}},"24":{"start":{"line":46,"column":8},"end":{"line":46,"column":35}},"25":{"start":{"line":49,"column":8},"end":{"line":52,"column":11}},"26":{"start":{"line":50,"column":12},"end":{"line":50,"column":66}},"27":{"start":{"line":50,"column":40},"end":{"line":50,"column":65}},"28":{"start":{"line":51,"column":12},"end":{"line":51,"column":26}},"29":{"start":{"line":55,"column":28},"end":{"line":57,"column":5}},"30":{"start":{"line":56,"column":8},"end":{"line":56,"column":48}},"31":{"start":{"line":56,"column":42},"end":{"line":56,"column":46}},"32":{"start":{"line":59,"column":33},"end":{"line":61,"column":5}},"33":{"start":{"line":60,"column":8},"end":{"line":60,"column":64}},"34":{"start":{"line":60,"column":58},"end":{"line":60,"column":62}},"35":{"start":{"line":63,"column":24},"end":{"line":67,"column":5}},"36":{"start":{"line":64,"column":8},"end":{"line":64,"column":49}},"37":{"start":{"line":64,"column":42},"end":{"line":64,"column":47}},"38":{"start":{"line":65,"column":8},"end":{"line":65,"column":65}},"39":{"start":{"line":65,"column":58},"end":{"line":65,"column":63}},"40":{"start":{"line":69,"column":4},"end":{"line":105,"column":5}},"41":{"start":{"line":108,"column":0},"end":{"line":114,"column":1}}},"fnMap":{"0":{"name":"Comment","decl":{"start":{"line":10,"column":9},"end":{"line":10,"column":16}},"loc":{"start":{"line":10,"column":108},"end":{"line":106,"column":1}},"line":10},"1":{"name":"(anonymous_1)","decl":{"start":{"line":27,"column":14},"end":{"line":27,"column":15}},"loc":{"start":{"line":27,"column":20},"end":{"line":32,"column":5}},"line":27},"2":{"name":"(anonymous_2)","decl":{"start":{"line":28,"column":32},"end":{"line":28,"column":33}},"loc":{"start":{"line":28,"column":42},"end":{"line":30,"column":9}},"line":28},"3":{"name":"(anonymous_3)","decl":{"start":{"line":29,"column":22},"end":{"line":29,"column":23}},"loc":{"start":{"line":29,"column":28},"end":{"line":29,"column":38}},"line":29},"4":{"name":"(anonymous_4)","decl":{"start":{"line":34,"column":30},"end":{"line":34,"column":31}},"loc":{"start":{"line":34,"column":37},"end":{"line":41,"column":5}},"line":34},"5":{"name":"(anonymous_5)","decl":{"start":{"line":35,"column":22},"end":{"line":35,"column":23}},"loc":{"start":{"line":35,"column":38},"end":{"line":35,"column":52}},"line":35},"6":{"name":"(anonymous_6)","decl":{"start":{"line":36,"column":19},"end":{"line":36,"column":20}},"loc":{"start":{"line":36,"column":32},"end":{"line":36,"column":40}},"line":36},"7":{"name":"(anonymous_7)","decl":{"start":{"line":40,"column":18},"end":{"line":40,"column":19}},"loc":{"start":{"line":40,"column":30},"end":{"line":40,"column":54}},"line":40},"8":{"name":"(anonymous_8)","decl":{"start":{"line":43,"column":33},"end":{"line":43,"column":34}},"loc":{"start":{"line":43,"column":40},"end":{"line":53,"column":5}},"line":43},"9":{"name":"(anonymous_9)","decl":{"start":{"line":44,"column":22},"end":{"line":44,"column":23}},"loc":{"start":{"line":44,"column":38},"end":{"line":44,"column":52}},"line":44},"10":{"name":"(anonymous_10)","decl":{"start":{"line":45,"column":19},"end":{"line":45,"column":20}},"loc":{"start":{"line":45,"column":32},"end":{"line":45,"column":40}},"line":45},"11":{"name":"(anonymous_11)","decl":{"start":{"line":49,"column":18},"end":{"line":49,"column":19}},"loc":{"start":{"line":49,"column":30},"end":{"line":52,"column":9}},"line":49},"12":{"name":"(anonymous_12)","decl":{"start":{"line":50,"column":35},"end":{"line":50,"column":36}},"loc":{"start":{"line":50,"column":40},"end":{"line":50,"column":65}},"line":50},"13":{"name":"(anonymous_13)","decl":{"start":{"line":55,"column":28},"end":{"line":55,"column":29}},"loc":{"start":{"line":55,"column":35},"end":{"line":57,"column":5}},"line":55},"14":{"name":"(anonymous_14)","decl":{"start":{"line":56,"column":21},"end":{"line":56,"column":22}},"loc":{"start":{"line":56,"column":42},"end":{"line":56,"column":46}},"line":56},"15":{"name":"(anonymous_15)","decl":{"start":{"line":59,"column":33},"end":{"line":59,"column":34}},"loc":{"start":{"line":59,"column":40},"end":{"line":61,"column":5}},"line":59},"16":{"name":"(anonymous_16)","decl":{"start":{"line":60,"column":32},"end":{"line":60,"column":33}},"loc":{"start":{"line":60,"column":58},"end":{"line":60,"column":62}},"line":60},"17":{"name":"(anonymous_17)","decl":{"start":{"line":63,"column":24},"end":{"line":63,"column":25}},"loc":{"start":{"line":63,"column":31},"end":{"line":67,"column":5}},"line":63},"18":{"name":"(anonymous_18)","decl":{"start":{"line":64,"column":21},"end":{"line":64,"column":22}},"loc":{"start":{"line":64,"column":42},"end":{"line":64,"column":47}},"line":64},"19":{"name":"(anonymous_19)","decl":{"start":{"line":65,"column":32},"end":{"line":65,"column":33}},"loc":{"start":{"line":65,"column":58},"end":{"line":65,"column":63}},"line":65}},"branchMap":{"0":{"loc":{"start":{"line":91,"column":16},"end":{"line":97,"column":26}},"type":"cond-expr","locations":[{"start":{"line":92,"column":22},"end":{"line":96,"column":52}},{"start":{"line":97,"column":22},"end":{"line":97,"column":26}}],"line":91},"1":{"loc":{"start":{"line":102,"column":16},"end":{"line":102,"column":122}},"type":"cond-expr","locations":[{"start":{"line":102,"column":39},"end":{"line":102,"column":115}},{"start":{"line":102,"column":118},"end":{"line":102,"column":122}}],"line":102}},"s":{"0":18,"1":18,"2":18,"3":18,"4":18,"5":18,"6":18,"7":18,"8":6,"9":0,"10":0,"11":18,"12":1,"13":1,"14":1,"15":1,"16":1,"17":1,"18":1,"19":18,"20":1,"21":1,"22":1,"23":1,"24":1,"25":1,"26":1,"27":0,"28":1,"29":18,"30":2,"31":2,"32":18,"33":1,"34":1,"35":18,"36":1,"37":1,"38":1,"39":1,"40":18,"41":2},"f":{"0":18,"1":6,"2":0,"3":0,"4":1,"5":1,"6":1,"7":1,"8":1,"9":1,"10":1,"11":1,"12":0,"13":2,"14":2,"15":1,"16":1,"17":1,"18":1,"19":1},"b":{"0":[2,16],"1":[1,17]},"_coverageSchema":"43e27e138ebf9cfc5966b082cf9a028302ed4184","hash":"914ba990eea6fa1033d6f521192282c3a12d4a53"}
,"C:\\Users\\Tsani\\Desktop\\JS-WEB\\Social-Media-Project\\social-media-iwi-app\\client\\iwi-app\\src\\components\\CommentComponents\\CommentContainer.jsx": {"path":"C:\\Users\\Tsani\\Desktop\\JS-WEB\\Social-Media-Project\\social-media-iwi-app\\client\\iwi-app\\src\\components\\CommentComponents\\CommentContainer.jsx","statementMap":{"0":{"start":{"line":7,"column":4},"end":{"line":25,"column":5}},"1":{"start":{"line":28,"column":0},"end":{"line":36,"column":1}}},"fnMap":{"0":{"name":"CommentContainer","decl":{"start":{"line":6,"column":9},"end":{"line":6,"column":25}},"loc":{"start":{"line":6,"column":33},"end":{"line":26,"column":1}},"line":6}},"branchMap":{"0":{"loc":{"start":{"line":13,"column":20},"end":{"line":15,"column":111}},"type":"cond-expr","locations":[{"start":{"line":14,"column":26},"end":{"line":14,"column":132}},{"start":{"line":15,"column":26},"end":{"line":15,"column":111}}],"line":13},"1":{"loc":{"start":{"line":19,"column":20},"end":{"line":21,"column":30}},"type":"cond-expr","locations":[{"start":{"line":20,"column":26},"end":{"line":20,"column":110}},{"start":{"line":21,"column":26},"end":{"line":21,"column":30}}],"line":19},"2":{"loc":{"start":{"line":19,"column":21},"end":{"line":19,"column":89}},"type":"cond-expr","locations":[{"start":{"line":19,"column":45},"end":{"line":19,"column":66}},{"start":{"line":19,"column":69},"end":{"line":19,"column":89}}],"line":19}},"s":{"0":17,"1":3},"f":{"0":17},"b":{"0":[15,2],"1":[17,0],"2":[17,0]},"_coverageSchema":"43e27e138ebf9cfc5966b082cf9a028302ed4184","hash":"75690064a627b76ff88bc952d7e9c4d862153550"}
,"C:\\Users\\Tsani\\Desktop\\JS-WEB\\Social-Media-Project\\social-media-iwi-app\\client\\iwi-app\\src\\components\\CommentComponents\\CommentMeta.jsx": {"path":"C:\\Users\\Tsani\\Desktop\\JS-WEB\\Social-Media-Project\\social-media-iwi-app\\client\\iwi-app\\src\\components\\CommentComponents\\CommentMeta.jsx","statementMap":{"0":{"start":{"line":6,"column":4},"end":{"line":11,"column":5}},"1":{"start":{"line":14,"column":0},"end":{"line":19,"column":1}}},"fnMap":{"0":{"name":"CommentMeta","decl":{"start":{"line":5,"column":9},"end":{"line":5,"column":20}},"loc":{"start":{"line":5,"column":28},"end":{"line":12,"column":1}},"line":5}},"branchMap":{},"s":{"0":16,"1":3},"f":{"0":16},"b":{},"_coverageSchema":"43e27e138ebf9cfc5966b082cf9a028302ed4184","hash":"19acf6b92f6a3cb3d7acdc3bdcfe5586e9b5c1cd"}
,"C:\\Users\\Tsani\\Desktop\\JS-WEB\\Social-Media-Project\\social-media-iwi-app\\client\\iwi-app\\src\\components\\CommentComponents\\CommentsList.jsx": {"path":"C:\\Users\\Tsani\\Desktop\\JS-WEB\\Social-Media-Project\\social-media-iwi-app\\client\\iwi-app\\src\\components\\CommentComponents\\CommentsList.jsx","statementMap":{"0":{"start":{"line":7,"column":4},"end":{"line":30,"column":5}},"1":{"start":{"line":13,"column":45},"end":{"line":21,"column":29}},"2":{"start":{"line":33,"column":0},"end":{"line":41,"column":1}}},"fnMap":{"0":{"name":"CommentsList","decl":{"start":{"line":6,"column":9},"end":{"line":6,"column":21}},"loc":{"start":{"line":6,"column":142},"end":{"line":31,"column":1}},"line":6},"1":{"name":"(anonymous_1)","decl":{"start":{"line":13,"column":39},"end":{"line":13,"column":40}},"loc":{"start":{"line":13,"column":45},"end":{"line":21,"column":29}},"line":13}},"branchMap":{"0":{"loc":{"start":{"line":12,"column":20},"end":{"line":22,"column":30}},"type":"cond-expr","locations":[{"start":{"line":13,"column":26},"end":{"line":21,"column":31}},{"start":{"line":22,"column":26},"end":{"line":22,"column":30}}],"line":12}},"s":{"0":0,"1":0,"2":1},"f":{"0":0,"1":0},"b":{"0":[0,0]},"_coverageSchema":"43e27e138ebf9cfc5966b082cf9a028302ed4184","hash":"6643f73aa444bc60b2fadab77b0987ad56865f38"}
,"C:\\Users\\Tsani\\Desktop\\JS-WEB\\Social-Media-Project\\social-media-iwi-app\\client\\iwi-app\\src\\components\\DiscoverComponents\\UserCard.jsx": {"path":"C:\\Users\\Tsani\\Desktop\\JS-WEB\\Social-Media-Project\\social-media-iwi-app\\client\\iwi-app\\src\\components\\DiscoverComponents\\UserCard.jsx","statementMap":{"0":{"start":{"line":6,"column":55},"end":{"line":6,"column":65}},"1":{"start":{"line":8,"column":4},"end":{"line":18,"column":5}},"2":{"start":{"line":21,"column":0},"end":{"line":23,"column":1}}},"fnMap":{"0":{"name":"UserCard","decl":{"start":{"line":5,"column":9},"end":{"line":5,"column":17}},"loc":{"start":{"line":5,"column":25},"end":{"line":19,"column":1}},"line":5}},"branchMap":{},"s":{"0":7,"1":7,"2":5},"f":{"0":7},"b":{},"_coverageSchema":"43e27e138ebf9cfc5966b082cf9a028302ed4184","hash":"0a54c45335f2b1be5c33aa58552e31de6b3ed534"}
,"C:\\Users\\Tsani\\Desktop\\JS-WEB\\Social-Media-Project\\social-media-iwi-app\\client\\iwi-app\\src\\components\\Dropdown\\Dropdown.css": {"path":"C:\\Users\\Tsani\\Desktop\\JS-WEB\\Social-Media-Project\\social-media-iwi-app\\client\\iwi-app\\src\\components\\Dropdown\\Dropdown.css","statementMap":{"0":{"start":{"line":1,"column":20},"end":{"line":1,"column":43}},"1":{"start":{"line":3,"column":0},"end":{"line":3,"column":671}},"2":{"start":{"line":4,"column":0},"end":{"line":4,"column":20}}},"fnMap":{},"branchMap":{},"s":{"0":3,"1":3,"2":3},"f":{},"b":{},"_coverageSchema":"43e27e138ebf9cfc5966b082cf9a028302ed4184","hash":"4bbf5935c8d7204d31ae31ccbb7f8fe6eab551be"}
,"C:\\Users\\Tsani\\Desktop\\JS-WEB\\Social-Media-Project\\social-media-iwi-app\\client\\iwi-app\\src\\components\\Dropdown\\Dropdown.jsx": {"path":"C:\\Users\\Tsani\\Desktop\\JS-WEB\\Social-Media-Project\\social-media-iwi-app\\client\\iwi-app\\src\\components\\Dropdown\\Dropdown.jsx","statementMap":{"0":{"start":{"line":9,"column":4},"end":{"line":18,"column":5}},"1":{"start":{"line":14,"column":49},"end":{"line":14,"column":119}},"2":{"start":{"line":21,"column":0},"end":{"line":23,"column":1}}},"fnMap":{"0":{"name":"Dropdown","decl":{"start":{"line":8,"column":9},"end":{"line":8,"column":17}},"loc":{"start":{"line":8,"column":25},"end":{"line":19,"column":1}},"line":8},"1":{"name":"(anonymous_1)","decl":{"start":{"line":14,"column":44},"end":{"line":14,"column":45}},"loc":{"start":{"line":14,"column":49},"end":{"line":14,"column":119}},"line":14}},"branchMap":{},"s":{"0":6,"1":6,"2":3},"f":{"0":6,"1":6},"b":{},"_coverageSchema":"43e27e138ebf9cfc5966b082cf9a028302ed4184","hash":"b2009e7436a5a0ee6fdaf59d1b531ad4efd55176"}
,"C:\\Users\\Tsani\\Desktop\\JS-WEB\\Social-Media-Project\\social-media-iwi-app\\client\\iwi-app\\src\\components\\Forms\\CommentForm.jsx": {"path":"C:\\Users\\Tsani\\Desktop\\JS-WEB\\Social-Media-Project\\social-media-iwi-app\\client\\iwi-app\\src\\components\\Forms\\CommentForm.jsx","statementMap":{"0":{"start":{"line":7,"column":56},"end":{"line":18,"column":6}},"1":{"start":{"line":10,"column":8},"end":{"line":17,"column":9}},"2":{"start":{"line":11,"column":12},"end":{"line":14,"column":15}},"3":{"start":{"line":16,"column":12},"end":{"line":16,"column":53}},"4":{"start":{"line":20,"column":4},"end":{"line":31,"column":5}},"5":{"start":{"line":34,"column":0},"end":{"line":38,"column":1}}},"fnMap":{"0":{"name":"CommentForm","decl":{"start":{"line":6,"column":16},"end":{"line":6,"column":27}},"loc":{"start":{"line":6,"column":76},"end":{"line":32,"column":1}},"line":6},"1":{"name":"(anonymous_1)","decl":{"start":{"line":7,"column":65},"end":{"line":7,"column":66}},"loc":{"start":{"line":7,"column":72},"end":{"line":18,"column":5}},"line":7}},"branchMap":{"0":{"loc":{"start":{"line":10,"column":8},"end":{"line":17,"column":9}},"type":"if","locations":[{"start":{"line":10,"column":8},"end":{"line":17,"column":9}},{"start":{"line":10,"column":8},"end":{"line":17,"column":9}}],"line":10},"1":{"loc":{"start":{"line":10,"column":12},"end":{"line":10,"column":46}},"type":"binary-expr","locations":[{"start":{"line":10,"column":12},"end":{"line":10,"column":30}},{"start":{"line":10,"column":34},"end":{"line":10,"column":46}}],"line":10},"2":{"loc":{"start":{"line":26,"column":23},"end":{"line":26,"column":40}},"type":"binary-expr","locations":[{"start":{"line":26,"column":23},"end":{"line":26,"column":34}},{"start":{"line":26,"column":38},"end":{"line":26,"column":40}}],"line":26},"3":{"loc":{"start":{"line":29,"column":29},"end":{"line":29,"column":63}},"type":"binary-expr","locations":[{"start":{"line":29,"column":29},"end":{"line":29,"column":47}},{"start":{"line":29,"column":51},"end":{"line":29,"column":63}}],"line":29}},"s":{"0":13,"1":2,"2":1,"3":1,"4":13,"5":2},"f":{"0":13,"1":2},"b":{"0":[1,1],"1":[2,2],"2":[13,11],"3":[13,13]},"_coverageSchema":"43e27e138ebf9cfc5966b082cf9a028302ed4184","hash":"bc3229daf56be020801d7d5b2f4c64909e137a1b"}
,"C:\\Users\\Tsani\\Desktop\\JS-WEB\\Social-Media-Project\\social-media-iwi-app\\client\\iwi-app\\src\\components\\Forms\\EditFeedForm.jsx": {"path":"C:\\Users\\Tsani\\Desktop\\JS-WEB\\Social-Media-Project\\social-media-iwi-app\\client\\iwi-app\\src\\components\\Forms\\EditFeedForm.jsx","statementMap":{"0":{"start":{"line":6,"column":56},"end":{"line":9,"column":6}},"1":{"start":{"line":7,"column":8},"end":{"line":7,"column":44}},"2":{"start":{"line":8,"column":8},"end":{"line":8,"column":29}},"3":{"start":{"line":11,"column":4},"end":{"line":23,"column":5}},"4":{"start":{"line":26,"column":0},"end":{"line":31,"column":1}}},"fnMap":{"0":{"name":"EditFeedForm","decl":{"start":{"line":5,"column":9},"end":{"line":5,"column":21}},"loc":{"start":{"line":5,"column":81},"end":{"line":24,"column":1}},"line":5},"1":{"name":"(anonymous_1)","decl":{"start":{"line":6,"column":65},"end":{"line":6,"column":66}},"loc":{"start":{"line":6,"column":72},"end":{"line":9,"column":5}},"line":6}},"branchMap":{"0":{"loc":{"start":{"line":17,"column":23},"end":{"line":17,"column":42}},"type":"binary-expr","locations":[{"start":{"line":17,"column":23},"end":{"line":17,"column":34}},{"start":{"line":17,"column":38},"end":{"line":17,"column":42}}],"line":17}},"s":{"0":11,"1":1,"2":1,"3":11,"4":1},"f":{"0":11,"1":1},"b":{"0":[11,10]},"_coverageSchema":"43e27e138ebf9cfc5966b082cf9a028302ed4184","hash":"c745f351851df4dc0185eb01d87839099e3f7a8a"}
,"C:\\Users\\Tsani\\Desktop\\JS-WEB\\Social-Media-Project\\social-media-iwi-app\\client\\iwi-app\\src\\components\\Forms\\EditProfilePicForm.jsx": {"path":"C:\\Users\\Tsani\\Desktop\\JS-WEB\\Social-Media-Project\\social-media-iwi-app\\client\\iwi-app\\src\\components\\Forms\\EditProfilePicForm.jsx","statementMap":{"0":{"start":{"line":6,"column":11},"end":{"line":6,"column":25}},"1":{"start":{"line":9,"column":12},"end":{"line":11,"column":5}},"2":{"start":{"line":13,"column":24},"end":{"line":30,"column":5}},"3":{"start":{"line":14,"column":22},"end":{"line":14,"column":36}},"4":{"start":{"line":16,"column":8},"end":{"line":29,"column":9}},"5":{"start":{"line":17,"column":25},"end":{"line":17,"column":41}},"6":{"start":{"line":18,"column":23},"end":{"line":18,"column":40}},"7":{"start":{"line":20,"column":12},"end":{"line":20,"column":58}},"8":{"start":{"line":22,"column":12},"end":{"line":26,"column":13}},"9":{"start":{"line":23,"column":16},"end":{"line":25,"column":19}},"10":{"start":{"line":28,"column":12},"end":{"line":28,"column":39}},"11":{"start":{"line":32,"column":19},"end":{"line":41,"column":5}},"12":{"start":{"line":33,"column":8},"end":{"line":33,"column":27}},"13":{"start":{"line":35,"column":8},"end":{"line":35,"column":47}},"14":{"start":{"line":37,"column":8},"end":{"line":40,"column":11}},"15":{"start":{"line":44,"column":8},"end":{"line":56,"column":9}},"16":{"start":{"line":60,"column":0},"end":{"line":64,"column":1}}},"fnMap":{"0":{"name":"(anonymous_0)","decl":{"start":{"line":13,"column":24},"end":{"line":13,"column":25}},"loc":{"start":{"line":13,"column":31},"end":{"line":30,"column":5}},"line":13},"1":{"name":"(anonymous_1)","decl":{"start":{"line":22,"column":28},"end":{"line":22,"column":29}},"loc":{"start":{"line":22,"column":34},"end":{"line":26,"column":13}},"line":22},"2":{"name":"(anonymous_2)","decl":{"start":{"line":32,"column":19},"end":{"line":32,"column":20}},"loc":{"start":{"line":32,"column":26},"end":{"line":41,"column":5}},"line":32},"3":{"name":"(anonymous_3)","decl":{"start":{"line":43,"column":4},"end":{"line":43,"column":5}},"loc":{"start":{"line":43,"column":13},"end":{"line":57,"column":5}},"line":43}},"branchMap":{"0":{"loc":{"start":{"line":16,"column":8},"end":{"line":29,"column":9}},"type":"if","locations":[{"start":{"line":16,"column":8},"end":{"line":29,"column":9}},{"start":{"line":16,"column":8},"end":{"line":29,"column":9}}],"line":16},"1":{"loc":{"start":{"line":16,"column":12},"end":{"line":16,"column":37}},"type":"binary-expr","locations":[{"start":{"line":16,"column":12},"end":{"line":16,"column":17}},{"start":{"line":16,"column":21},"end":{"line":16,"column":37}}],"line":16},"2":{"loc":{"start":{"line":47,"column":53},"end":{"line":47,"column":124}},"type":"binary-expr","locations":[{"start":{"line":47,"column":53},"end":{"line":47,"column":79}},{"start":{"line":47,"column":83},"end":{"line":47,"column":124}}],"line":47}},"s":{"0":1,"1":11,"2":11,"3":1,"4":1,"5":1,"6":1,"7":1,"8":1,"9":0,"10":1,"11":11,"12":1,"13":1,"14":1,"15":22,"16":1},"f":{"0":1,"1":0,"2":1,"3":22},"b":{"0":[1,0],"1":[1,1],"2":[22,22]},"_coverageSchema":"43e27e138ebf9cfc5966b082cf9a028302ed4184","hash":"7287e87bd494751ff911afd56c74dcea8ce2e985"}
,"C:\\Users\\Tsani\\Desktop\\JS-WEB\\Social-Media-Project\\social-media-iwi-app\\client\\iwi-app\\src\\components\\Forms\\EditUserInfoForm.jsx": {"path":"C:\\Users\\Tsani\\Desktop\\JS-WEB\\Social-Media-Project\\social-media-iwi-app\\client\\iwi-app\\src\\components\\Forms\\EditUserInfoForm.jsx","statementMap":{"0":{"start":{"line":8,"column":26},"end":{"line":14,"column":1}},"1":{"start":{"line":16,"column":25},"end":{"line":23,"column":2}},"2":{"start":{"line":26,"column":4},"end":{"line":60,"column":5}},"3":{"start":{"line":64,"column":25},"end":{"line":71,"column":5}},"4":{"start":{"line":65,"column":8},"end":{"line":65,"column":34}},"5":{"start":{"line":67,"column":8},"end":{"line":70,"column":11}},"6":{"start":{"line":73,"column":4},"end":{"line":81,"column":5}},"7":{"start":{"line":84,"column":0},"end":{"line":87,"column":1}}},"fnMap":{"0":{"name":"FormikEditForm","decl":{"start":{"line":25,"column":16},"end":{"line":25,"column":30}},"loc":{"start":{"line":25,"column":57},"end":{"line":61,"column":1}},"line":25},"1":{"name":"EditUserInfoForm","decl":{"start":{"line":63,"column":16},"end":{"line":63,"column":32}},"loc":{"start":{"line":63,"column":74},"end":{"line":82,"column":1}},"line":63},"2":{"name":"(anonymous_2)","decl":{"start":{"line":64,"column":25},"end":{"line":64,"column":26}},"loc":{"start":{"line":64,"column":35},"end":{"line":71,"column":5}},"line":64}},"branchMap":{},"s":{"0":1,"1":1,"2":7,"3":7,"4":1,"5":1,"6":7,"7":1},"f":{"0":7,"1":7,"2":1},"b":{},"_coverageSchema":"43e27e138ebf9cfc5966b082cf9a028302ed4184","hash":"6550f6cf7422bdbcfa4295d1bd470d44cb828912"}
,"C:\\Users\\Tsani\\Desktop\\JS-WEB\\Social-Media-Project\\social-media-iwi-app\\client\\iwi-app\\src\\components\\Forms\\MessageForm.jsx": {"path":"C:\\Users\\Tsani\\Desktop\\JS-WEB\\Social-Media-Project\\social-media-iwi-app\\client\\iwi-app\\src\\components\\Forms\\MessageForm.jsx","statementMap":{"0":{"start":{"line":5,"column":4},"end":{"line":21,"column":5}},"1":{"start":{"line":24,"column":0},"end":{"line":32,"column":1}}},"fnMap":{"0":{"name":"MessageForm","decl":{"start":{"line":4,"column":9},"end":{"line":4,"column":20}},"loc":{"start":{"line":4,"column":28},"end":{"line":22,"column":1}},"line":4}},"branchMap":{},"s":{"0":11,"1":2},"f":{"0":11},"b":{},"_coverageSchema":"43e27e138ebf9cfc5966b082cf9a028302ed4184","hash":"74bc37a0540af91ec64951c8ca8a390e04a9bcfc"}
,"C:\\Users\\Tsani\\Desktop\\JS-WEB\\Social-Media-Project\\social-media-iwi-app\\client\\iwi-app\\src\\components\\Forms\\PostForm.jsx": {"path":"C:\\Users\\Tsani\\Desktop\\JS-WEB\\Social-Media-Project\\social-media-iwi-app\\client\\iwi-app\\src\\components\\Forms\\PostForm.jsx","statementMap":{"0":{"start":{"line":7,"column":9},"end":{"line":7,"column":23}},"1":{"start":{"line":10,"column":12},"end":{"line":13,"column":5}},"2":{"start":{"line":15,"column":24},"end":{"line":46,"column":5}},"3":{"start":{"line":16,"column":8},"end":{"line":16,"column":20}},"4":{"start":{"line":18,"column":22},"end":{"line":18,"column":36}},"5":{"start":{"line":20,"column":8},"end":{"line":41,"column":9}},"6":{"start":{"line":21,"column":25},"end":{"line":21,"column":41}},"7":{"start":{"line":22,"column":23},"end":{"line":22,"column":40}},"8":{"start":{"line":24,"column":12},"end":{"line":30,"column":13}},"9":{"start":{"line":25,"column":16},"end":{"line":28,"column":19}},"10":{"start":{"line":29,"column":16},"end":{"line":29,"column":23}},"11":{"start":{"line":32,"column":12},"end":{"line":32,"column":58}},"12":{"start":{"line":34,"column":12},"end":{"line":38,"column":13}},"13":{"start":{"line":35,"column":16},"end":{"line":37,"column":20}},"14":{"start":{"line":35,"column":45},"end":{"line":37,"column":17}},"15":{"start":{"line":40,"column":12},"end":{"line":40,"column":39}},"16":{"start":{"line":43,"column":8},"end":{"line":45,"column":11}},"17":{"start":{"line":48,"column":19},"end":{"line":66,"column":5}},"18":{"start":{"line":49,"column":8},"end":{"line":49,"column":27}},"19":{"start":{"line":52,"column":8},"end":{"line":61,"column":9}},"20":{"start":{"line":54,"column":12},"end":{"line":57,"column":15}},"21":{"start":{"line":59,"column":12},"end":{"line":59,"column":47}},"22":{"start":{"line":60,"column":12},"end":{"line":60,"column":40}},"23":{"start":{"line":64,"column":8},"end":{"line":64,"column":28}},"24":{"start":{"line":65,"column":8},"end":{"line":65,"column":57}},"25":{"start":{"line":68,"column":28},"end":{"line":71,"column":5}},"26":{"start":{"line":69,"column":8},"end":{"line":69,"column":29}},"27":{"start":{"line":70,"column":8},"end":{"line":70,"column":46}},"28":{"start":{"line":74,"column":42},"end":{"line":74,"column":52}},"29":{"start":{"line":76,"column":8},"end":{"line":105,"column":9}},"30":{"start":{"line":111,"column":0},"end":{"line":114,"column":1}}},"fnMap":{"0":{"name":"(anonymous_0)","decl":{"start":{"line":15,"column":24},"end":{"line":15,"column":25}},"loc":{"start":{"line":15,"column":31},"end":{"line":46,"column":5}},"line":15},"1":{"name":"(anonymous_1)","decl":{"start":{"line":34,"column":28},"end":{"line":34,"column":29}},"loc":{"start":{"line":34,"column":34},"end":{"line":38,"column":13}},"line":34},"2":{"name":"(anonymous_2)","decl":{"start":{"line":35,"column":30},"end":{"line":35,"column":31}},"loc":{"start":{"line":35,"column":45},"end":{"line":37,"column":17}},"line":35},"3":{"name":"(anonymous_3)","decl":{"start":{"line":48,"column":19},"end":{"line":48,"column":20}},"loc":{"start":{"line":48,"column":26},"end":{"line":66,"column":5}},"line":48},"4":{"name":"(anonymous_4)","decl":{"start":{"line":68,"column":28},"end":{"line":68,"column":29}},"loc":{"start":{"line":68,"column":35},"end":{"line":71,"column":5}},"line":68},"5":{"name":"(anonymous_5)","decl":{"start":{"line":73,"column":4},"end":{"line":73,"column":5}},"loc":{"start":{"line":73,"column":13},"end":{"line":106,"column":5}},"line":73}},"branchMap":{"0":{"loc":{"start":{"line":20,"column":8},"end":{"line":41,"column":9}},"type":"if","locations":[{"start":{"line":20,"column":8},"end":{"line":41,"column":9}},{"start":{"line":20,"column":8},"end":{"line":41,"column":9}}],"line":20},"1":{"loc":{"start":{"line":20,"column":12},"end":{"line":20,"column":37}},"type":"binary-expr","locations":[{"start":{"line":20,"column":12},"end":{"line":20,"column":17}},{"start":{"line":20,"column":21},"end":{"line":20,"column":37}}],"line":20},"2":{"loc":{"start":{"line":24,"column":12},"end":{"line":30,"column":13}},"type":"if","locations":[{"start":{"line":24,"column":12},"end":{"line":30,"column":13}},{"start":{"line":24,"column":12},"end":{"line":30,"column":13}}],"line":24},"3":{"loc":{"start":{"line":52,"column":8},"end":{"line":61,"column":9}},"type":"if","locations":[{"start":{"line":52,"column":8},"end":{"line":61,"column":9}},{"start":{"line":52,"column":8},"end":{"line":61,"column":9}}],"line":52},"4":{"loc":{"start":{"line":52,"column":12},"end":{"line":52,"column":56}},"type":"binary-expr","locations":[{"start":{"line":52,"column":12},"end":{"line":52,"column":34}},{"start":{"line":52,"column":38},"end":{"line":52,"column":56}}],"line":52},"5":{"loc":{"start":{"line":96,"column":43},"end":{"line":96,"column":99}},"type":"binary-expr","locations":[{"start":{"line":96,"column":43},"end":{"line":96,"column":56}},{"start":{"line":96,"column":61},"end":{"line":96,"column":72}},{"start":{"line":96,"column":76},"end":{"line":96,"column":98}}],"line":96}},"s":{"0":2,"1":19,"2":19,"3":4,"4":4,"5":4,"6":2,"7":2,"8":2,"9":1,"10":1,"11":1,"12":1,"13":0,"14":0,"15":1,"16":3,"17":19,"18":2,"19":2,"20":1,"21":1,"22":1,"23":2,"24":2,"25":19,"26":0,"27":0,"28":43,"29":43,"30":2},"f":{"0":4,"1":0,"2":0,"3":2,"4":0,"5":43},"b":{"0":[2,2],"1":[4,2],"2":[1,1],"3":[1,1],"4":[2,1],"5":[43,43,41]},"_coverageSchema":"43e27e138ebf9cfc5966b082cf9a028302ed4184","hash":"9d4964fd7d8f6482772f6fad599eb1e1914c7796"}
,"C:\\Users\\Tsani\\Desktop\\JS-WEB\\Social-Media-Project\\social-media-iwi-app\\client\\iwi-app\\src\\components\\Forms\\SearchForm.jsx": {"path":"C:\\Users\\Tsani\\Desktop\\JS-WEB\\Social-Media-Project\\social-media-iwi-app\\client\\iwi-app\\src\\components\\Forms\\SearchForm.jsx","statementMap":{"0":{"start":{"line":6,"column":56},"end":{"line":8,"column":6}},"1":{"start":{"line":7,"column":8},"end":{"line":7,"column":30}},"2":{"start":{"line":10,"column":4},"end":{"line":20,"column":5}},"3":{"start":{"line":23,"column":0},"end":{"line":25,"column":1}}},"fnMap":{"0":{"name":"SearchForm","decl":{"start":{"line":5,"column":9},"end":{"line":5,"column":19}},"loc":{"start":{"line":5,"column":39},"end":{"line":21,"column":1}},"line":5},"1":{"name":"(anonymous_1)","decl":{"start":{"line":6,"column":65},"end":{"line":6,"column":66}},"loc":{"start":{"line":6,"column":72},"end":{"line":8,"column":5}},"line":6}},"branchMap":{"0":{"loc":{"start":{"line":16,"column":23},"end":{"line":16,"column":46}},"type":"binary-expr","locations":[{"start":{"line":16,"column":23},"end":{"line":16,"column":40}},{"start":{"line":16,"column":44},"end":{"line":16,"column":46}}],"line":16}},"s":{"0":9,"1":1,"2":9,"3":1},"f":{"0":9,"1":1},"b":{"0":[9,8]},"_coverageSchema":"43e27e138ebf9cfc5966b082cf9a028302ed4184","hash":"a2b34fc3d28034ddafd8b1f240f8cb0eefe83694"}
,"C:\\Users\\Tsani\\Desktop\\JS-WEB\\Social-Media-Project\\social-media-iwi-app\\client\\iwi-app\\src\\components\\Modals\\DeleteModal.jsx": {"path":"C:\\Users\\Tsani\\Desktop\\JS-WEB\\Social-Media-Project\\social-media-iwi-app\\client\\iwi-app\\src\\components\\Modals\\DeleteModal.jsx","statementMap":{"0":{"start":{"line":5,"column":4},"end":{"line":18,"column":5}},"1":{"start":{"line":13,"column":43},"end":{"line":13,"column":61}},"2":{"start":{"line":21,"column":0},"end":{"line":26,"column":1}}},"fnMap":{"0":{"name":"DeleteModal","decl":{"start":{"line":4,"column":9},"end":{"line":4,"column":20}},"loc":{"start":{"line":4,"column":66},"end":{"line":19,"column":1}},"line":4},"1":{"name":"(anonymous_1)","decl":{"start":{"line":13,"column":37},"end":{"line":13,"column":38}},"loc":{"start":{"line":13,"column":43},"end":{"line":13,"column":61}},"line":13}},"branchMap":{"0":{"loc":{"start":{"line":12,"column":61},"end":{"line":12,"column":88}},"type":"cond-expr","locations":[{"start":{"line":12,"column":70},"end":{"line":12,"column":76}},{"start":{"line":12,"column":79},"end":{"line":12,"column":88}}],"line":12}},"s":{"0":10,"1":1,"2":3},"f":{"0":10,"1":1},"b":{"0":[8,2]},"_coverageSchema":"43e27e138ebf9cfc5966b082cf9a028302ed4184","hash":"3d145ec6b6f052a31fa00b123709094b4ddb8a7e"}
,"C:\\Users\\Tsani\\Desktop\\JS-WEB\\Social-Media-Project\\social-media-iwi-app\\client\\iwi-app\\src\\components\\Modals\\Modal.jsx": {"path":"C:\\Users\\Tsani\\Desktop\\JS-WEB\\Social-Media-Project\\social-media-iwi-app\\client\\iwi-app\\src\\components\\Modals\\Modal.jsx","statementMap":{"0":{"start":{"line":6,"column":4},"end":{"line":29,"column":5}},"1":{"start":{"line":19,"column":52},"end":{"line":23,"column":33}},"2":{"start":{"line":32,"column":0},"end":{"line":36,"column":1}}},"fnMap":{"0":{"name":"Modal","decl":{"start":{"line":5,"column":9},"end":{"line":5,"column":14}},"loc":{"start":{"line":5,"column":22},"end":{"line":30,"column":1}},"line":5},"1":{"name":"(anonymous_1)","decl":{"start":{"line":19,"column":46},"end":{"line":19,"column":47}},"loc":{"start":{"line":19,"column":52},"end":{"line":23,"column":33}},"line":19}},"branchMap":{"0":{"loc":{"start":{"line":18,"column":24},"end":{"line":24,"column":65}},"type":"cond-expr","locations":[{"start":{"line":19,"column":30},"end":{"line":23,"column":35}},{"start":{"line":24,"column":30},"end":{"line":24,"column":65}}],"line":18}},"s":{"0":12,"1":10,"2":3},"f":{"0":12,"1":10},"b":{"0":[10,2]},"_coverageSchema":"43e27e138ebf9cfc5966b082cf9a028302ed4184","hash":"87dbac62dff8915e65735d63a236b889a52ce9d2"}
,"C:\\Users\\Tsani\\Desktop\\JS-WEB\\Social-Media-Project\\social-media-iwi-app\\client\\iwi-app\\src\\components\\PostComponents\\CreatePostForm.jsx": {"path":"C:\\Users\\Tsani\\Desktop\\JS-WEB\\Social-Media-Project\\social-media-iwi-app\\client\\iwi-app\\src\\components\\PostComponents\\CreatePostForm.jsx","statementMap":{"0":{"start":{"line":7,"column":4},"end":{"line":14,"column":5}},"1":{"start":{"line":17,"column":0},"end":{"line":20,"column":1}}},"fnMap":{"0":{"name":"CreatePostForm","decl":{"start":{"line":6,"column":9},"end":{"line":6,"column":23}},"loc":{"start":{"line":6,"column":49},"end":{"line":15,"column":1}},"line":6}},"branchMap":{},"s":{"0":5,"1":1},"f":{"0":5},"b":{},"_coverageSchema":"43e27e138ebf9cfc5966b082cf9a028302ed4184","hash":"d3f6d73f964ea71ffae99335c980bfdc8698c852"}
,"C:\\Users\\Tsani\\Desktop\\JS-WEB\\Social-Media-Project\\social-media-iwi-app\\client\\iwi-app\\src\\components\\PostComponents\\PostBtnsBar.jsx": {"path":"C:\\Users\\Tsani\\Desktop\\JS-WEB\\Social-Media-Project\\social-media-iwi-app\\client\\iwi-app\\src\\components\\PostComponents\\PostBtnsBar.jsx","statementMap":{"0":{"start":{"line":7,"column":4},"end":{"line":39,"column":5}},"1":{"start":{"line":42,"column":0},"end":{"line":52,"column":1}}},"fnMap":{"0":{"name":"PostBtnsBar","decl":{"start":{"line":6,"column":9},"end":{"line":6,"column":20}},"loc":{"start":{"line":6,"column":28},"end":{"line":40,"column":1}},"line":6}},"branchMap":{"0":{"loc":{"start":{"line":11,"column":20},"end":{"line":13,"column":108}},"type":"cond-expr","locations":[{"start":{"line":12,"column":26},"end":{"line":12,"column":129}},{"start":{"line":13,"column":26},"end":{"line":13,"column":108}}],"line":11},"1":{"loc":{"start":{"line":15,"column":32},"end":{"line":15,"column":96}},"type":"cond-expr","locations":[{"start":{"line":15,"column":53},"end":{"line":15,"column":73}},{"start":{"line":15,"column":76},"end":{"line":15,"column":96}}],"line":15},"2":{"loc":{"start":{"line":21,"column":20},"end":{"line":34,"column":31}},"type":"cond-expr","locations":[{"start":{"line":23,"column":28},"end":{"line":26,"column":34}},{"start":{"line":28,"column":27},"end":{"line":34,"column":30}}],"line":21},"3":{"loc":{"start":{"line":30,"column":32},"end":{"line":32,"column":42}},"type":"cond-expr","locations":[{"start":{"line":31,"column":38},"end":{"line":31,"column":124}},{"start":{"line":32,"column":38},"end":{"line":32,"column":42}}],"line":30}},"s":{"0":3,"1":1},"f":{"0":3},"b":{"0":[3,0],"1":[0,3],"2":[3,0],"3":[0,0]},"_coverageSchema":"43e27e138ebf9cfc5966b082cf9a028302ed4184","hash":"d3a9f012920ef8cc152ba3ea14a456b7956061f3"}
,"C:\\Users\\Tsani\\Desktop\\JS-WEB\\Social-Media-Project\\social-media-iwi-app\\client\\iwi-app\\src\\components\\PostComponents\\PostMeta.jsx": {"path":"C:\\Users\\Tsani\\Desktop\\JS-WEB\\Social-Media-Project\\social-media-iwi-app\\client\\iwi-app\\src\\components\\PostComponents\\PostMeta.jsx","statementMap":{"0":{"start":{"line":6,"column":4},"end":{"line":28,"column":5}},"1":{"start":{"line":31,"column":0},"end":{"line":44,"column":1}}},"fnMap":{"0":{"name":"PostMeta","decl":{"start":{"line":5,"column":9},"end":{"line":5,"column":17}},"loc":{"start":{"line":5,"column":25},"end":{"line":29,"column":1}},"line":5}},"branchMap":{"0":{"loc":{"start":{"line":14,"column":16},"end":{"line":24,"column":26}},"type":"cond-expr","locations":[{"start":{"line":15,"column":22},"end":{"line":23,"column":22}},{"start":{"line":24,"column":22},"end":{"line":24,"column":26}}],"line":14}},"s":{"0":5,"1":1},"f":{"0":5},"b":{"0":[5,0]},"_coverageSchema":"43e27e138ebf9cfc5966b082cf9a028302ed4184","hash":"057349032ef8beaf7df9731f3474a19af58fa19c"}
,"C:\\Users\\Tsani\\Desktop\\JS-WEB\\Social-Media-Project\\social-media-iwi-app\\client\\iwi-app\\src\\components\\PostComponents\\UploadedImagePreview.jsx": {"path":"C:\\Users\\Tsani\\Desktop\\JS-WEB\\Social-Media-Project\\social-media-iwi-app\\client\\iwi-app\\src\\components\\PostComponents\\UploadedImagePreview.jsx","statementMap":{"0":{"start":{"line":5,"column":4},"end":{"line":14,"column":5}},"1":{"start":{"line":17,"column":0},"end":{"line":20,"column":1}}},"fnMap":{"0":{"name":"UploadedImagePreview","decl":{"start":{"line":4,"column":9},"end":{"line":4,"column":29}},"loc":{"start":{"line":4,"column":37},"end":{"line":15,"column":1}},"line":4}},"branchMap":{"0":{"loc":{"start":{"line":8,"column":16},"end":{"line":11,"column":40}},"type":"cond-expr","locations":[{"start":{"line":8,"column":47},"end":{"line":11,"column":33}},{"start":{"line":11,"column":36},"end":{"line":11,"column":40}}],"line":8}},"s":{"0":6,"1":3},"f":{"0":6},"b":{"0":[4,2]},"_coverageSchema":"43e27e138ebf9cfc5966b082cf9a028302ed4184","hash":"e1d727369832889d986cd55bd2f96b7198194ba5"}
,"C:\\Users\\Tsani\\Desktop\\JS-WEB\\Social-Media-Project\\social-media-iwi-app\\client\\iwi-app\\src\\components\\UserInfoComponents\\UserDataLink.jsx": {"path":"C:\\Users\\Tsani\\Desktop\\JS-WEB\\Social-Media-Project\\social-media-iwi-app\\client\\iwi-app\\src\\components\\UserInfoComponents\\UserDataLink.jsx","statementMap":{"0":{"start":{"line":7,"column":39},"end":{"line":7,"column":49}},"1":{"start":{"line":9,"column":4},"end":{"line":14,"column":5}},"2":{"start":{"line":17,"column":0},"end":{"line":19,"column":1}}},"fnMap":{"0":{"name":"UserDataLink","decl":{"start":{"line":6,"column":9},"end":{"line":6,"column":21}},"loc":{"start":{"line":6,"column":29},"end":{"line":15,"column":1}},"line":6}},"branchMap":{},"s":{"0":12,"1":12,"2":3},"f":{"0":12},"b":{},"_coverageSchema":"43e27e138ebf9cfc5966b082cf9a028302ed4184","hash":"0c084690c93c594079488346c0f6fb33cbf4320e"}
,"C:\\Users\\Tsani\\Desktop\\JS-WEB\\Social-Media-Project\\social-media-iwi-app\\client\\iwi-app\\src\\config\\config.js": {"path":"C:\\Users\\Tsani\\Desktop\\JS-WEB\\Social-Media-Project\\social-media-iwi-app\\client\\iwi-app\\src\\config\\config.js","statementMap":{"0":{"start":{"line":1,"column":15},"end":{"line":1,"column":46}},"1":{"start":{"line":2,"column":14},"end":{"line":2,"column":37}},"2":{"start":{"line":4,"column":12},"end":{"line":4,"column":17}}},"fnMap":{},"branchMap":{},"s":{"0":17,"1":17,"2":17},"f":{},"b":{},"_coverageSchema":"43e27e138ebf9cfc5966b082cf9a028302ed4184","hash":"049817380eca28996d9bd5a33db114b2273c942b"}
,"C:\\Users\\Tsani\\Desktop\\JS-WEB\\Social-Media-Project\\social-media-iwi-app\\client\\iwi-app\\src\\hooks\\useForms.js": {"path":"C:\\Users\\Tsani\\Desktop\\JS-WEB\\Social-Media-Project\\social-media-iwi-app\\client\\iwi-app\\src\\hooks\\useForms.js","statementMap":{"0":{"start":{"line":5,"column":32},"end":{"line":5,"column":44}},"1":{"start":{"line":7,"column":25},"end":{"line":16,"column":5}},"2":{"start":{"line":8,"column":8},"end":{"line":8,"column":27}},"3":{"start":{"line":10,"column":8},"end":{"line":10,"column":19}},"4":{"start":{"line":13,"column":8},"end":{"line":15,"column":9}},"5":{"start":{"line":14,"column":12},"end":{"line":14,"column":37}},"6":{"start":{"line":14,"column":33},"end":{"line":14,"column":35}},"7":{"start":{"line":18,"column":30},"end":{"line":22,"column":5}},"8":{"start":{"line":19,"column":8},"end":{"line":19,"column":20}},"9":{"start":{"line":21,"column":8},"end":{"line":21,"column":78}},"10":{"start":{"line":21,"column":29},"end":{"line":21,"column":75}},"11":{"start":{"line":24,"column":4},"end":{"line":28,"column":5}}},"fnMap":{"0":{"name":"useForms","decl":{"start":{"line":3,"column":9},"end":{"line":3,"column":17}},"loc":{"start":{"line":3,"column":40},"end":{"line":29,"column":1}},"line":3},"1":{"name":"(anonymous_1)","decl":{"start":{"line":7,"column":25},"end":{"line":7,"column":26}},"loc":{"start":{"line":7,"column":32},"end":{"line":16,"column":5}},"line":7},"2":{"name":"(anonymous_2)","decl":{"start":{"line":14,"column":22},"end":{"line":14,"column":23}},"loc":{"start":{"line":14,"column":33},"end":{"line":14,"column":35}},"line":14},"3":{"name":"(anonymous_3)","decl":{"start":{"line":18,"column":30},"end":{"line":18,"column":31}},"loc":{"start":{"line":18,"column":37},"end":{"line":22,"column":5}},"line":18},"4":{"name":"(anonymous_4)","decl":{"start":{"line":21,"column":18},"end":{"line":21,"column":19}},"loc":{"start":{"line":21,"column":29},"end":{"line":21,"column":75}},"line":21}},"branchMap":{"0":{"loc":{"start":{"line":13,"column":8},"end":{"line":15,"column":9}},"type":"if","locations":[{"start":{"line":13,"column":8},"end":{"line":15,"column":9}},{"start":{"line":13,"column":8},"end":{"line":15,"column":9}}],"line":13},"1":{"loc":{"start":{"line":13,"column":12},"end":{"line":13,"column":51}},"type":"binary-expr","locations":[{"start":{"line":13,"column":12},"end":{"line":13,"column":36}},{"start":{"line":13,"column":40},"end":{"line":13,"column":51}}],"line":13}},"s":{"0":33,"1":33,"2":4,"3":4,"4":4,"5":4,"6":4,"7":33,"8":4,"9":4,"10":4,"11":33},"f":{"0":33,"1":4,"2":4,"3":4,"4":4},"b":{"0":[4,0],"1":[4,4]},"_coverageSchema":"43e27e138ebf9cfc5966b082cf9a028302ed4184","hash":"694428696edf55ea2d71584f1ba6dc6b5de5a28f"}
,"C:\\Users\\Tsani\\Desktop\\JS-WEB\\Social-Media-Project\\social-media-iwi-app\\client\\iwi-app\\src\\services\\authService.js": {"path":"C:\\Users\\Tsani\\Desktop\\JS-WEB\\Social-Media-Project\\social-media-iwi-app\\client\\iwi-app\\src\\services\\authService.js","statementMap":{"0":{"start":{"line":8,"column":4},"end":{"line":24,"column":5}},"1":{"start":{"line":9,"column":24},"end":{"line":11,"column":9}},"2":{"start":{"line":10,"column":12},"end":{"line":10,"column":55}},"3":{"start":{"line":13,"column":27},"end":{"line":21,"column":9}},"4":{"start":{"line":23,"column":8},"end":{"line":23,"column":49}},"5":{"start":{"line":28,"column":4},"end":{"line":54,"column":5}},"6":{"start":{"line":29,"column":24},"end":{"line":31,"column":9}},"7":{"start":{"line":30,"column":12},"end":{"line":30,"column":55}},"8":{"start":{"line":33,"column":27},"end":{"line":51,"column":9}},"9":{"start":{"line":41,"column":40},"end":{"line":41,"column":44}},"10":{"start":{"line":44,"column":16},"end":{"line":44,"column":64}},"11":{"start":{"line":45,"column":16},"end":{"line":45,"column":53}},"12":{"start":{"line":46,"column":16},"end":{"line":46,"column":57}},"13":{"start":{"line":47,"column":16},"end":{"line":47,"column":57}},"14":{"start":{"line":48,"column":16},"end":{"line":48,"column":54}},"15":{"start":{"line":53,"column":8},"end":{"line":53,"column":49}},"16":{"start":{"line":58,"column":4},"end":{"line":72,"column":5}},"17":{"start":{"line":59,"column":27},"end":{"line":69,"column":9}},"18":{"start":{"line":67,"column":16},"end":{"line":67,"column":64}},"19":{"start":{"line":71,"column":8},"end":{"line":71,"column":49}}},"fnMap":{"0":{"name":"registerUser","decl":{"start":{"line":7,"column":16},"end":{"line":7,"column":28}},"loc":{"start":{"line":7,"column":39},"end":{"line":25,"column":1}},"line":7},"1":{"name":"(anonymous_1)","decl":{"start":{"line":8,"column":11},"end":{"line":8,"column":12}},"loc":{"start":{"line":8,"column":25},"end":{"line":24,"column":5}},"line":8},"2":{"name":"(anonymous_2)","decl":{"start":{"line":9,"column":24},"end":{"line":9,"column":25}},"loc":{"start":{"line":9,"column":36},"end":{"line":11,"column":9}},"line":9},"3":{"name":"loginUser","decl":{"start":{"line":27,"column":16},"end":{"line":27,"column":25}},"loc":{"start":{"line":27,"column":36},"end":{"line":55,"column":1}},"line":27},"4":{"name":"(anonymous_4)","decl":{"start":{"line":28,"column":11},"end":{"line":28,"column":12}},"loc":{"start":{"line":28,"column":25},"end":{"line":54,"column":5}},"line":28},"5":{"name":"(anonymous_5)","decl":{"start":{"line":29,"column":24},"end":{"line":29,"column":25}},"loc":{"start":{"line":29,"column":36},"end":{"line":31,"column":9}},"line":29},"6":{"name":"(anonymous_6)","decl":{"start":{"line":40,"column":23},"end":{"line":40,"column":24}},"loc":{"start":{"line":40,"column":33},"end":{"line":49,"column":13}},"line":40},"7":{"name":"setCurrentUser","decl":{"start":{"line":57,"column":16},"end":{"line":57,"column":30}},"loc":{"start":{"line":57,"column":39},"end":{"line":73,"column":1}},"line":57},"8":{"name":"(anonymous_8)","decl":{"start":{"line":58,"column":11},"end":{"line":58,"column":12}},"loc":{"start":{"line":58,"column":25},"end":{"line":72,"column":5}},"line":58},"9":{"name":"(anonymous_9)","decl":{"start":{"line":66,"column":23},"end":{"line":66,"column":24}},"loc":{"start":{"line":66,"column":33},"end":{"line":68,"column":13}},"line":66}},"branchMap":{},"s":{"0":1,"1":1,"2":0,"3":1,"4":1,"5":1,"6":1,"7":0,"8":1,"9":1,"10":1,"11":1,"12":1,"13":1,"14":1,"15":1,"16":1,"17":1,"18":1,"19":1},"f":{"0":1,"1":1,"2":0,"3":1,"4":1,"5":0,"6":1,"7":1,"8":1,"9":1},"b":{},"_coverageSchema":"43e27e138ebf9cfc5966b082cf9a028302ed4184","hash":"a2d9fc320dfe1fe7e7d5a4f8a72b72978f169f14"}
,"C:\\Users\\Tsani\\Desktop\\JS-WEB\\Social-Media-Project\\social-media-iwi-app\\client\\iwi-app\\src\\services\\chatService.js": {"path":"C:\\Users\\Tsani\\Desktop\\JS-WEB\\Social-Media-Project\\social-media-iwi-app\\client\\iwi-app\\src\\services\\chatService.js","statementMap":{"0":{"start":{"line":2,"column":4},"end":{"line":2,"column":64}},"1":{"start":{"line":4,"column":4},"end":{"line":9,"column":7}},"2":{"start":{"line":5,"column":8},"end":{"line":8,"column":11}},"3":{"start":{"line":6,"column":12},"end":{"line":6,"column":40}},"4":{"start":{"line":7,"column":12},"end":{"line":7,"column":30}},"5":{"start":{"line":13,"column":4},"end":{"line":13,"column":31}},"6":{"start":{"line":15,"column":4},"end":{"line":19,"column":7}},"7":{"start":{"line":16,"column":8},"end":{"line":18,"column":11}},"8":{"start":{"line":17,"column":12},"end":{"line":17,"column":33}},"9":{"start":{"line":23,"column":4},"end":{"line":23,"column":56}},"10":{"start":{"line":25,"column":4},"end":{"line":29,"column":6}},"11":{"start":{"line":26,"column":8},"end":{"line":28,"column":10}},"12":{"start":{"line":27,"column":12},"end":{"line":27,"column":26}}},"fnMap":{"0":{"name":"getRoomMessages","decl":{"start":{"line":1,"column":9},"end":{"line":1,"column":24}},"loc":{"start":{"line":1,"column":62},"end":{"line":10,"column":1}},"line":1},"1":{"name":"(anonymous_1)","decl":{"start":{"line":4,"column":23},"end":{"line":4,"column":24}},"loc":{"start":{"line":4,"column":44},"end":{"line":9,"column":5}},"line":4},"2":{"name":"(anonymous_2)","decl":{"start":{"line":5,"column":30},"end":{"line":5,"column":31}},"loc":{"start":{"line":5,"column":48},"end":{"line":8,"column":9}},"line":5},"3":{"name":"getOnlineUsers","decl":{"start":{"line":12,"column":9},"end":{"line":12,"column":23}},"loc":{"start":{"line":12,"column":32},"end":{"line":20,"column":1}},"line":12},"4":{"name":"(anonymous_4)","decl":{"start":{"line":15,"column":23},"end":{"line":15,"column":24}},"loc":{"start":{"line":15,"column":44},"end":{"line":19,"column":5}},"line":15},"5":{"name":"(anonymous_5)","decl":{"start":{"line":16,"column":33},"end":{"line":16,"column":34}},"loc":{"start":{"line":16,"column":54},"end":{"line":18,"column":9}},"line":16},"6":{"name":"joinSenderRoom","decl":{"start":{"line":22,"column":9},"end":{"line":22,"column":23}},"loc":{"start":{"line":22,"column":50},"end":{"line":31,"column":1}},"line":22},"7":{"name":"(anonymous_7)","decl":{"start":{"line":25,"column":23},"end":{"line":25,"column":24}},"loc":{"start":{"line":25,"column":44},"end":{"line":29,"column":5}},"line":25},"8":{"name":"(anonymous_8)","decl":{"start":{"line":26,"column":36},"end":{"line":26,"column":37}},"loc":{"start":{"line":26,"column":50},"end":{"line":28,"column":9}},"line":26}},"branchMap":{},"s":{"0":1,"1":1,"2":1,"3":0,"4":0,"5":0,"6":0,"7":0,"8":0,"9":0,"10":0,"11":0,"12":0},"f":{"0":1,"1":1,"2":0,"3":0,"4":0,"5":0,"6":0,"7":0,"8":0},"b":{},"_coverageSchema":"43e27e138ebf9cfc5966b082cf9a028302ed4184","hash":"a628c4bbe1f941cc02315cf048f24b0e358bde9b"}
,"C:\\Users\\Tsani\\Desktop\\JS-WEB\\Social-Media-Project\\social-media-iwi-app\\client\\iwi-app\\src\\services\\commentsService.js": {"path":"C:\\Users\\Tsani\\Desktop\\JS-WEB\\Social-Media-Project\\social-media-iwi-app\\client\\iwi-app\\src\\services\\commentsService.js","statementMap":{"0":{"start":{"line":8,"column":20},"end":{"line":18,"column":5}},"1":{"start":{"line":16,"column":12},"end":{"line":16,"column":31}},"2":{"start":{"line":20,"column":4},"end":{"line":20,"column":32}},"3":{"start":{"line":24,"column":4},"end":{"line":43,"column":5}},"4":{"start":{"line":25,"column":8},"end":{"line":25,"column":50}},"5":{"start":{"line":28,"column":27},"end":{"line":40,"column":9}},"6":{"start":{"line":37,"column":16},"end":{"line":37,"column":65}},"7":{"start":{"line":38,"column":16},"end":{"line":38,"column":70}},"8":{"start":{"line":42,"column":8},"end":{"line":42,"column":49}},"9":{"start":{"line":47,"column":4},"end":{"line":58,"column":5}},"10":{"start":{"line":48,"column":27},"end":{"line":55,"column":9}},"11":{"start":{"line":57,"column":8},"end":{"line":57,"column":49}},"12":{"start":{"line":63,"column":4},"end":{"line":74,"column":5}},"13":{"start":{"line":64,"column":27},"end":{"line":71,"column":9}},"14":{"start":{"line":73,"column":8},"end":{"line":73,"column":49}},"15":{"start":{"line":78,"column":4},"end":{"line":95,"column":5}},"16":{"start":{"line":79,"column":8},"end":{"line":79,"column":50}},"17":{"start":{"line":81,"column":27},"end":{"line":92,"column":9}},"18":{"start":{"line":89,"column":16},"end":{"line":89,"column":67}},"19":{"start":{"line":90,"column":16},"end":{"line":90,"column":76}},"20":{"start":{"line":94,"column":8},"end":{"line":94,"column":49}}},"fnMap":{"0":{"name":"fetchCommentsLikes","decl":{"start":{"line":7,"column":16},"end":{"line":7,"column":34}},"loc":{"start":{"line":7,"column":57},"end":{"line":21,"column":1}},"line":7},"1":{"name":"(anonymous_1)","decl":{"start":{"line":15,"column":17},"end":{"line":15,"column":18}},"loc":{"start":{"line":15,"column":28},"end":{"line":17,"column":9}},"line":15},"2":{"name":"makeComment","decl":{"start":{"line":23,"column":16},"end":{"line":23,"column":27}},"loc":{"start":{"line":23,"column":41},"end":{"line":44,"column":1}},"line":23},"3":{"name":"(anonymous_3)","decl":{"start":{"line":24,"column":11},"end":{"line":24,"column":12}},"loc":{"start":{"line":24,"column":25},"end":{"line":43,"column":5}},"line":24},"4":{"name":"(anonymous_4)","decl":{"start":{"line":36,"column":23},"end":{"line":36,"column":24}},"loc":{"start":{"line":36,"column":33},"end":{"line":39,"column":13}},"line":36},"5":{"name":"likeComment","decl":{"start":{"line":46,"column":16},"end":{"line":46,"column":27}},"loc":{"start":{"line":46,"column":39},"end":{"line":59,"column":1}},"line":46},"6":{"name":"(anonymous_6)","decl":{"start":{"line":47,"column":11},"end":{"line":47,"column":12}},"loc":{"start":{"line":47,"column":25},"end":{"line":58,"column":5}},"line":47},"7":{"name":"dislikeComment","decl":{"start":{"line":62,"column":16},"end":{"line":62,"column":30}},"loc":{"start":{"line":62,"column":42},"end":{"line":75,"column":1}},"line":62},"8":{"name":"(anonymous_8)","decl":{"start":{"line":63,"column":11},"end":{"line":63,"column":12}},"loc":{"start":{"line":63,"column":25},"end":{"line":74,"column":5}},"line":63},"9":{"name":"deleteComment","decl":{"start":{"line":77,"column":16},"end":{"line":77,"column":29}},"loc":{"start":{"line":77,"column":41},"end":{"line":96,"column":1}},"line":77},"10":{"name":"(anonymous_10)","decl":{"start":{"line":78,"column":11},"end":{"line":78,"column":12}},"loc":{"start":{"line":78,"column":25},"end":{"line":95,"column":5}},"line":78},"11":{"name":"(anonymous_11)","decl":{"start":{"line":88,"column":23},"end":{"line":88,"column":24}},"loc":{"start":{"line":88,"column":33},"end":{"line":91,"column":13}},"line":88}},"branchMap":{},"s":{"0":6,"1":0,"2":6,"3":1,"4":1,"5":1,"6":1,"7":1,"8":1,"9":1,"10":1,"11":1,"12":1,"13":1,"14":1,"15":1,"16":1,"17":1,"18":1,"19":1,"20":1},"f":{"0":6,"1":0,"2":1,"3":1,"4":1,"5":1,"6":1,"7":1,"8":1,"9":1,"10":1,"11":1},"b":{},"_coverageSchema":"43e27e138ebf9cfc5966b082cf9a028302ed4184","hash":"d2a32021d5eebe8eeba0db5d521be264de8c2231"}
,"C:\\Users\\Tsani\\Desktop\\JS-WEB\\Social-Media-Project\\social-media-iwi-app\\client\\iwi-app\\src\\services\\postsService.js": {"path":"C:\\Users\\Tsani\\Desktop\\JS-WEB\\Social-Media-Project\\social-media-iwi-app\\client\\iwi-app\\src\\services\\postsService.js","statementMap":{"0":{"start":{"line":9,"column":4},"end":{"line":24,"column":5}},"1":{"start":{"line":10,"column":8},"end":{"line":10,"column":50}},"2":{"start":{"line":11,"column":27},"end":{"line":21,"column":9}},"3":{"start":{"line":19,"column":16},"end":{"line":19,"column":62}},"4":{"start":{"line":23,"column":8},"end":{"line":23,"column":49}},"5":{"start":{"line":28,"column":4},"end":{"line":44,"column":5}},"6":{"start":{"line":29,"column":8},"end":{"line":29,"column":50}},"7":{"start":{"line":31,"column":27},"end":{"line":41,"column":9}},"8":{"start":{"line":39,"column":16},"end":{"line":39,"column":71}},"9":{"start":{"line":43,"column":8},"end":{"line":43,"column":50}},"10":{"start":{"line":48,"column":4},"end":{"line":64,"column":5}},"11":{"start":{"line":49,"column":8},"end":{"line":49,"column":50}},"12":{"start":{"line":51,"column":27},"end":{"line":61,"column":9}},"13":{"start":{"line":59,"column":16},"end":{"line":59,"column":67}},"14":{"start":{"line":63,"column":8},"end":{"line":63,"column":49}},"15":{"start":{"line":68,"column":4},"end":{"line":83,"column":5}},"16":{"start":{"line":69,"column":8},"end":{"line":69,"column":50}},"17":{"start":{"line":70,"column":27},"end":{"line":80,"column":9}},"18":{"start":{"line":78,"column":16},"end":{"line":78,"column":71}},"19":{"start":{"line":82,"column":8},"end":{"line":82,"column":49}},"20":{"start":{"line":87,"column":4},"end":{"line":98,"column":5}},"21":{"start":{"line":88,"column":27},"end":{"line":95,"column":9}},"22":{"start":{"line":97,"column":8},"end":{"line":97,"column":49}},"23":{"start":{"line":102,"column":4},"end":{"line":113,"column":5}},"24":{"start":{"line":103,"column":27},"end":{"line":110,"column":9}},"25":{"start":{"line":112,"column":8},"end":{"line":112,"column":49}},"26":{"start":{"line":117,"column":4},"end":{"line":133,"column":5}},"27":{"start":{"line":118,"column":8},"end":{"line":118,"column":50}},"28":{"start":{"line":120,"column":27},"end":{"line":130,"column":9}},"29":{"start":{"line":128,"column":16},"end":{"line":128,"column":65}},"30":{"start":{"line":132,"column":8},"end":{"line":132,"column":49}},"31":{"start":{"line":137,"column":4},"end":{"line":154,"column":5}},"32":{"start":{"line":138,"column":8},"end":{"line":138,"column":50}},"33":{"start":{"line":140,"column":27},"end":{"line":151,"column":9}},"34":{"start":{"line":149,"column":16},"end":{"line":149,"column":62}},"35":{"start":{"line":153,"column":8},"end":{"line":153,"column":49}}},"fnMap":{"0":{"name":"uploadPost","decl":{"start":{"line":8,"column":16},"end":{"line":8,"column":26}},"loc":{"start":{"line":8,"column":37},"end":{"line":25,"column":1}},"line":8},"1":{"name":"(anonymous_1)","decl":{"start":{"line":9,"column":11},"end":{"line":9,"column":12}},"loc":{"start":{"line":9,"column":25},"end":{"line":24,"column":5}},"line":9},"2":{"name":"(anonymous_2)","decl":{"start":{"line":18,"column":23},"end":{"line":18,"column":24}},"loc":{"start":{"line":18,"column":33},"end":{"line":20,"column":13}},"line":18},"3":{"name":"getUserPosts","decl":{"start":{"line":27,"column":16},"end":{"line":27,"column":28}},"loc":{"start":{"line":27,"column":37},"end":{"line":45,"column":1}},"line":27},"4":{"name":"(anonymous_4)","decl":{"start":{"line":28,"column":11},"end":{"line":28,"column":12}},"loc":{"start":{"line":28,"column":25},"end":{"line":44,"column":5}},"line":28},"5":{"name":"(anonymous_5)","decl":{"start":{"line":38,"column":23},"end":{"line":38,"column":24}},"loc":{"start":{"line":38,"column":33},"end":{"line":40,"column":13}},"line":38},"6":{"name":"getAllSubsPosts","decl":{"start":{"line":47,"column":16},"end":{"line":47,"column":31}},"loc":{"start":{"line":47,"column":34},"end":{"line":65,"column":1}},"line":47},"7":{"name":"(anonymous_7)","decl":{"start":{"line":48,"column":11},"end":{"line":48,"column":12}},"loc":{"start":{"line":48,"column":25},"end":{"line":64,"column":5}},"line":48},"8":{"name":"(anonymous_8)","decl":{"start":{"line":58,"column":23},"end":{"line":58,"column":24}},"loc":{"start":{"line":58,"column":33},"end":{"line":60,"column":13}},"line":58},"9":{"name":"searchPosts","decl":{"start":{"line":67,"column":16},"end":{"line":67,"column":27}},"loc":{"start":{"line":67,"column":44},"end":{"line":84,"column":1}},"line":67},"10":{"name":"(anonymous_10)","decl":{"start":{"line":68,"column":11},"end":{"line":68,"column":12}},"loc":{"start":{"line":68,"column":25},"end":{"line":83,"column":5}},"line":68},"11":{"name":"(anonymous_11)","decl":{"start":{"line":77,"column":23},"end":{"line":77,"column":24}},"loc":{"start":{"line":77,"column":33},"end":{"line":79,"column":13}},"line":77},"12":{"name":"likePost","decl":{"start":{"line":86,"column":16},"end":{"line":86,"column":24}},"loc":{"start":{"line":86,"column":33},"end":{"line":99,"column":1}},"line":86},"13":{"name":"(anonymous_13)","decl":{"start":{"line":87,"column":11},"end":{"line":87,"column":12}},"loc":{"start":{"line":87,"column":25},"end":{"line":98,"column":5}},"line":87},"14":{"name":"dislikePost","decl":{"start":{"line":101,"column":16},"end":{"line":101,"column":27}},"loc":{"start":{"line":101,"column":36},"end":{"line":114,"column":1}},"line":101},"15":{"name":"(anonymous_15)","decl":{"start":{"line":102,"column":11},"end":{"line":102,"column":12}},"loc":{"start":{"line":102,"column":25},"end":{"line":113,"column":5}},"line":102},"16":{"name":"deletePost","decl":{"start":{"line":116,"column":16},"end":{"line":116,"column":26}},"loc":{"start":{"line":116,"column":35},"end":{"line":134,"column":1}},"line":116},"17":{"name":"(anonymous_17)","decl":{"start":{"line":117,"column":11},"end":{"line":117,"column":12}},"loc":{"start":{"line":117,"column":25},"end":{"line":133,"column":5}},"line":117},"18":{"name":"(anonymous_18)","decl":{"start":{"line":127,"column":23},"end":{"line":127,"column":24}},"loc":{"start":{"line":127,"column":33},"end":{"line":129,"column":13}},"line":127},"19":{"name":"editPost","decl":{"start":{"line":136,"column":16},"end":{"line":136,"column":24}},"loc":{"start":{"line":136,"column":43},"end":{"line":155,"column":1}},"line":136},"20":{"name":"(anonymous_20)","decl":{"start":{"line":137,"column":11},"end":{"line":137,"column":12}},"loc":{"start":{"line":137,"column":25},"end":{"line":154,"column":5}},"line":137},"21":{"name":"(anonymous_21)","decl":{"start":{"line":148,"column":23},"end":{"line":148,"column":24}},"loc":{"start":{"line":148,"column":33},"end":{"line":150,"column":13}},"line":148}},"branchMap":{},"s":{"0":1,"1":1,"2":1,"3":1,"4":1,"5":1,"6":1,"7":1,"8":1,"9":1,"10":1,"11":1,"12":1,"13":1,"14":1,"15":1,"16":1,"17":1,"18":1,"19":1,"20":1,"21":1,"22":1,"23":1,"24":1,"25":1,"26":1,"27":1,"28":1,"29":1,"30":1,"31":1,"32":1,"33":1,"34":1,"35":1},"f":{"0":1,"1":1,"2":1,"3":1,"4":1,"5":1,"6":1,"7":1,"8":1,"9":1,"10":1,"11":1,"12":1,"13":1,"14":1,"15":1,"16":1,"17":1,"18":1,"19":1,"20":1,"21":1},"b":{},"_coverageSchema":"43e27e138ebf9cfc5966b082cf9a028302ed4184","hash":"362183fa61087837ed364966462fb3c0138e1a14"}
,"C:\\Users\\Tsani\\Desktop\\JS-WEB\\Social-Media-Project\\social-media-iwi-app\\client\\iwi-app\\src\\services\\usersService.js": {"path":"C:\\Users\\Tsani\\Desktop\\JS-WEB\\Social-Media-Project\\social-media-iwi-app\\client\\iwi-app\\src\\services\\usersService.js","statementMap":{"0":{"start":{"line":11,"column":4},"end":{"line":27,"column":5}},"1":{"start":{"line":12,"column":8},"end":{"line":12,"column":50}},"2":{"start":{"line":14,"column":27},"end":{"line":24,"column":9}},"3":{"start":{"line":22,"column":16},"end":{"line":22,"column":66}},"4":{"start":{"line":26,"column":8},"end":{"line":26,"column":49}},"5":{"start":{"line":31,"column":4},"end":{"line":48,"column":5}},"6":{"start":{"line":32,"column":8},"end":{"line":32,"column":50}},"7":{"start":{"line":34,"column":27},"end":{"line":45,"column":9}},"8":{"start":{"line":42,"column":16},"end":{"line":42,"column":61}},"9":{"start":{"line":43,"column":16},"end":{"line":43,"column":73}},"10":{"start":{"line":47,"column":8},"end":{"line":47,"column":49}},"11":{"start":{"line":52,"column":4},"end":{"line":69,"column":5}},"12":{"start":{"line":53,"column":8},"end":{"line":53,"column":50}},"13":{"start":{"line":55,"column":27},"end":{"line":66,"column":9}},"14":{"start":{"line":63,"column":16},"end":{"line":63,"column":58}},"15":{"start":{"line":64,"column":16},"end":{"line":64,"column":60}},"16":{"start":{"line":68,"column":8},"end":{"line":68,"column":49}},"17":{"start":{"line":73,"column":4},"end":{"line":90,"column":5}},"18":{"start":{"line":74,"column":8},"end":{"line":74,"column":50}},"19":{"start":{"line":76,"column":27},"end":{"line":87,"column":9}},"20":{"start":{"line":84,"column":16},"end":{"line":84,"column":60}},"21":{"start":{"line":85,"column":16},"end":{"line":85,"column":62}},"22":{"start":{"line":89,"column":8},"end":{"line":89,"column":49}},"23":{"start":{"line":94,"column":4},"end":{"line":113,"column":5}},"24":{"start":{"line":95,"column":8},"end":{"line":95,"column":50}},"25":{"start":{"line":97,"column":27},"end":{"line":110,"column":9}},"26":{"start":{"line":106,"column":16},"end":{"line":106,"column":69}},"27":{"start":{"line":107,"column":16},"end":{"line":107,"column":62}},"28":{"start":{"line":108,"column":16},"end":{"line":108,"column":73}},"29":{"start":{"line":112,"column":8},"end":{"line":112,"column":49}},"30":{"start":{"line":117,"column":4},"end":{"line":134,"column":5}},"31":{"start":{"line":118,"column":8},"end":{"line":118,"column":50}},"32":{"start":{"line":120,"column":27},"end":{"line":131,"column":9}},"33":{"start":{"line":128,"column":16},"end":{"line":128,"column":62}},"34":{"start":{"line":129,"column":16},"end":{"line":129,"column":73}},"35":{"start":{"line":133,"column":8},"end":{"line":133,"column":49}},"36":{"start":{"line":138,"column":4},"end":{"line":158,"column":5}},"37":{"start":{"line":139,"column":8},"end":{"line":139,"column":50}},"38":{"start":{"line":141,"column":27},"end":{"line":155,"column":9}},"39":{"start":{"line":152,"column":16},"end":{"line":152,"column":58}},"40":{"start":{"line":153,"column":16},"end":{"line":153,"column":58}},"41":{"start":{"line":157,"column":8},"end":{"line":157,"column":49}}},"fnMap":{"0":{"name":"searchUser","decl":{"start":{"line":10,"column":16},"end":{"line":10,"column":26}},"loc":{"start":{"line":10,"column":43},"end":{"line":28,"column":1}},"line":10},"1":{"name":"(anonymous_1)","decl":{"start":{"line":11,"column":11},"end":{"line":11,"column":12}},"loc":{"start":{"line":11,"column":25},"end":{"line":27,"column":5}},"line":11},"2":{"name":"(anonymous_2)","decl":{"start":{"line":21,"column":23},"end":{"line":21,"column":24}},"loc":{"start":{"line":21,"column":33},"end":{"line":23,"column":13}},"line":21},"3":{"name":"getUser","decl":{"start":{"line":30,"column":16},"end":{"line":30,"column":23}},"loc":{"start":{"line":30,"column":32},"end":{"line":49,"column":1}},"line":30},"4":{"name":"(anonymous_4)","decl":{"start":{"line":31,"column":11},"end":{"line":31,"column":12}},"loc":{"start":{"line":31,"column":25},"end":{"line":48,"column":5}},"line":31},"5":{"name":"(anonymous_5)","decl":{"start":{"line":41,"column":23},"end":{"line":41,"column":24}},"loc":{"start":{"line":41,"column":33},"end":{"line":44,"column":13}},"line":41},"6":{"name":"followUser","decl":{"start":{"line":51,"column":16},"end":{"line":51,"column":26}},"loc":{"start":{"line":51,"column":35},"end":{"line":70,"column":1}},"line":51},"7":{"name":"(anonymous_7)","decl":{"start":{"line":52,"column":11},"end":{"line":52,"column":12}},"loc":{"start":{"line":52,"column":25},"end":{"line":69,"column":5}},"line":52},"8":{"name":"(anonymous_8)","decl":{"start":{"line":62,"column":23},"end":{"line":62,"column":24}},"loc":{"start":{"line":62,"column":33},"end":{"line":65,"column":13}},"line":62},"9":{"name":"unfollowUser","decl":{"start":{"line":72,"column":16},"end":{"line":72,"column":28}},"loc":{"start":{"line":72,"column":37},"end":{"line":91,"column":1}},"line":72},"10":{"name":"(anonymous_10)","decl":{"start":{"line":73,"column":11},"end":{"line":73,"column":12}},"loc":{"start":{"line":73,"column":25},"end":{"line":90,"column":5}},"line":73},"11":{"name":"(anonymous_11)","decl":{"start":{"line":83,"column":23},"end":{"line":83,"column":24}},"loc":{"start":{"line":83,"column":33},"end":{"line":86,"column":13}},"line":83},"12":{"name":"editUserInfo","decl":{"start":{"line":93,"column":16},"end":{"line":93,"column":28}},"loc":{"start":{"line":93,"column":39},"end":{"line":114,"column":1}},"line":93},"13":{"name":"(anonymous_13)","decl":{"start":{"line":94,"column":11},"end":{"line":94,"column":12}},"loc":{"start":{"line":94,"column":25},"end":{"line":113,"column":5}},"line":94},"14":{"name":"(anonymous_14)","decl":{"start":{"line":105,"column":23},"end":{"line":105,"column":24}},"loc":{"start":{"line":105,"column":33},"end":{"line":109,"column":13}},"line":105},"15":{"name":"changeUserPic","decl":{"start":{"line":116,"column":16},"end":{"line":116,"column":29}},"loc":{"start":{"line":116,"column":39},"end":{"line":135,"column":1}},"line":116},"16":{"name":"(anonymous_16)","decl":{"start":{"line":117,"column":11},"end":{"line":117,"column":12}},"loc":{"start":{"line":117,"column":31},"end":{"line":134,"column":5}},"line":117},"17":{"name":"(anonymous_17)","decl":{"start":{"line":127,"column":23},"end":{"line":127,"column":24}},"loc":{"start":{"line":127,"column":33},"end":{"line":130,"column":13}},"line":127},"18":{"name":"changePassword","decl":{"start":{"line":137,"column":16},"end":{"line":137,"column":30}},"loc":{"start":{"line":137,"column":41},"end":{"line":159,"column":1}},"line":137},"19":{"name":"(anonymous_19)","decl":{"start":{"line":138,"column":11},"end":{"line":138,"column":12}},"loc":{"start":{"line":138,"column":25},"end":{"line":158,"column":5}},"line":138},"20":{"name":"(anonymous_20)","decl":{"start":{"line":149,"column":23},"end":{"line":149,"column":24}},"loc":{"start":{"line":149,"column":33},"end":{"line":150,"column":13}},"line":149},"21":{"name":"(anonymous_21)","decl":{"start":{"line":151,"column":21},"end":{"line":151,"column":22}},"loc":{"start":{"line":151,"column":32},"end":{"line":154,"column":13}},"line":151}},"branchMap":{},"s":{"0":1,"1":1,"2":1,"3":1,"4":1,"5":1,"6":1,"7":1,"8":1,"9":1,"10":1,"11":1,"12":1,"13":1,"14":1,"15":1,"16":1,"17":1,"18":1,"19":1,"20":1,"21":1,"22":1,"23":1,"24":1,"25":1,"26":1,"27":1,"28":1,"29":1,"30":1,"31":1,"32":1,"33":1,"34":1,"35":1,"36":1,"37":1,"38":1,"39":0,"40":0,"41":1},"f":{"0":1,"1":1,"2":1,"3":1,"4":1,"5":1,"6":1,"7":1,"8":1,"9":1,"10":1,"11":1,"12":1,"13":1,"14":1,"15":1,"16":1,"17":1,"18":1,"19":1,"20":1,"21":0},"b":{},"_coverageSchema":"43e27e138ebf9cfc5966b082cf9a028302ed4184","hash":"d163fafc48f861ea901fd66cd584caca1ad9a9a7"}
,"C:\\Users\\Tsani\\Desktop\\JS-WEB\\Social-Media-Project\\social-media-iwi-app\\client\\iwi-app\\src\\store\\actions\\authActions\\actionTypes.js": {"path":"C:\\Users\\Tsani\\Desktop\\JS-WEB\\Social-Media-Project\\social-media-iwi-app\\client\\iwi-app\\src\\store\\actions\\authActions\\actionTypes.js","statementMap":{"0":{"start":{"line":1,"column":30},"end":{"line":1,"column":46}},"1":{"start":{"line":2,"column":26},"end":{"line":2,"column":38}},"2":{"start":{"line":3,"column":32},"end":{"line":3,"column":50}},"3":{"start":{"line":4,"column":22},"end":{"line":4,"column":35}},"4":{"start":{"line":5,"column":27},"end":{"line":5,"column":35}},"5":{"start":{"line":6,"column":29},"end":{"line":6,"column":39}}},"fnMap":{},"branchMap":{},"s":{"0":3,"1":3,"2":3,"3":3,"4":3,"5":3},"f":{},"b":{},"_coverageSchema":"43e27e138ebf9cfc5966b082cf9a028302ed4184","hash":"b7d4f4cfc71e715d62ca738767db10bed9fbd195"}
[...]
n":12},"end":{"line":58,"column":53}},"25":{"start":{"line":60,"column":12},"end":{"line":60,"column":86}},"26":{"start":{"line":60,"column":53},"end":{"line":60,"column":84}},"27":{"start":{"line":62,"column":12},"end":{"line":62,"column":67}},"28":{"start":{"line":64,"column":12},"end":{"line":64,"column":67}},"29":{"start":{"line":66,"column":12},"end":{"line":66,"column":67}},"30":{"start":{"line":68,"column":12},"end":{"line":68,"column":29}},"31":{"start":{"line":70,"column":12},"end":{"line":70,"column":28}}},"fnMap":{"0":{"name":"updatePost","decl":{"start":{"line":10,"column":16},"end":{"line":10,"column":26}},"loc":{"start":{"line":10,"column":56},"end":{"line":18,"column":1}},"line":10},"1":{"name":"(anonymous_1)","decl":{"start":{"line":11,"column":65},"end":{"line":11,"column":66}},"loc":{"start":{"line":11,"column":72},"end":{"line":11,"column":128}},"line":11},"2":{"name":"deletePost","decl":{"start":{"line":20,"column":16},"end":{"line":20,"column":26}},"loc":{"start":{"line":20,"column":43},"end":{"line":24,"column":1}},"line":20},"3":{"name":"(anonymous_3)","decl":{"start":{"line":21,"column":53},"end":{"line":21,"column":54}},"loc":{"start":{"line":21,"column":58},"end":{"line":21,"column":153}},"line":21},"4":{"name":"getAllPosts","decl":{"start":{"line":26,"column":16},"end":{"line":26,"column":27}},"loc":{"start":{"line":26,"column":44},"end":{"line":43,"column":1}},"line":26},"5":{"name":"(anonymous_5)","decl":{"start":{"line":31,"column":54},"end":{"line":31,"column":55}},"loc":{"start":{"line":31,"column":59},"end":{"line":33,"column":9}},"line":31},"6":{"name":"posts","decl":{"start":{"line":45,"column":24},"end":{"line":45,"column":29}},"loc":{"start":{"line":45,"column":60},"end":{"line":72,"column":1}},"line":45},"7":{"name":"(anonymous_7)","decl":{"start":{"line":60,"column":44},"end":{"line":60,"column":45}},"loc":{"start":{"line":60,"column":53},"end":{"line":60,"column":84}},"line":60}},"branchMap":{"0":{"loc":{"start":{"line":11,"column":73},"end":{"line":11,"column":114}},"type":"cond-expr","locations":[{"start":{"line":11,"column":90},"end":{"line":11,"column":104}},{"start":{"line":11,"column":107},"end":{"line":11,"column":114}}],"line":11},"1":{"loc":{"start":{"line":13,"column":4},"end":{"line":15,"column":5}},"type":"if","locations":[{"start":{"line":13,"column":4},"end":{"line":15,"column":5}},{"start":{"line":13,"column":4},"end":{"line":15,"column":5}}],"line":13},"2":{"loc":{"start":{"line":21,"column":59},"end":{"line":21,"column":117}},"type":"cond-expr","locations":[{"start":{"line":21,"column":74},"end":{"line":21,"column":101}},{"start":{"line":21,"column":104},"end":{"line":21,"column":117}}],"line":21},"3":{"loc":{"start":{"line":35,"column":8},"end":{"line":39,"column":9}},"type":"if","locations":[{"start":{"line":35,"column":8},"end":{"line":39,"column":9}},{"start":{"line":35,"column":8},"end":{"line":39,"column":9}}],"line":35},"4":{"loc":{"start":{"line":45,"column":30},"end":{"line":45,"column":50}},"type":"default-arg","locations":[{"start":{"line":45,"column":41},"end":{"line":45,"column":50}}],"line":45},"5":{"loc":{"start":{"line":46,"column":4},"end":{"line":71,"column":5}},"type":"switch","locations":[{"start":{"line":47,"column":8},"end":{"line":47,"column":54}},{"start":{"line":48,"column":8},"end":{"line":48,"column":49}},{"start":{"line":49,"column":8},"end":{"line":50,"column":53}},{"start":{"line":51,"column":8},"end":{"line":52,"column":62}},{"start":{"line":53,"column":8},"end":{"line":54,"column":62}},{"start":{"line":55,"column":8},"end":{"line":56,"column":62}},{"start":{"line":57,"column":8},"end":{"line":58,"column":53}},{"start":{"line":59,"column":8},"end":{"line":60,"column":86}},{"start":{"line":61,"column":8},"end":{"line":62,"column":67}},{"start":{"line":63,"column":8},"end":{"line":64,"column":67}},{"start":{"line":65,"column":8},"end":{"line":66,"column":67}},{"start":{"line":67,"column":8},"end":{"line":68,"column":29}},{"start":{"line":69,"column":8},"end":{"line":70,"column":28}}],"line":46}},"s":{"0":1,"1":6,"2":1,"3":6,"4":1,"5":5,"6":2,"7":1,"8":2,"9":4,"10":4,"11":4,"12":4,"13":2,"14":2,"15":2,"16":1,"17":1,"18":4,"19":13,"20":3,"21":1,"22":1,"23":1,"24":1,"25":1,"26":1,"27":1,"28":1,"29":1,"30":1,"31":1},"f":{"0":6,"1":1,"2":2,"3":1,"4":4,"5":2,"6":13,"7":1},"b":{"0":[1,0],"1":[1,5],"2":[1,0],"3":[1,1],"4":[1],"5":[1,2,3,1,1,1,1,1,1,1,1,1,1]},"_coverageSchema":"43e27e138ebf9cfc5966b082cf9a028302ed4184","hash":"ef7dcfb87776bc5824223100abe17905dc042c95"}
,"C:\\Users\\Tsani\\Desktop\\JS-WEB\\Social-Media-Project\\social-media-iwi-app\\client\\iwi-app\\src\\utils\\axiosRequest.js": {"path":"C:\\Users\\Tsani\\Desktop\\JS-WEB\\Social-Media-Project\\social-media-iwi-app\\client\\iwi-app\\src\\utils\\axiosRequest.js","statementMap":{"0":{"start":{"line":4,"column":4},"end":{"line":28,"column":5}},"1":{"start":{"line":5,"column":8},"end":{"line":7,"column":9}},"2":{"start":{"line":6,"column":12},"end":{"line":6,"column":65}},"3":{"start":{"line":9,"column":20},"end":{"line":14,"column":10}},"4":{"start":{"line":16,"column":25},"end":{"line":16,"column":28}},"5":{"start":{"line":18,"column":8},"end":{"line":18,"column":55}},"6":{"start":{"line":18,"column":31},"end":{"line":18,"column":55}},"7":{"start":{"line":21,"column":8},"end":{"line":25,"column":9}},"8":{"start":{"line":22,"column":12},"end":{"line":22,"column":35}},"9":{"start":{"line":23,"column":12},"end":{"line":23,"column":106}},"10":{"start":{"line":24,"column":12},"end":{"line":24,"column":40}},"11":{"start":{"line":27,"column":8},"end":{"line":27,"column":36}}},"fnMap":{"0":{"name":"axiosRequest","decl":{"start":{"line":3,"column":15},"end":{"line":3,"column":27}},"loc":{"start":{"line":3,"column":48},"end":{"line":29,"column":1}},"line":3}},"branchMap":{"0":{"loc":{"start":{"line":5,"column":8},"end":{"line":7,"column":9}},"type":"if","locations":[{"start":{"line":5,"column":8},"end":{"line":7,"column":9}},{"start":{"line":5,"column":8},"end":{"line":7,"column":9}}],"line":5},"1":{"loc":{"start":{"line":12,"column":18},"end":{"line":12,"column":52}},"type":"cond-expr","locations":[{"start":{"line":12,"column":33},"end":{"line":12,"column":45}},{"start":{"line":12,"column":48},"end":{"line":12,"column":52}}],"line":12},"2":{"loc":{"start":{"line":18,"column":8},"end":{"line":18,"column":55}},"type":"if","locations":[{"start":{"line":18,"column":8},"end":{"line":18,"column":55}},{"start":{"line":18,"column":8},"end":{"line":18,"column":55}}],"line":18},"3":{"loc":{"start":{"line":21,"column":8},"end":{"line":25,"column":9}},"type":"if","locations":[{"start":{"line":21,"column":8},"end":{"line":25,"column":9}},{"start":{"line":21,"column":8},"end":{"line":25,"column":9}}],"line":21},"4":{"loc":{"start":{"line":23,"column":28},"end":{"line":23,"column":105}},"type":"cond-expr","locations":[{"start":{"line":23,"column":57},"end":{"line":23,"column":83}},{"start":{"line":23,"column":86},"end":{"line":23,"column":105}}],"line":23}},"s":{"0":28,"1":28,"2":0,"3":28,"4":22,"5":22,"6":22,"7":0,"8":0,"9":0,"10":0,"11":0},"f":{"0":28},"b":{"0":[0,28],"1":[8,20],"2":[22,0],"3":[0,0],"4":[0,0]},"_coverageSchema":"43e27e138ebf9cfc5966b082cf9a028302ed4184","hash":"27d8b68c2590f401b90efb615f51bc833474f553"}
,"C:\\Users\\Tsani\\Desktop\\JS-WEB\\Social-Media-Project\\social-media-iwi-app\\client\\iwi-app\\src\\utils\\calcTime.js": {"path":"C:\\Users\\Tsani\\Desktop\\JS-WEB\\Social-Media-Project\\social-media-iwi-app\\client\\iwi-app\\src\\utils\\calcTime.js","statementMap":{"0":{"start":{"line":2,"column":15},"end":{"line":2,"column":53}},"1":{"start":{"line":3,"column":4},"end":{"line":3,"column":36}},"2":{"start":{"line":4,"column":4},"end":{"line":4,"column":46}},"3":{"start":{"line":4,"column":18},"end":{"line":4,"column":46}},"4":{"start":{"line":5,"column":4},"end":{"line":5,"column":61}},"5":{"start":{"line":5,"column":19},"end":{"line":5,"column":61}},"6":{"start":{"line":6,"column":4},"end":{"line":6,"column":33}},"7":{"start":{"line":7,"column":4},"end":{"line":7,"column":59}},"8":{"start":{"line":7,"column":19},"end":{"line":7,"column":59}},"9":{"start":{"line":8,"column":4},"end":{"line":8,"column":33}},"10":{"start":{"line":9,"column":4},"end":{"line":9,"column":58}},"11":{"start":{"line":9,"column":19},"end":{"line":9,"column":58}},"12":{"start":{"line":10,"column":4},"end":{"line":10,"column":33}},"13":{"start":{"line":11,"column":4},"end":{"line":11,"column":60}},"14":{"start":{"line":11,"column":19},"end":{"line":11,"column":60}},"15":{"start":{"line":12,"column":4},"end":{"line":12,"column":33}},"16":{"start":{"line":13,"column":4},"end":{"line":13,"column":44}},"17":{"start":{"line":15,"column":8},"end":{"line":16,"column":23}},"18":{"start":{"line":15,"column":25},"end":{"line":15,"column":36}},"19":{"start":{"line":16,"column":13},"end":{"line":16,"column":23}}},"fnMap":{"0":{"name":"calcTime","decl":{"start":{"line":1,"column":24},"end":{"line":1,"column":32}},"loc":{"start":{"line":1,"column":48},"end":{"line":18,"column":1}},"line":1},"1":{"name":"pluralize","decl":{"start":{"line":14,"column":13},"end":{"line":14,"column":22}},"loc":{"start":{"line":14,"column":30},"end":{"line":17,"column":5}},"line":14}},"branchMap":{"0":{"loc":{"start":{"line":4,"column":4},"end":{"line":4,"column":46}},"type":"if","locations":[{"start":{"line":4,"column":4},"end":{"line":4,"column":46}},{"start":{"line":4,"column":4},"end":{"line":4,"column":46}}],"line":4},"1":{"loc":{"start":{"line":5,"column":4},"end":{"line":5,"column":61}},"type":"if","locations":[{"start":{"line":5,"column":4},"end":{"line":5,"column":61}},{"start":{"line":5,"column":4},"end":{"line":5,"column":61}}],"line":5},"2":{"loc":{"start":{"line":7,"column":4},"end":{"line":7,"column":59}},"type":"if","locations":[{"start":{"line":7,"column":4},"end":{"line":7,"column":59}},{"start":{"line":7,"column":4},"end":{"line":7,"column":59}}],"line":7},"3":{"loc":{"start":{"line":9,"column":4},"end":{"line":9,"column":58}},"type":"if","locations":[{"start":{"line":9,"column":4},"end":{"line":9,"column":58}},{"start":{"line":9,"column":4},"end":{"line":9,"column":58}}],"line":9},"4":{"loc":{"start":{"line":11,"column":4},"end":{"line":11,"column":60}},"type":"if","locations":[{"start":{"line":11,"column":4},"end":{"line":11,"column":60}},{"start":{"line":11,"column":4},"end":{"line":11,"column":60}}],"line":11},"5":{"loc":{"start":{"line":15,"column":8},"end":{"line":16,"column":23}},"type":"if","locations":[{"start":{"line":15,"column":8},"end":{"line":16,"column":23}},{"start":{"line":15,"column":8},"end":{"line":16,"column":23}}],"line":15}},"s":{"0":16,"1":16,"2":16,"3":0,"4":16,"5":0,"6":16,"7":16,"8":0,"9":16,"10":16,"11":0,"12":16,"13":16,"14":0,"15":16,"16":16,"17":16,"18":16,"19":0},"f":{"0":16,"1":16},"b":{"0":[0,16],"1":[0,16],"2":[0,16],"3":[0,16],"4":[0,16],"5":[16,0]},"_coverageSchema":"43e27e138ebf9cfc5966b082cf9a028302ed4184","hash":"94fb542cebd40d46b0faa881846b50c53501c078"}
,"C:\\Users\\Tsani\\Desktop\\JS-WEB\\Social-Media-Project\\social-media-iwi-app\\client\\iwi-app\\src\\utils\\fetchRequest.js": {"path":"C:\\Users\\Tsani\\Desktop\\JS-WEB\\Social-Media-Project\\social-media-iwi-app\\client\\iwi-app\\src\\utils\\fetchRequest.js","statementMap":{"0":{"start":{"line":2,"column":4},"end":{"line":27,"column":5}},"1":{"start":{"line":3,"column":8},"end":{"line":5,"column":9}},"2":{"start":{"line":4,"column":12},"end":{"line":4,"column":66}},"3":{"start":{"line":8,"column":19},"end":{"line":8,"column":97}},"4":{"start":{"line":10,"column":20},"end":{"line":14,"column":10}},"5":{"start":{"line":16,"column":21},"end":{"line":16,"column":37}},"6":{"start":{"line":18,"column":8},"end":{"line":20,"column":9}},"7":{"start":{"line":19,"column":12},"end":{"line":19,"column":68}},"8":{"start":{"line":22,"column":8},"end":{"line":22,"column":55}},"9":{"start":{"line":22,"column":31},"end":{"line":22,"column":55}},"10":{"start":{"line":24,"column":8},"end":{"line":24,"column":30}},"11":{"start":{"line":26,"column":8},"end":{"line":26,"column":27}}},"fnMap":{"0":{"name":"fetchRequest","decl":{"start":{"line":1,"column":15},"end":{"line":1,"column":27}},"loc":{"start":{"line":1,"column":48},"end":{"line":28,"column":1}},"line":1}},"branchMap":{"0":{"loc":{"start":{"line":3,"column":8},"end":{"line":5,"column":9}},"type":"if","locations":[{"start":{"line":3,"column":8},"end":{"line":5,"column":9}},{"start":{"line":3,"column":8},"end":{"line":5,"column":9}}],"line":3},"1":{"loc":{"start":{"line":8,"column":19},"end":{"line":8,"column":97}},"type":"cond-expr","locations":[{"start":{"line":8,"column":54},"end":{"line":8,"column":66}},{"start":{"line":8,"column":69},"end":{"line":8,"column":97}}],"line":8},"2":{"loc":{"start":{"line":18,"column":8},"end":{"line":20,"column":9}},"type":"if","locations":[{"start":{"line":18,"column":8},"end":{"line":20,"column":9}},{"start":{"line":18,"column":8},"end":{"line":20,"column":9}}],"line":18},"3":{"loc":{"start":{"line":18,"column":12},"end":{"line":18,"column":37}},"type":"binary-expr","locations":[{"start":{"line":18,"column":12},"end":{"line":18,"column":22}},{"start":{"line":18,"column":26},"end":{"line":18,"column":37}}],"line":18},"4":{"loc":{"start":{"line":19,"column":35},"end":{"line":19,"column":66}},"type":"cond-expr","locations":[{"start":{"line":19,"column":48},"end":{"line":19,"column":52}},{"start":{"line":19,"column":55},"end":{"line":19,"column":66}}],"line":19},"5":{"loc":{"start":{"line":22,"column":8},"end":{"line":22,"column":55}},"type":"if","locations":[{"start":{"line":22,"column":8},"end":{"line":22,"column":55}},{"start":{"line":22,"column":8},"end":{"line":22,"column":55}}],"line":22}},"s":{"0":0,"1":0,"2":0,"3":0,"4":0,"5":0,"6":0,"7":0,"8":0,"9":0,"10":0,"11":0},"f":{"0":0},"b":{"0":[0,0],"1":[0,0],"2":[0,0],"3":[0,0],"4":[0,0],"5":[0,0]},"_coverageSchema":"43e27e138ebf9cfc5966b082cf9a028302ed4184","hash":"69eb3d3c58a3779ba56b7b9b15c9b91c4108c24b"}
,"C:\\Users\\Tsani\\Desktop\\JS-WEB\\Social-Media-Project\\social-media-iwi-app\\client\\iwi-app\\src\\utils\\getFieldStyles.js": {"path":"C:\\Users\\Tsani\\Desktop\\JS-WEB\\Social-Media-Project\\social-media-iwi-app\\client\\iwi-app\\src\\utils\\getFieldStyles.js","statementMap":{"0":{"start":{"line":4,"column":4},"end":{"line":9,"column":5}},"1":{"start":{"line":5,"column":8},"end":{"line":8,"column":9}}},"fnMap":{"0":{"name":"getFieldStyles","decl":{"start":{"line":3,"column":24},"end":{"line":3,"column":38}},"loc":{"start":{"line":3,"column":58},"end":{"line":10,"column":1}},"line":3}},"branchMap":{"0":{"loc":{"start":{"line":4,"column":4},"end":{"line":9,"column":5}},"type":"if","locations":[{"start":{"line":4,"column":4},"end":{"line":9,"column":5}},{"start":{"line":4,"column":4},"end":{"line":9,"column":5}}],"line":4}},"s":{"0":21,"1":0},"f":{"0":21},"b":{"0":[0,21]},"_coverageSchema":"43e27e138ebf9cfc5966b082cf9a028302ed4184","hash":"cf888620f3f7f89e45e8f082b0c63bbbbb33bf82"}
,"C:\\Users\\Tsani\\Desktop\\JS-WEB\\Social-Media-Project\\social-media-iwi-app\\client\\iwi-app\\src\\utils\\httpRequest.js": {"path":"C:\\Users\\Tsani\\Desktop\\JS-WEB\\Social-Media-Project\\social-media-iwi-app\\client\\iwi-app\\src\\utils\\httpRequest.js","statementMap":{"0":{"start":{"line":8,"column":22},"end":{"line":8,"column":45}},"1":{"start":{"line":9,"column":23},"end":{"line":9,"column":67}},"2":{"start":{"line":10,"column":23},"end":{"line":10,"column":65}},"3":{"start":{"line":12,"column":4},"end":{"line":20,"column":5}},"4":{"start":{"line":13,"column":8},"end":{"line":15,"column":9}},"5":{"start":{"line":14,"column":12},"end":{"line":14,"column":53}},"6":{"start":{"line":17,"column":8},"end":{"line":19,"column":9}},"7":{"start":{"line":18,"column":12},"end":{"line":18,"column":29}},"8":{"start":{"line":22,"column":4},"end":{"line":30,"column":5}},"9":{"start":{"line":23,"column":8},"end":{"line":25,"column":9}},"10":{"start":{"line":24,"column":12},"end":{"line":24,"column":54}},"11":{"start":{"line":27,"column":8},"end":{"line":29,"column":9}},"12":{"start":{"line":28,"column":12},"end":{"line":28,"column":28}},"13":{"start":{"line":32,"column":4},"end":{"line":36,"column":5}},"14":{"start":{"line":33,"column":8},"end":{"line":33,"column":48}},"15":{"start":{"line":35,"column":8},"end":{"line":35,"column":48}}},"fnMap":{"0":{"name":"httpRequest","decl":{"start":{"line":5,"column":15},"end":{"line":5,"column":26}},"loc":{"start":{"line":5,"column":46},"end":{"line":37,"column":1}},"line":5},"1":{"name":"(anonymous_1)","decl":{"start":{"line":12,"column":24},"end":{"line":12,"column":25}},"loc":{"start":{"line":12,"column":34},"end":{"line":20,"column":5}},"line":12},"2":{"name":"(anonymous_2)","decl":{"start":{"line":22,"column":22},"end":{"line":22,"column":23}},"loc":{"start":{"line":22,"column":32},"end":{"line":30,"column":5}},"line":22}},"branchMap":{"0":{"loc":{"start":{"line":9,"column":23},"end":{"line":9,"column":67}},"type":"cond-expr","locations":[{"start":{"line":9,"column":43},"end":{"line":9,"column":60}},{"start":{"line":9,"column":63},"end":{"line":9,"column":67}}],"line":9},"1":{"loc":{"start":{"line":10,"column":23},"end":{"line":10,"column":65}},"type":"cond-expr","locations":[{"start":{"line":10,"column":43},"end":{"line":10,"column":58}},{"start":{"line":10,"column":61},"end":{"line":10,"column":65}}],"line":10},"2":{"loc":{"start":{"line":13,"column":8},"end":{"line":15,"column":9}},"type":"if","locations":[{"start":{"line":13,"column":8},"end":{"line":15,"column":9}},{"start":{"line":13,"column":8},"end":{"line":15,"column":9}}],"line":13},"3":{"loc":{"start":{"line":17,"column":8},"end":{"line":19,"column":9}},"type":"if","locations":[{"start":{"line":17,"column":8},"end":{"line":19,"column":9}},{"start":{"line":17,"column":8},"end":{"line":19,"column":9}}],"line":17},"4":{"loc":{"start":{"line":23,"column":8},"end":{"line":25,"column":9}},"type":"if","locations":[{"start":{"line":23,"column":8},"end":{"line":25,"column":9}},{"start":{"line":23,"column":8},"end":{"line":25,"column":9}}],"line":23},"5":{"loc":{"start":{"line":27,"column":8},"end":{"line":29,"column":9}},"type":"if","locations":[{"start":{"line":27,"column":8},"end":{"line":29,"column":9}},{"start":{"line":27,"column":8},"end":{"line":29,"column":9}}],"line":27},"6":{"loc":{"start":{"line":32,"column":4},"end":{"line":36,"column":5}},"type":"if","locations":[{"start":{"line":32,"column":4},"end":{"line":36,"column":5}},{"start":{"line":32,"column":4},"end":{"line":36,"column":5}}],"line":32}},"s":{"0":28,"1":28,"2":28,"3":28,"4":22,"5":22,"6":22,"7":17,"8":28,"9":0,"10":0,"11":0,"12":0,"13":28,"14":0,"15":28},"f":{"0":28,"1":22,"2":0},"b":{"0":[23,5],"1":[23,5],"2":[22,0],"3":[17,5],"4":[0,0],"5":[0,0],"6":[0,28]},"_coverageSchema":"43e27e138ebf9cfc5966b082cf9a028302ed4184","hash":"394913419882b14efcd7987bb80308c336cfe548"}
,"C:\\Users\\Tsani\\Desktop\\JS-WEB\\Social-Media-Project\\social-media-iwi-app\\client\\iwi-app\\src\\utils\\isImage.js": {"path":"C:\\Users\\Tsani\\Desktop\\JS-WEB\\Social-Media-Project\\social-media-iwi-app\\client\\iwi-app\\src\\utils\\isImage.js","statementMap":{"0":{"start":{"line":3,"column":4},"end":{"line":9,"column":5}},"1":{"start":{"line":6,"column":12},"end":{"line":6,"column":24}},"2":{"start":{"line":8,"column":12},"end":{"line":8,"column":25}}},"fnMap":{"0":{"name":"isImage","decl":{"start":{"line":2,"column":24},"end":{"line":2,"column":31}},"loc":{"start":{"line":2,"column":38},"end":{"line":10,"column":1}},"line":2}},"branchMap":{"0":{"loc":{"start":{"line":3,"column":4},"end":{"line":9,"column":5}},"type":"switch","locations":[{"start":{"line":4,"column":8},"end":{"line":4,"column":26}},{"start":{"line":5,"column":8},"end":{"line":6,"column":24}},{"start":{"line":7,"column":8},"end":{"line":8,"column":25}}],"line":3}},"s":{"0":2,"1":1,"2":1},"f":{"0":2},"b":{"0":[1,1,1]},"_coverageSchema":"43e27e138ebf9cfc5966b082cf9a028302ed4184","hash":"b868b6a5b4ae43181592f12f24a64e369432749c"}
}
