TN:
SF:C:\Users\Tsani\Desktop\JS-WEB\Social-Media-Project\social-media-iwi-app\client\iwi-app\src\components\App\common\Footer\Footer.jsx
FN:3,Footer
FNF:1
FNH:1
FNDA:2,Footer
DA:4,2
LF:1
LH:1
BRF:0
BRH:0
end_of_record
TN:
SF:C:\Users\Tsani\Desktop\JS-WEB\Social-Media-Project\social-media-iwi-app\client\iwi-app\src\components\App\common\Header\Header.jsx
FN:6,Header
FNF:1
FNH:1
FNDA:3,Header
DA:7,3
DA:28,1
LF:2
LH:2
BRDA:13,0,0,3
BRDA:13,0,1,0
BRF:2
BRH:1
end_of_record
TN:
SF:C:\Users\Tsani\Desktop\JS-WEB\Social-Media-Project\social-media-iwi-app\client\iwi-app\src\components\App\common\Header\Nav.jsx
FN:11,Nav
FN:18,(anonymous_1)
FNF:2
FNH:2
FNDA:8,Nav
FNDA:2,(anonymous_1)
DA:12,8
DA:14,8
DA:19,2
DA:20,1
DA:22,1
DA:25,2
DA:53,2
LF:7
LH:7
BRDA:19,0,0,1
BRDA:19,0,1,1
BRDA:26,1,0,1
BRDA:26,1,1,1
BRF:4
BRH:4
end_of_record
TN:
SF:C:\Users\Tsani\Desktop\JS-WEB\Social-Media-Project\social-media-iwi-app\client\iwi-app\src\components\ChatComponents\Message.jsx
FN:6,Message
FNF:1
FNH:1
FNDA:4,Message
DA:7,4
DA:18,3
LF:2
LH:2
BRDA:8,0,0,4
BRDA:8,0,1,0
BRDA:13,1,0,4
BRDA:13,1,1,0
BRF:4
BRH:2
end_of_record
TN:
SF:C:\Users\Tsani\Desktop\JS-WEB\Social-Media-Project\social-media-iwi-app\client\iwi-app\src\components\ChatComponents\Messages.jsx
FN:6,Messages
FN:12,(anonymous_1)
FNF:2
FNH:2
FNDA:5,Messages
FNDA:5,(anonymous_1)
DA:7,5
DA:13,5
DA:14,5
DA:16,5
DA:31,2
LF:5
LH:5
BRDA:13,0,0,5
BRDA:13,0,1,0
BRF:2
BRH:1
end_of_record
TN:
SF:C:\Users\Tsani\Desktop\JS-WEB\Social-Media-Project\social-media-iwi-app\client\iwi-app\src\components\ChatComponents\OnlineUsers.jsx
FN:5,OnlineUsers
FN:15,(anonymous_1)
FNF:2
FNH:2
FNDA:7,OnlineUsers
FNDA:6,(anonymous_1)
DA:8,7
DA:10,7
DA:16,6
DA:31,1
LF:4
LH:4
BRDA:14,0,0,6
BRDA:14,0,1,1
BRDA:14,1,0,7
BRDA:14,1,1,7
BRF:4
BRH:4
end_of_record
TN:
SF:C:\Users\Tsani\Desktop\JS-WEB\Social-Media-Project\social-media-iwi-app\client\iwi-app\src\components\ChatComponents\Room.jsx
FN:7,Room
FN:8,(anonymous_1)
FN:9,(anonymous_2)
FNF:3
FNH:1
FNDA:7,Room
FNDA:0,(anonymous_1)
FNDA:0,(anonymous_2)
DA:8,7
DA:9,0
DA:10,0
DA:14,7
DA:39,1
LF:5
LH:3
BRF:0
BRH:0
end_of_record
TN:
SF:C:\Users\Tsani\Desktop\JS-WEB\Social-Media-Project\social-media-iwi-app\client\iwi-app\src\components\ChatComponents\UserChatCard.jsx
FN:5,UserChatCard
FNF:1
FNH:1
FNDA:5,UserChatCard
DA:6,5
DA:16,4
LF:2
LH:2
BRDA:7,0,0,5
BRDA:7,0,1,0
BRF:2
BRH:1
end_of_record
TN:
SF:C:\Users\Tsani\Desktop\JS-WEB\Social-Media-Project\social-media-iwi-app\client\iwi-app\src\components\CommentComponents\Comment.jsx
FN:10,Comment
FN:27,(anonymous_1)
FN:28,(anonymous_2)
FN:29,(anonymous_3)
FN:34,(anonymous_4)
FN:35,(anonymous_5)
FN:36,(anonymous_6)
FN:40,(anonymous_7)
FN:43,(anonymous_8)
FN:44,(anonymous_9)
FN:45,(anonymous_10)
FN:49,(anonymous_11)
FN:50,(anonymous_12)
FN:55,(anonymous_13)
FN:56,(anonymous_14)
FN:59,(anonymous_15)
FN:60,(anonymous_16)
FN:63,(anonymous_17)
FN:64,(anonymous_18)
FN:65,(anonymous_19)
FNF:20
FNH:17
FNDA:18,Comment
FNDA:6,(anonymous_1)
FNDA:0,(anonymous_2)
FNDA:0,(anonymous_3)
FNDA:1,(anonymous_4)
FNDA:1,(anonymous_5)
FNDA:1,(anonymous_6)
FNDA:1,(anonymous_7)
FNDA:1,(anonymous_8)
FNDA:1,(anonymous_9)
FNDA:1,(anonymous_10)
FNDA:1,(anonymous_11)
FNDA:0,(anonymous_12)
FNDA:2,(anonymous_13)
FNDA:2,(anonymous_14)
FNDA:1,(anonymous_15)
FNDA:1,(anonymous_16)
FNDA:1,(anonymous_17)
FNDA:1,(anonymous_18)
FNDA:1,(anonymous_19)
DA:11,18
DA:14,18
DA:16,18
DA:18,18
DA:20,18
DA:21,18
DA:23,18
DA:27,18
DA:28,6
DA:29,0
DA:34,18
DA:35,1
DA:36,1
DA:37,1
DA:40,1
DA:43,18
DA:44,1
DA:45,1
DA:46,1
DA:49,1
DA:50,1
DA:51,1
DA:55,18
DA:56,2
DA:59,18
DA:60,1
DA:63,18
DA:64,1
DA:65,1
DA:69,18
DA:108,2
LF:31
LH:30
BRDA:91,0,0,2
BRDA:91,0,1,16
BRDA:102,1,0,1
BRDA:102,1,1,17
BRF:4
BRH:4
end_of_record
TN:
SF:C:\Users\Tsani\Desktop\JS-WEB\Social-Media-Project\social-media-iwi-app\client\iwi-app\src\components\CommentComponents\CommentContainer.jsx
FN:6,CommentContainer
FNF:1
FNH:1
FNDA:17,CommentContainer
DA:7,17
DA:28,3
LF:2
LH:2
BRDA:13,0,0,15
BRDA:13,0,1,2
BRDA:19,1,0,17
BRDA:19,1,1,0
BRDA:19,2,0,17
BRDA:19,2,1,0
BRF:6
BRH:4
end_of_record
TN:
SF:C:\Users\Tsani\Desktop\JS-WEB\Social-Media-Project\social-media-iwi-app\client\iwi-app\src\components\CommentComponents\CommentMeta.jsx
FN:5,CommentMeta
FNF:1
FNH:1
FNDA:16,CommentMeta
DA:6,16
DA:14,3
LF:2
LH:2
BRF:0
BRH:0
end_of_record
TN:
SF:C:\Users\Tsani\Desktop\JS-WEB\Social-Media-Project\social-media-iwi-app\client\iwi-app\src\components\CommentComponents\CommentsList.jsx
FN:6,CommentsList
FN:13,(anonymous_1)
FNF:2
FNH:0
FNDA:0,CommentsList
FNDA:0,(anonymous_1)
DA:7,0
DA:13,0
DA:33,1
LF:3
LH:1
BRDA:12,0,0,0
BRDA:12,0,1,0
BRF:2
BRH:0
end_of_record
TN:
SF:C:\Users\Tsani\Desktop\JS-WEB\Social-Media-Project\social-media-iwi-app\client\iwi-app\src\components\DiscoverComponents\UserCard.jsx
FN:5,UserCard
FNF:1
FNH:1
FNDA:7,UserCard
DA:6,7
DA:8,7
DA:21,5
LF:3
LH:3
BRF:0
BRH:0
end_of_record
TN:
SF:C:\Users\Tsani\Desktop\JS-WEB\Social-Media-Project\social-media-iwi-app\client\iwi-app\src\components\Dropdown\Dropdown.css
FNF:0
FNH:0
DA:1,3
DA:3,3
DA:4,3
LF:3
LH:3
BRF:0
BRH:0
end_of_record
TN:
SF:C:\Users\Tsani\Desktop\JS-WEB\Social-Media-Project\social-media-iwi-app\client\iwi-app\src\components\Dropdown\Dropdown.jsx
FN:8,Dropdown
FN:14,(anonymous_1)
FNF:2
FNH:2
FNDA:6,Dropdown
FNDA:6,(anonymous_1)
DA:9,6
DA:14,6
DA:21,3
LF:3
LH:3
BRF:0
BRH:0
end_of_record
TN:
SF:C:\Users\Tsani\Desktop\JS-WEB\Social-Media-Project\social-media-iwi-app\client\iwi-app\src\components\Forms\CommentForm.jsx
FN:6,CommentForm
FN:7,(anonymous_1)
FNF:2
FNH:2
FNDA:13,CommentForm
FNDA:2,(anonymous_1)
DA:7,13
DA:10,2
DA:11,1
DA:16,1
DA:20,13
DA:34,2
LF:6
LH:6
BRDA:10,0,0,1
BRDA:10,0,1,1
BRDA:10,1,0,2
BRDA:10,1,1,2
BRDA:26,2,0,13
BRDA:26,2,1,11
BRDA:29,3,0,13
BRDA:29,3,1,13
BRF:8
BRH:8
end_of_record
TN:
SF:C:\Users\Tsani\Desktop\JS-WEB\Social-Media-Project\social-media-iwi-app\client\iwi-app\src\components\Forms\EditFeedForm.jsx
FN:5,EditFeedForm
FN:6,(anonymous_1)
FNF:2
FNH:2
FNDA:11,EditFeedForm
FNDA:1,(anonymous_1)
DA:6,11
DA:7,1
DA:8,1
DA:11,11
DA:26,1
LF:5
LH:5
BRDA:17,0,0,11
BRDA:17,0,1,10
BRF:2
BRH:2
end_of_record
TN:
SF:C:\Users\Tsani\Desktop\JS-WEB\Social-Media-Project\social-media-iwi-app\client\iwi-app\src\components\Forms\EditProfilePicForm.jsx
FN:13,(anonymous_0)
FN:22,(anonymous_1)
FN:32,(anonymous_2)
FN:43,(anonymous_3)
FNF:4
FNH:3
FNDA:1,(anonymous_0)
FNDA:0,(anonymous_1)
FNDA:1,(anonymous_2)
FNDA:22,(anonymous_3)
DA:6,1
DA:9,11
DA:13,11
DA:14,1
DA:16,1
DA:17,1
DA:18,1
DA:20,1
DA:22,1
DA:23,0
DA:28,1
DA:32,11
DA:33,1
DA:35,1
DA:37,1
DA:44,22
DA:60,1
LF:17
LH:16
BRDA:16,0,0,1
BRDA:16,0,1,0
BRDA:16,1,0,1
BRDA:16,1,1,1
BRDA:47,2,0,22
BRDA:47,2,1,22
BRF:6
BRH:5
end_of_record
TN:
SF:C:\Users\Tsani\Desktop\JS-WEB\Social-Media-Project\social-media-iwi-app\client\iwi-app\src\components\Forms\EditUserInfoForm.jsx
FN:25,FormikEditForm
FN:63,EditUserInfoForm
FN:64,(anonymous_2)
FNF:3
FNH:3
FNDA:7,FormikEditForm
FNDA:7,EditUserInfoForm
FNDA:1,(anonymous_2)
DA:8,1
DA:16,1
DA:26,7
DA:64,7
DA:65,1
DA:67,1
DA:73,7
DA:84,1
LF:8
LH:8
BRF:0
BRH:0
end_of_record
TN:
SF:C:\Users\Tsani\Desktop\JS-WEB\Social-Media-Project\social-media-iwi-app\client\iwi-app\src\components\Forms\MessageForm.jsx
FN:4,MessageForm
FNF:1
FNH:1
FNDA:11,MessageForm
DA:5,11
DA:24,2
LF:2
LH:2
BRF:0
BRH:0
end_of_record
TN:
SF:C:\Users\Tsani\Desktop\JS-WEB\Social-Media-Project\social-media-iwi-app\client\iwi-app\src\components\Forms\PostForm.jsx
FN:15,(anonymous_0)
FN:34,(anonymous_1)
FN:35,(anonymous_2)
FN:48,(anonymous_3)
FN:68,(anonymous_4)
FN:73,(anonymous_5)
FNF:6
FNH:3
FNDA:4,(anonymous_0)
FNDA:0,(anonymous_1)
FNDA:0,(anonymous_2)
FNDA:2,(anonymous_3)
FNDA:0,(anonymous_4)
FNDA:43,(anonymous_5)
DA:7,2
DA:10,19
DA:15,19
DA:16,4
DA:18,4
DA:20,4
DA:21,2
DA:22,2
DA:24,2
DA:25,1
DA:29,1
DA:32,1
DA:34,1
DA:35,0
DA:40,1
DA:43,3
DA:48,19
DA:49,2
DA:52,2
DA:54,1
DA:59,1
DA:60,1
DA:64,2
DA:65,2
DA:68,19
DA:69,0
DA:70,0
DA:74,43
DA:76,43
DA:111,2
LF:30
LH:27
BRDA:20,0,0,2
BRDA:20,0,1,2
BRDA:20,1,0,4
BRDA:20,1,1,2
BRDA:24,2,0,1
BRDA:24,2,1,1
BRDA:52,3,0,1
BRDA:52,3,1,1
BRDA:52,4,0,2
BRDA:52,4,1,1
BRDA:96,5,0,43
BRDA:96,5,1,43
BRDA:96,5,2,41
BRF:13
BRH:13
end_of_record
TN:
SF:C:\Users\Tsani\Desktop\JS-WEB\Social-Media-Project\social-media-iwi-app\client\iwi-app\src\components\Forms\SearchForm.jsx
FN:5,SearchForm
FN:6,(anonymous_1)
FNF:2
FNH:2
FNDA:9,SearchForm
FNDA:1,(anonymous_1)
DA:6,9
DA:7,1
DA:10,9
DA:23,1
LF:4
LH:4
BRDA:16,0,0,9
BRDA:16,0,1,8
BRF:2
BRH:2
end_of_record
TN:
SF:C:\Users\Tsani\Desktop\JS-WEB\Social-Media-Project\social-media-iwi-app\client\iwi-app\src\components\Modals\DeleteModal.jsx
FN:4,DeleteModal
FN:13,(anonymous_1)
FNF:2
FNH:2
FNDA:10,DeleteModal
FNDA:1,(anonymous_1)
DA:5,10
DA:13,1
DA:21,3
LF:3
LH:3
BRDA:12,0,0,8
BRDA:12,0,1,2
BRF:2
BRH:2
end_of_record
TN:
SF:C:\Users\Tsani\Desktop\JS-WEB\Social-Media-Project\social-media-iwi-app\client\iwi-app\src\components\Modals\Modal.jsx
FN:5,Modal
FN:19,(anonymous_1)
FNF:2
FNH:2
FNDA:12,Modal
FNDA:10,(anonymous_1)
DA:6,12
DA:19,10
DA:32,3
LF:3
LH:3
BRDA:18,0,0,10
BRDA:18,0,1,2
BRF:2
BRH:2
end_of_record
TN:
SF:C:\Users\Tsani\Desktop\JS-WEB\Social-Media-Project\social-media-iwi-app\client\iwi-app\src\components\PostComponents\CreatePostForm.jsx
FN:6,CreatePostForm
FNF:1
FNH:1
FNDA:5,CreatePostForm
DA:7,5
DA:17,1
LF:2
LH:2
BRF:0
BRH:0
end_of_record
TN:
SF:C:\Users\Tsani\Desktop\JS-WEB\Social-Media-Project\social-media-iwi-app\client\iwi-app\src\components\PostComponents\PostBtnsBar.jsx
FN:6,PostBtnsBar
FNF:1
FNH:1
FNDA:3,PostBtnsBar
DA:7,3
DA:42,1
LF:2
LH:2
BRDA:11,0,0,3
BRDA:11,0,1,0
BRDA:15,1,0,0
BRDA:15,1,1,3
BRDA:21,2,0,3
BRDA:21,2,1,0
BRDA:30,3,0,0
BRDA:30,3,1,0
BRF:8
BRH:3
end_of_record
TN:
SF:C:\Users\Tsani\Desktop\JS-WEB\Social-Media-Project\social-media-iwi-app\client\iwi-app\src\components\PostComponents\PostMeta.jsx
FN:5,PostMeta
FNF:1
FNH:1
FNDA:5,PostMeta
DA:6,5
DA:31,1
LF:2
LH:2
BRDA:14,0,0,5
BRDA:14,0,1,0
BRF:2
BRH:1
end_of_record
TN:
SF:C:\Users\Tsani\Desktop\JS-WEB\Social-Media-Project\social-media-iwi-app\client\iwi-app\src\components\PostComponents\UploadedImagePreview.jsx
FN:4,UploadedImagePreview
FNF:1
FNH:1
FNDA:6,UploadedImagePreview
DA:5,6
DA:17,3
LF:2
LH:2
BRDA:8,0,0,4
BRDA:8,0,1,2
BRF:2
BRH:2
end_of_record
TN:
SF:C:\Users\Tsani\Desktop\JS-WEB\Social-Media-Project\social-media-iwi-app\client\iwi-app\src\components\UserInfoComponents\UserDataLink.jsx
FN:6,UserDataLink
FNF:1
FNH:1
FNDA:12,UserDataLink
DA:7,12
DA:9,12
DA:17,3
LF:3
LH:3
BRF:0
BRH:0
end_of_record
TN:
SF:C:\Users\Tsani\Desktop\JS-WEB\Social-Media-Project\social-media-iwi-app\client\iwi-app\src\config\config.js
FNF:0
FNH:0
DA:1,17
DA:2,17
DA:4,17
LF:3
LH:3
BRF:0
BRH:0
end_of_record
TN:
SF:C:\Users\Tsani\Desktop\JS-WEB\Social-Media-Project\social-media-iwi-app\client\iwi-app\src\hooks\useForms.js
FN:3,useForms
FN:7,(anonymous_1)
FN:14,(anonymous_2)
FN:18,(anonymous_3)
FN:21,(anonymous_4)
FNF:5
FNH:5
FNDA:33,useForms
FNDA:4,(anonymous_1)
FNDA:4,(anonymous_2)
FNDA:4,(anonymous_3)
FNDA:4,(anonymous_4)
DA:5,33
DA:7,33
DA:8,4
DA:10,4
DA:13,4
DA:14,4
DA:18,33
DA:19,4
DA:21,4
DA:24,33
LF:10
LH:10
BRDA:13,0,0,4
BRDA:13,0,1,0
BRDA:13,1,0,4
BRDA:13,1,1,4
BRF:4
BRH:3
end_of_record
TN:
SF:C:\Users\Tsani\Desktop\JS-WEB\Social-Media-Project\social-media-iwi-app\client\iwi-app\src\services\authService.js
FN:7,registerUser
FN:8,(anonymous_1)
FN:9,(anonymous_2)
FN:27,loginUser
FN:28,(anonymous_4)
FN:29,(anonymous_5)
FN:40,(anonymous_6)
FN:57,setCurrentUser
FN:58,(anonymous_8)
FN:66,(anonymous_9)
FNF:10
FNH:8
FNDA:1,registerUser
FNDA:1,(anonymous_1)
FNDA:0,(anonymous_2)
FNDA:1,loginUser
FNDA:1,(anonymous_4)
FNDA:0,(anonymous_5)
FNDA:1,(anonymous_6)
FNDA:1,setCurrentUser
FNDA:1,(anonymous_8)
FNDA:1,(anonymous_9)
DA:8,1
DA:9,1
DA:10,0
DA:13,1
DA:23,1
DA:28,1
DA:29,1
DA:30,0
DA:33,1
DA:41,1
DA:44,1
DA:45,1
DA:46,1
DA:47,1
DA:48,1
DA:53,1
DA:58,1
DA:59,1
DA:67,1
DA:71,1
LF:20
LH:18
BRF:0
BRH:0
end_of_record
TN:
SF:C:\Users\Tsani\Desktop\JS-WEB\Social-Media-Project\social-media-iwi-app\client\iwi-app\src\services\chatService.js
FN:1,getRoomMessages
FN:4,(anonymous_1)
FN:5,(anonymous_2)
FN:12,getOnlineUsers
FN:15,(anonymous_4)
FN:16,(anonymous_5)
FN:22,joinSenderRoom
FN:25,(anonymous_7)
FN:26,(anonymous_8)
FNF:9
FNH:2
FNDA:1,getRoomMessages
FNDA:1,(anonymous_1)
FNDA:0,(anonymous_2)
FNDA:0,getOnlineUsers
FNDA:0,(anonymous_4)
FNDA:0,(anonymous_5)
FNDA:0,joinSenderRoom
FNDA:0,(anonymous_7)
FNDA:0,(anonymous_8)
DA:2,1
DA:4,1
DA:5,1
DA:6,0
DA:7,0
DA:13,0
DA:15,0
DA:16,0
DA:17,0
DA:23,0
DA:25,0
DA:26,0
DA:27,0
LF:13
LH:3
BRF:0
BRH:0
end_of_record
TN:
SF:C:\Users\Tsani\Desktop\JS-WEB\Social-Media-Project\social-media-iwi-app\client\iwi-app\src\services\commentsService.js
FN:7,fetchCommentsLikes
FN:15,(anonymous_1)
FN:23,makeComment
FN:24,(anonymous_3)
FN:36,(anonymous_4)
FN:46,likeComment
FN:47,(anonymous_6)
FN:62,dislikeComment
FN:63,(anonymous_8)
FN:77,deleteComment
FN:78,(anonymous_10)
FN:88,(anonymous_11)
FNF:12
FNH:11
FNDA:6,fetchCommentsLikes
FNDA:0,(anonymous_1)
FNDA:1,makeComment
FNDA:1,(anonymous_3)
FNDA:1,(anonymous_4)
FNDA:1,likeComment
FNDA:1,(anonymous_6)
FNDA:1,dislikeComment
FNDA:1,(anonymous_8)
FNDA:1,deleteComment
FNDA:1,(anonymous_10)
FNDA:1,(anonymous_11)
DA:8,6
DA:16,0
DA:20,6
DA:24,1
DA:25,1
DA:28,1
DA:37,1
DA:38,1
DA:42,1
DA:47,1
DA:48,1
DA:57,1
DA:63,1
DA:64,1
DA:73,1
DA:78,1
DA:79,1
DA:81,1
DA:89,1
DA:90,1
DA:94,1
LF:21
LH:20
BRF:0
BRH:0
end_of_record
TN:
SF:C:\Users\Tsani\Desktop\JS-WEB\Social-Media-Project\social-media-iwi-app\client\iwi-app\src\services\postsService.js
FN:8,uploadPost
FN:9,(anonymous_1)
FN:18,(anonymous_2)
FN:27,getUserPosts
FN:28,(anonymous_4)
FN:38,(anonymous_5)
FN:47,getAllSubsPosts
FN:48,(anonymous_7)
FN:58,(anonymous_8)
FN:67,searchPosts
FN:68,(anonymous_10)
FN:77,(anonymous_11)
FN:86,likePost
FN:87,(anonymous_13)
FN:101,dislikePost
FN:102,(anonymous_15)
FN:116,deletePost
FN:117,(anonymous_17)
FN:127,(anonymous_18)
FN:136,editPost
FN:137,(anonymous_20)
FN:148,(anonymous_21)
FNF:22
FNH:22
FNDA:1,uploadPost
FNDA:1,(anonymous_1)
FNDA:1,(anonymous_2)
FNDA:1,getUserPosts
FNDA:1,(anonymous_4)
FNDA:1,(anonymous_5)
FNDA:1,getAllSubsPosts
FNDA:1,(anonymous_7)
FNDA:1,(anonymous_8)
FNDA:1,searchPosts
FNDA:1,(anonymous_10)
FNDA:1,(anonymous_11)
FNDA:1,likePost
FNDA:1,(anonymous_13)
FNDA:1,dislikePost
FNDA:1,(anonymous_15)
FNDA:1,deletePost
FNDA:1,(anonymous_17)
FNDA:1,(anonymous_18)
FNDA:1,editPost
FNDA:1,(anonymous_20)
FNDA:1,(anonymous_21)
DA:9,1
DA:10,1
DA:11,1
DA:19,1
DA:23,1
DA:28,1
DA:29,1
DA:31,1
DA:39,1
DA:43,1
DA:48,1
DA:49,1
DA:51,1
DA:59,1
DA:63,1
DA:68,1
DA:69,1
DA:70,1
DA:78,1
DA:82,1
DA:87,1
DA:88,1
DA:97,1
DA:102,1
DA:103,1
DA:112,1
DA:117,1
DA:118,1
DA:120,1
DA:128,1
DA:132,1
DA:137,1
DA:138,1
DA:140,1
DA:149,1
DA:153,1
LF:36
LH:36
BRF:0
BRH:0
end_of_record
TN:
SF:C:\Users\Tsani\Desktop\JS-WEB\Social-Media-Project\social-media-iwi-app\client\iwi-app\src\services\usersService.js
FN:10,searchUser
FN:11,(anonymous_1)
FN:21,(anonymous_2)
FN:30,getUser
FN:31,(anonymous_4)
FN:41,(anonymous_5)
FN:51,followUser
FN:52,(anonymous_7)
FN:62,(anonymous_8)
FN:72,unfollowUser
FN:73,(anonymous_10)
FN:83,(anonymous_11)
FN:93,editUserInfo
FN:94,(anonymous_13)
FN:105,(anonymous_14)
FN:116,changeUserPic
FN:117,(anonymous_16)
FN:127,(anonymous_17)
FN:137,changePassword
FN:138,(anonymous_19)
FN:149,(anonymous_20)
FN:151,(anonymous_21)
FNF:22
FNH:21
FNDA:1,searchUser
FNDA:1,(anonymous_1)
FNDA:1,(anonymous_2)
FNDA:1,getUser
FNDA:1,(anonymous_4)
FNDA:1,(anonymous_5)
FNDA:1,followUser
FNDA:1,(anonymous_7)
FNDA:1,(anonymous_8)
FNDA:1,unfollowUser
FNDA:1,(anonymous_10)
FNDA:1,(anonymous_11)
FNDA:1,editUserInfo
FNDA:1,(anonymous_13)
FNDA:1,(anonymous_14)
FNDA:1,changeUserPic
FNDA:1,(anonymous_16)
FNDA:1,(anonymous_17)
FNDA:1,changePassword
FNDA:1,(anonymous_19)
FNDA:1,(anonymous_20)
FNDA:0,(anonymous_21)
DA:11,1
DA:12,1
DA:14,1
DA:22,1
DA:26,1
DA:31,1
DA:32,1
DA:34,1
DA:42,1
DA:43,1
DA:47,1
DA:52,1
DA:53,1
DA:55,1
DA:63,1
DA:64,1
DA:68,1
DA:73,1
DA:74,1
DA:76,1
DA:84,1
DA:85,1
DA:89,1
DA:94,1
DA:95,1
DA:97,1
DA:106,1
DA:107,1
DA:108,1
DA:112,1
DA:117,1
DA:118,1
DA:120,1
DA:128,1
DA:129,1
DA:133,1
DA:138,1
DA:139,1
DA:141,1
DA:152,0
DA:153,0
DA:157,1
LF:42
LH:40
BRF:0
BRH:0
end_of_record
TN:
SF:C:\Users\Tsani\Desktop\JS-WEB\Social-Media-Project\social-media-iwi-app\client\iwi-app\src\store\actions\authActions\actionTypes.js
FNF:0
FNH:0
DA:1,3
DA:2,3
DA:3,3
DA:4,3
DA:5,3
DA:6,3
LF:6
LH:6
BRF:0
BRH:0
end_of_record
TN:
SF:C:\Users\Tsani\Desktop\JS-WEB\Social-Media-Project\social-media-iwi-app\client\iwi-app\src\store\actions\authActions\actionsCreator.js
FN:3,loginUser
FN:10,setCurrentUser
FN:17,followUser
FN:24,editUserInfo
FN:31,unfollowUser
FN:38,logout
FNF:6
FNH:6
FNDA:2,loginUser
FNDA:1,setCurrentUser
FNDA:3,followUser
FNDA:2,editUserInfo
FNDA:2,unfollowUser
FNDA:1,logout
DA:4,2
DA:11,1
DA:18,3
DA:25,2
DA:32,2
DA:39,1
LF:6
LH:6
BRF:0
BRH:0
end_of_record
TN:
SF:C:\Users\Tsani\Desktop\JS-WEB\Social-Media-Project\social-media-iwi-app\client\iwi-app\src\store\actions\errorsActions\actionTypes.js
FNF:0
FNH:0
DA:1,3
DA:2,3
LF:2
LH:2
BRF:0
BRH:0
end_of_record
TN:
SF:C:\Users\Tsani\Desktop\JS-WEB\Social-Media-Project\social-media-iwi-app\client\iwi-app\src\store\actions\errorsActions\actionsCreator.js
FN:3,fetchError
FN:10,resetErrors
FNF:2
FNH:2
FNDA:1,fetchError
FNDA:1,resetErrors
DA:4,1
DA:11,1
LF:2
LH:2
BRF:0
BRH:0
end_of_record
TN:
SF:C:\Users\Tsani\Desktop\JS-WEB\Social-Media-Project\social-media-iwi-app\client\iwi-app\src\store\actions\fetchStatusActions\actionTypes.js
FNF:0
FNH:0
DA:1,7
DA:2,7
DA:3,7
LF:3
LH:3
BRF:0
BRH:0
end_of_record
TN:
SF:C:\Users\Tsani\Desktop\JS-WEB\Social-Media-Project\social-media-iwi-app\client\iwi-app\src\store\actions\fetchStatusActions\actionsCreator.js
FN:3,beginFetch
FN:9,fetchData
FN:15,errorFetch
FNF:3
FNH:3
FNDA:16,beginFetch
FNDA:23,fetchData
FNDA:1,errorFetch
DA:4,16
DA:10,23
DA:16,1
LF:3
LH:3
BRF:0
BRH:0
end_of_record
TN:
SF:C:\Users\Tsani\Desktop\JS-WEB\Social-Media-Project\social-media-iwi-app\client\iwi-app\src\store\actions\postsAtions\actionTypes.js
FNF:0
FNH:0
DA:1,6
DA:2,6
DA:3,6
DA:4,6
DA:5,6
DA:6,6
DA:7,6
DA:8,6
DA:9,6
DA:10,6
DA:11,6
DA:12,6
DA:13,6
LF:13
LH:13
BRF:0
BRH:0
end_of_record
TN:
SF:C:\Users\Tsani\Desktop\JS-WEB\Social-Media-Project\social-media-iwi-app\client\iwi-app\src\store\actions\postsAtions\actionsCreator.js
FN:3,makePost
FN:10,searchPosts
FN:17,setUserPosts
FN:24,deletePost
FN:31,deleteFoundPostComment
FN:38,deleteComment
FN:45,editPost
FN:52,getSubsPosts
FN:59,resetPosts
FN:65,editUserInfo
FN:72,getAllUsersPosts
FN:79,commentPost
FN:86,commentFoundPost
FNF:13
FNH:12
FNDA:1,makePost
FNDA:1,searchPosts
FNDA:1,setUserPosts
FNDA:1,deletePost
FNDA:1,deleteFoundPostComment
FNDA:1,deleteComment
FNDA:1,editPost
FNDA:1,getSubsPosts
FNDA:0,resetPosts
FNDA:2,editUserInfo
FNDA:1,getAllUsersPosts
FNDA:1,commentPost
FNDA:1,commentFoundPost
DA:4,1
DA:11,1
DA:18,1
DA:25,1
DA:32,1
DA:39,1
DA:46,1
DA:53,1
DA:60,0
DA:66,2
DA:73,1
DA:80,1
DA:87,1
LF:13
LH:12
BRF:0
BRH:0
end_of_record
TN:
SF:C:\Users\Tsani\Desktop\JS-WEB\Social-Media-Project\social-media-iwi-app\client\iwi-app\src\store\actions\usersActions\actionTypes.js
FNF:0
FNH:0
DA:1,1
DA:2,1
DA:3,1
DA:4,1
LF:4
LH:4
BRF:0
BRH:0
end_of_record
TN:
SF:C:\Users\Tsani\Desktop\JS-WEB\Social-Media-Project\social-media-iwi-app\client\iwi-app\src\store\actions\usersActions\actionsCreator.js
FN:3,followUser
FN:10,searchUser
FN:17,unfollowUser
FN:24,getUserData
FNF:4
FNH:4
FNDA:1,followUser
FNDA:1,searchUser
FNDA:1,unfollowUser
FNDA:1,getUserData
DA:4,1
DA:11,1
DA:18,1
DA:25,1
LF:4
LH:4
BRF:0
BRH:0
end_of_record
TN:
SF:C:\Users\Tsani\Desktop\JS-WEB\Social-Media-Project\social-media-iwi-app\client\iwi-app\src\store\reducers\postsReducer\postsReducer.js
FN:10,updatePost
FN:11,(anonymous_1)
FN:20,deletePost
FN:21,(anonymous_3)
FN:26,getAllPosts
FN:31,(anonymous_5)
FN:45,posts
FN:60,(anonymous_7)
FNF:8
FNH:8
FNDA:6,updatePost
FNDA:1,(anonymous_1)
FNDA:2,deletePost
FNDA:1,(anonymous_3)
FNDA:4,getAllPosts
FNDA:2,(anonymous_5)
FNDA:13,posts
FNDA:1,(anonymous_7)
DA:4,1
DA:11,6
DA:13,6
DA:14,1
DA:17,5
DA:21,2
DA:23,2
DA:27,4
DA:28,4
DA:30,4
DA:31,2
DA:32,2
DA:35,2
DA:36,1
DA:38,1
DA:42,4
DA:46,13
DA:50,3
DA:52,1
DA:54,1
DA:56,1
DA:58,1
DA:60,1
DA:62,1
DA:64,1
DA:66,1
DA:68,1
DA:70,1
LF:28
LH:28
BRDA:11,0,0,1
BRDA:11,0,1,0
BRDA:13,1,0,1
BRDA:13,1,1,5
BRDA:21,2,0,1
BRDA:21,2,1,0
BRDA:35,3,0,1
BRDA:35,3,1,1
BRDA:45,4,0,1
BRDA:46,5,0,1
BRDA:46,5,1,2
BRDA:46,5,2,3
BRDA:46,5,3,1
BRDA:46,5,4,1
BRDA:46,5,5,1
BRDA:46,5,6,1
BRDA:46,5,7,1
BRDA:46,5,8,1
BRDA:46,5,9,1
BRDA:46,5,10,1
BRDA:46,5,11,1
BRDA:46,5,12,1
BRF:22
BRH:20
end_of_record
TN:
SF:C:\Users\Tsani\Desktop\JS-WEB\Social-Media-Project\social-media-iwi-app\client\iwi-app\src\utils\axiosRequest.js
FN:3,axiosRequest
FNF:1
FNH:1
FNDA:28,axiosRequest
DA:4,28
DA:5,28
DA:6,0
DA:9,28
DA:16,22
DA:18,22
DA:21,0
DA:22,0
DA:23,0
DA:24,0
DA:27,0
LF:11
LH:5
BRDA:5,0,0,0
BRDA:5,0,1,28
BRDA:12,1,0,8
BRDA:12,1,1,20
BRDA:18,2,0,22
BRDA:18,2,1,0
BRDA:21,3,0,0
BRDA:21,3,1,0
BRDA:23,4,0,0
BRDA:23,4,1,0
BRF:10
BRH:4
end_of_record
TN:
SF:C:\Users\Tsani\Desktop\JS-WEB\Social-Media-Project\social-media-iwi-app\client\iwi-app\src\utils\calcTime.js
FN:1,calcTime
FN:14,pluralize
FNF:2
FNH:2
FNDA:16,calcTime
FNDA:16,pluralize
DA:2,16
DA:3,16
DA:4,16
DA:5,16
DA:6,16
DA:7,16
DA:8,16
DA:9,16
DA:10,16
DA:11,16
DA:12,16
DA:13,16
DA:15,16
DA:16,0
LF:14
LH:13
BRDA:4,0,0,0
BRDA:4,0,1,16
BRDA:5,1,0,0
BRDA:5,1,1,16
BRDA:7,2,0,0
BRDA:7,2,1,16
BRDA:9,3,0,0
BRDA:9,3,1,16
BRDA:11,4,0,0
BRDA:11,4,1,16
BRDA:15,5,0,16
BRDA:15,5,1,0
BRF:12
BRH:6
end_of_record
TN:
SF:C:\Users\Tsani\Desktop\JS-WEB\Social-Media-Project\social-media-iwi-app\client\iwi-app\src\utils\fetchRequest.js
FN:1,fetchRequest
FNF:1
FNH:0
FNDA:0,fetchRequest
DA:2,0
DA:3,0
DA:4,0
DA:8,0
DA:10,0
DA:16,0
DA:18,0
DA:19,0
DA:22,0
DA:24,0
DA:26,0
LF:11
LH:0
BRDA:3,0,0,0
BRDA:3,0,1,0
BRDA:8,1,0,0
BRDA:8,1,1,0
BRDA:18,2,0,0
BRDA:18,2,1,0
BRDA:18,3,0,0
BRDA:18,3,1,0
BRDA:19,4,0,0
BRDA:19,4,1,0
BRDA:22,5,0,0
BRDA:22,5,1,0
BRF:12
BRH:0
end_of_record
TN:
SF:C:\Users\Tsani\Desktop\JS-WEB\Social-Media-Project\social-media-iwi-app\client\iwi-app\src\utils\getFieldStyles.js
FN:3,getFieldStyles
FNF:1
FNH:1
FNDA:21,getFieldStyles
DA:4,21
DA:5,0
LF:2
LH:1
BRDA:4,0,0,0
BRDA:4,0,1,21
BRF:2
BRH:1
end_of_record
TN:
SF:C:\Users\Tsani\Desktop\JS-WEB\Social-Media-Project\social-media-iwi-app\client\iwi-app\src\utils\httpRequest.js
FN:5,httpRequest
FN:12,(anonymous_1)
FN:22,(anonymous_2)
FNF:3
FNH:2
FNDA:28,httpRequest
FNDA:22,(anonymous_1)
FNDA:0,(anonymous_2)
DA:8,28
DA:9,28
DA:10,28
DA:12,28
DA:13,22
DA:14,22
DA:17,22
DA:18,17
DA:22,28
DA:23,0
DA:24,0
DA:27,0
DA:28,0
DA:32,28
DA:33,0
DA:35,28
LF:16
LH:11
BRDA:9,0,0,23
BRDA:9,0,1,5
BRDA:10,1,0,23
BRDA:10,1,1,5
BRDA:13,2,0,22
BRDA:13,2,1,0
BRDA:17,3,0,17
BRDA:17,3,1,5
BRDA:23,4,0,0
BRDA:23,4,1,0
BRDA:27,5,0,0
BRDA:27,5,1,0
BRDA:32,6,0,0
BRDA:32,6,1,28
BRF:14
BRH:8
end_of_record
TN:
SF:C:\Users\Tsani\Desktop\JS-WEB\Social-Media-Project\social-media-iwi-app\client\iwi-app\src\utils\isImage.js
FN:2,isImage
FNF:1
FNH:1
FNDA:2,isImage
DA:3,2
DA:6,1
DA:8,1
LF:3
LH:3
BRDA:3,0,0,1
BRDA:3,0,1,1
BRDA:3,0,2,1
BRF:3
BRH:3
end_of_record
